{"/home/opentechdev/Work/vite-project/src/utils.ts": {"path":"/home/opentechdev/Work/vite-project/src/utils.ts","statementMap":{"0":{"start":{"line":1,"column":15},"end":{"line":1,"column":99}},"1":{"start":{"line":3,"column":19},"end":{"line":3,"column":141}},"2":{"start":{"line":14,"column":14},"end":{"line":14,"column":16}},"3":{"start":{"line":16,"column":4},"end":{"line":16,"column":null}},"4":{"start":{"line":18,"column":4},"end":{"line":18,"column":null}},"5":{"start":{"line":13,"column":0},"end":{"line":13,"column":16}},"6":{"start":{"line":25,"column":16},"end":{"line":25,"column":64}},"7":{"start":{"line":26,"column":4},"end":{"line":26,"column":null}},"8":{"start":{"line":28,"column":15},"end":{"line":28,"column":67}},"9":{"start":{"line":29,"column":21},"end":{"line":29,"column":35}},"10":{"start":{"line":30,"column":4},"end":{"line":30,"column":null}},"11":{"start":{"line":34,"column":14},"end":{"line":34,"column":16}},"12":{"start":{"line":36,"column":5},"end":{"line":39,"column":null}},"13":{"start":{"line":37,"column":8},"end":{"line":37,"column":null}},"14":{"start":{"line":38,"column":8},"end":{"line":38,"column":null}},"15":{"start":{"line":41,"column":4},"end":{"line":41,"column":null}},"16":{"start":{"line":23,"column":0},"end":{"line":23,"column":16}},"17":{"start":{"line":47,"column":25},"end":{"line":47,"column":32}},"18":{"start":{"line":48,"column":18},"end":{"line":48,"column":20}},"19":{"start":{"line":52,"column":4},"end":{"line":52,"column":null}},"20":{"start":{"line":53,"column":4},"end":{"line":53,"column":null}},"21":{"start":{"line":54,"column":4},"end":{"line":54,"column":null}},"22":{"start":{"line":56,"column":4},"end":{"line":56,"column":null}},"23":{"start":{"line":58,"column":4},"end":{"line":65,"column":null}},"24":{"start":{"line":59,"column":8},"end":{"line":59,"column":null}},"25":{"start":{"line":60,"column":8},"end":{"line":60,"column":null}},"26":{"start":{"line":62,"column":8},"end":{"line":62,"column":null}},"27":{"start":{"line":67,"column":4},"end":{"line":67,"column":null}},"28":{"start":{"line":46,"column":0},"end":{"line":46,"column":16}},"29":{"start":{"line":71,"column":22},"end":{"line":71,"column":29}},"30":{"start":{"line":72,"column":26},"end":{"line":72,"column":33}},"31":{"start":{"line":74,"column":18},"end":{"line":74,"column":20}},"32":{"start":{"line":76,"column":8},"end":{"line":76,"column":null}},"33":{"start":{"line":77,"column":8},"end":{"line":77,"column":null}},"34":{"start":{"line":78,"column":8},"end":{"line":78,"column":null}},"35":{"start":{"line":80,"column":4},"end":{"line":80,"column":null}},"36":{"start":{"line":70,"column":0},"end":{"line":70,"column":16}},"37":{"start":{"line":85,"column":4},"end":{"line":85,"column":null}},"38":{"start":{"line":84,"column":0},"end":{"line":84,"column":16}},"39":{"start":{"line":90,"column":4},"end":{"line":90,"column":null}},"40":{"start":{"line":94,"column":4},"end":{"line":94,"column":null}},"41":{"start":{"line":93,"column":0},"end":{"line":93,"column":16}},"42":{"start":{"line":98,"column":4},"end":{"line":98,"column":null}},"43":{"start":{"line":97,"column":0},"end":{"line":97,"column":16}},"44":{"start":{"line":102,"column":4},"end":{"line":102,"column":null}},"45":{"start":{"line":101,"column":0},"end":{"line":101,"column":16}},"46":{"start":{"line":106,"column":4},"end":{"line":106,"column":null}},"47":{"start":{"line":105,"column":0},"end":{"line":105,"column":16}},"48":{"start":{"line":111,"column":4},"end":{"line":111,"column":null}},"49":{"start":{"line":110,"column":0},"end":{"line":110,"column":16}},"50":{"start":{"line":115,"column":21},"end":{"line":115,"column":64}},"51":{"start":{"line":116,"column":22},"end":{"line":116,"column":59}},"52":{"start":{"line":117,"column":20},"end":{"line":117,"column":55}},"53":{"start":{"line":118,"column":21},"end":{"line":118,"column":56}},"54":{"start":{"line":120,"column":4},"end":{"line":129,"column":null}},"55":{"start":{"line":122,"column":12},"end":{"line":122,"column":null}},"56":{"start":{"line":124,"column":12},"end":{"line":124,"column":null}},"57":{"start":{"line":126,"column":12},"end":{"line":126,"column":null}},"58":{"start":{"line":128,"column":12},"end":{"line":128,"column":null}},"59":{"start":{"line":114,"column":0},"end":{"line":114,"column":16}}},"fnMap":{"0":{"name":"getMonths","decl":{"start":{"line":13,"column":16},"end":{"line":13,"column":25}},"loc":{"start":{"line":13,"column":25},"end":{"line":19,"column":1}}},"1":{"name":"getAllDaysInMonth","decl":{"start":{"line":23,"column":16},"end":{"line":23,"column":33}},"loc":{"start":{"line":23,"column":44},"end":{"line":42,"column":1}}},"2":{"name":"formatDateFull","decl":{"start":{"line":46,"column":16},"end":{"line":46,"column":30}},"loc":{"start":{"line":46,"column":67},"end":{"line":68,"column":1}}},"3":{"name":"formatDateTitle","decl":{"start":{"line":70,"column":16},"end":{"line":70,"column":31}},"loc":{"start":{"line":70,"column":66},"end":{"line":82,"column":1}}},"4":{"name":"isSameDay","decl":{"start":{"line":84,"column":16},"end":{"line":84,"column":25}},"loc":{"start":{"line":84,"column":50},"end":{"line":87,"column":1}}},"5":{"name":"getDateFixedToDay","decl":{"start":{"line":89,"column":9},"end":{"line":89,"column":26}},"loc":{"start":{"line":89,"column":37},"end":{"line":91,"column":1}}},"6":{"name":"isBeforeDay","decl":{"start":{"line":93,"column":16},"end":{"line":93,"column":27}},"loc":{"start":{"line":93,"column":52},"end":{"line":95,"column":1}}},"7":{"name":"isAfterDay","decl":{"start":{"line":97,"column":16},"end":{"line":97,"column":26}},"loc":{"start":{"line":97,"column":51},"end":{"line":99,"column":1}}},"8":{"name":"isAfterMonth","decl":{"start":{"line":101,"column":16},"end":{"line":101,"column":28}},"loc":{"start":{"line":101,"column":53},"end":{"line":103,"column":1}}},"9":{"name":"isSameMonth","decl":{"start":{"line":105,"column":16},"end":{"line":105,"column":27}},"loc":{"start":{"line":105,"column":51},"end":{"line":107,"column":1}}},"10":{"name":"isBeforeMonth","decl":{"start":{"line":110,"column":16},"end":{"line":110,"column":29}},"loc":{"start":{"line":110,"column":53},"end":{"line":112,"column":1}}},"11":{"name":"isSameDate","decl":{"start":{"line":114,"column":16},"end":{"line":114,"column":26}},"loc":{"start":{"line":114,"column":108},"end":{"line":130,"column":1}}}},"branchMap":{"0":{"loc":{"start":{"line":46,"column":46},"end":{"line":46,"column":67}},"type":"default-arg","locations":[{"start":{"line":46,"column":65},"end":{"line":46,"column":67}}]},"1":{"loc":{"start":{"line":58,"column":4},"end":{"line":65,"column":null}},"type":"if","locations":[{"start":{"line":58,"column":4},"end":{"line":65,"column":null}}]},"2":{"loc":{"start":{"line":62,"column":15},"end":{"line":62,"column":113}},"type":"cond-expr","locations":[{"start":{"line":62,"column":43},"end":{"line":62,"column":77}},{"start":{"line":62,"column":80},"end":{"line":62,"column":113}}]},"3":{"loc":{"start":{"line":62,"column":15},"end":{"line":62,"column":40}},"type":"binary-expr","locations":[{"start":{"line":62,"column":15},"end":{"line":62,"column":24}},{"start":{"line":62,"column":28},"end":{"line":62,"column":40}}]},"4":{"loc":{"start":{"line":70,"column":46},"end":{"line":70,"column":66}},"type":"default-arg","locations":[{"start":{"line":70,"column":64},"end":{"line":70,"column":66}}]},"5":{"loc":{"start":{"line":85,"column":11},"end":{"line":85,"column":134}},"type":"binary-expr","locations":[{"start":{"line":85,"column":11},"end":{"line":85,"column":54}},{"start":{"line":85,"column":58},"end":{"line":85,"column":95}},{"start":{"line":85,"column":99},"end":{"line":85,"column":134}}]},"6":{"loc":{"start":{"line":114,"column":53},"end":{"line":114,"column":108}},"type":"default-arg","locations":[{"start":{"line":114,"column":102},"end":{"line":114,"column":108}}]},"7":{"loc":{"start":{"line":120,"column":4},"end":{"line":129,"column":null}},"type":"switch","locations":[{"start":{"line":121,"column":8},"end":{"line":122,"column":null}},{"start":{"line":123,"column":8},"end":{"line":124,"column":null}},{"start":{"line":125,"column":8},"end":{"line":126,"column":null}},{"start":{"line":127,"column":8},"end":{"line":128,"column":null}}]},"8":{"loc":{"start":{"line":122,"column":19},"end":{"line":122,"column":51}},"type":"binary-expr","locations":[{"start":{"line":122,"column":19},"end":{"line":122,"column":27}},{"start":{"line":122,"column":31},"end":{"line":122,"column":40}},{"start":{"line":122,"column":44},"end":{"line":122,"column":51}}]},"9":{"loc":{"start":{"line":124,"column":19},"end":{"line":124,"column":40}},"type":"binary-expr","locations":[{"start":{"line":124,"column":19},"end":{"line":124,"column":27}},{"start":{"line":124,"column":31},"end":{"line":124,"column":40}}]}},"s":{"0":7,"1":7,"2":2,"3":2,"4":2,"5":7,"6":11,"7":11,"8":11,"9":11,"10":11,"11":11,"12":11,"13":385,"14":385,"15":11,"16":7,"17":5,"18":5,"19":5,"20":5,"21":5,"22":5,"23":5,"24":2,"25":2,"26":2,"27":3,"28":7,"29":12,"30":12,"31":12,"32":12,"33":12,"34":12,"35":12,"36":7,"37":1349,"38":7,"39":1220,"40":174,"41":7,"42":436,"43":7,"44":61,"45":7,"46":184,"47":7,"48":12,"49":7,"50":4,"51":4,"52":4,"53":4,"54":4,"55":1,"56":1,"57":1,"58":1,"59":7},"f":{"0":2,"1":11,"2":5,"3":12,"4":1349,"5":1220,"6":174,"7":436,"8":61,"9":184,"10":12,"11":4},"b":{"0":[0],"1":[2],"2":[1,1],"3":[2,1],"4":[12],"5":[1349,1348,1150],"6":[1],"7":[1,1,1,1],"8":[1,1,1],"9":[1,1]}}
,"/home/opentechdev/Work/vite-project/src/components/CalendarsWrapper.vue": {"path":"/home/opentechdev/Work/vite-project/src/components/CalendarsWrapper.vue","statementMap":{"0":{"start":{"line":3,"column":22},"end":{"line":7,"column":1}},"1":{"start":{"line":4,"column":2},"end":{"line":6,"column":4}},"2":{"start":{"line":8,"column":0},"end":{"line":10,"column":3}},"3":{"start":{"line":11,"column":12},"end":{"line":11,"column":26}},"4":{"start":{"line":12,"column":25},"end":{"line":12,"column":71}},"5":{"start":{"line":13,"column":26},"end":{"line":13,"column":73}},"6":{"start":{"line":14,"column":14},"end":{"line":14,"column":33}},"7":{"start":{"line":15,"column":0},"end":{"line":102,"column":3}},"8":{"start":{"line":29,"column":17},"end":{"line":29,"column":26}},"9":{"start":{"line":30,"column":13},"end":{"line":30,"column":20}},"10":{"start":{"line":31,"column":4},"end":{"line":31,"column":13}},"11":{"start":{"line":32,"column":16},"end":{"line":32,"column":23}},"12":{"start":{"line":33,"column":22},"end":{"line":33,"column":27}},"13":{"start":{"line":35,"column":6},"end":{"line":35,"column":32}},"14":{"start":{"line":38,"column":6},"end":{"line":38,"column":40}},"15":{"start":{"line":41,"column":6},"end":{"line":41,"column":52}},"16":{"start":{"line":42,"column":6},"end":{"line":42,"column":26}},"17":{"start":{"line":45,"column":6},"end":{"line":48,"column":9}},"18":{"start":{"line":49,"column":6},"end":{"line":49,"column":49}},"19":{"start":{"line":50,"column":6},"end":{"line":50,"column":25}},"20":{"start":{"line":53,"column":6},"end":{"line":53,"column":31}},"21":{"start":{"line":53,"column":24},"end":{"line":53,"column":31}},"22":{"start":{"line":54,"column":20},"end":{"line":54,"column":101}},"23":{"start":{"line":55,"column":6},"end":{"line":55,"column":27}},"24":{"start":{"line":55,"column":20},"end":{"line":55,"column":27}},"25":{"start":{"line":56,"column":22},"end":{"line":56,"column":67}},"26":{"start":{"line":57,"column":6},"end":{"line":61,"column":7}},"27":{"start":{"line":58,"column":8},"end":{"line":60,"column":17}},"28":{"start":{"line":59,"column":10},"end":{"line":59,"column":34}},"29":{"start":{"line":62,"column":6},"end":{"line":65,"column":9}},"30":{"start":{"line":68,"column":6},"end":{"line":68,"column":31}},"31":{"start":{"line":68,"column":24},"end":{"line":68,"column":31}},"32":{"start":{"line":69,"column":22},"end":{"line":69,"column":104}},"33":{"start":{"line":70,"column":6},"end":{"line":70,"column":29}},"34":{"start":{"line":70,"column":22},"end":{"line":70,"column":29}},"35":{"start":{"line":71,"column":22},"end":{"line":71,"column":77}},"36":{"start":{"line":72,"column":24},"end":{"line":72,"column":73}},"37":{"start":{"line":73,"column":6},"end":{"line":77,"column":7}},"38":{"start":{"line":74,"column":8},"end":{"line":76,"column":17}},"39":{"start":{"line":75,"column":10},"end":{"line":75,"column":34}},"40":{"start":{"line":78,"column":6},"end":{"line":81,"column":9}},"41":{"start":{"line":83,"column":23},"end":{"line":95,"column":5}},"42":{"start":{"line":96,"column":4},"end":{"line":99,"column":7}},"43":{"start":{"line":100,"column":4},"end":{"line":100,"column":24}},"44":{"start":{"line":104,"column":0},"end":{"line":104,"column":62}},"45":{"start":{"line":105,"column":0},"end":{"line":105,"column":24}},"46":{"start":{"line":106,"column":12},"end":{"line":106,"column":26}},"47":{"start":{"line":107,"column":17},"end":{"line":110,"column":1}},"48":{"start":{"line":111,"column":17},"end":{"line":114,"column":1}},"49":{"start":{"line":116,"column":4},"end":{"line":167,"column":8}},"50":{"start":{"line":127,"column":78},"end":{"line":127,"column":110}},"51":{"start":{"line":128,"column":87},"end":{"line":128,"column":134}},"52":{"start":{"line":139,"column":78},"end":{"line":139,"column":110}},"53":{"start":{"line":140,"column":87},"end":{"line":140,"column":134}},"54":{"start":{"line":150,"column":78},"end":{"line":150,"column":110}},"55":{"start":{"line":151,"column":87},"end":{"line":151,"column":134}},"56":{"start":{"line":160,"column":78},"end":{"line":160,"column":110}},"57":{"start":{"line":161,"column":87},"end":{"line":161,"column":134}},"58":{"start":{"line":169,"column":0},"end":{"line":169,"column":24}},"59":{"start":{"line":170,"column":1},"end":{"line":170,"column":48}}},"fnMap":{"0":{"name":"(anonymous_0)","decl":{"start":{"line":3,"column":54},"end":{"line":3,"column":55}},"loc":{"start":{"line":3,"column":69},"end":{"line":7,"column":1}},"line":3},"1":{"name":"(anonymous_1)","decl":{"start":{"line":28,"column":9},"end":{"line":28,"column":10}},"loc":{"start":{"line":28,"column":32},"end":{"line":101,"column":3}},"line":28},"2":{"name":"updateDate","decl":{"start":{"line":34,"column":13},"end":{"line":34,"column":23}},"loc":{"start":{"line":34,"column":30},"end":{"line":36,"column":5}},"line":34},"3":{"name":"updateInterval","decl":{"start":{"line":37,"column":13},"end":{"line":37,"column":27}},"loc":{"start":{"line":37,"column":35},"end":{"line":39,"column":5}},"line":37},"4":{"name":"handleMouseUp","decl":{"start":{"line":40,"column":13},"end":{"line":40,"column":26}},"loc":{"start":{"line":40,"column":29},"end":{"line":43,"column":5}},"line":40},"5":{"name":"handleMouseDown","decl":{"start":{"line":44,"column":13},"end":{"line":44,"column":28}},"loc":{"start":{"line":44,"column":35},"end":{"line":51,"column":5}},"line":44},"6":{"name":"handleMouseEnterDay","decl":{"start":{"line":52,"column":13},"end":{"line":52,"column":32}},"loc":{"start":{"line":52,"column":48},"end":{"line":66,"column":5}},"line":52},"7":{"name":"(anonymous_7)","decl":{"start":{"line":58,"column":19},"end":{"line":58,"column":20}},"loc":{"start":{"line":58,"column":31},"end":{"line":60,"column":9}},"line":58},"8":{"name":"handleMouseEnterMonth","decl":{"start":{"line":67,"column":13},"end":{"line":67,"column":34}},"loc":{"start":{"line":67,"column":41},"end":{"line":82,"column":5}},"line":67},"9":{"name":"(anonymous_9)","decl":{"start":{"line":74,"column":19},"end":{"line":74,"column":20}},"loc":{"start":{"line":74,"column":31},"end":{"line":76,"column":9}},"line":74},"10":{"name":"render","decl":{"start":{"line":115,"column":9},"end":{"line":115,"column":15}},"loc":{"start":{"line":115,"column":63},"end":{"line":168,"column":1}},"line":115},"11":{"name":"(anonymous_11)","decl":{"start":{"line":127,"column":58},"end":{"line":127,"column":59}},"loc":{"start":{"line":127,"column":76},"end":{"line":127,"column":112}},"line":127},"12":{"name":"(anonymous_12)","decl":{"start":{"line":128,"column":68},"end":{"line":128,"column":69}},"loc":{"start":{"line":128,"column":85},"end":{"line":128,"column":136}},"line":128},"13":{"name":"(anonymous_13)","decl":{"start":{"line":139,"column":58},"end":{"line":139,"column":59}},"loc":{"start":{"line":139,"column":76},"end":{"line":139,"column":112}},"line":139},"14":{"name":"(anonymous_14)","decl":{"start":{"line":140,"column":68},"end":{"line":140,"column":69}},"loc":{"start":{"line":140,"column":85},"end":{"line":140,"column":136}},"line":140},"15":{"name":"(anonymous_15)","decl":{"start":{"line":150,"column":58},"end":{"line":150,"column":59}},"loc":{"start":{"line":150,"column":76},"end":{"line":150,"column":112}},"line":150},"16":{"name":"(anonymous_16)","decl":{"start":{"line":151,"column":68},"end":{"line":151,"column":69}},"loc":{"start":{"line":151,"column":85},"end":{"line":151,"column":136}},"line":151},"17":{"name":"(anonymous_17)","decl":{"start":{"line":160,"column":58},"end":{"line":160,"column":59}},"loc":{"start":{"line":160,"column":76},"end":{"line":160,"column":112}},"line":160},"18":{"name":"(anonymous_18)","decl":{"start":{"line":161,"column":68},"end":{"line":161,"column":69}},"loc":{"start":{"line":161,"column":85},"end":{"line":161,"column":136}},"line":161}},"branchMap":{"0":{"loc":{"start":{"line":3,"column":22},"end":{"line":7,"column":1}},"type":"binary-expr","locations":[{"start":{"line":3,"column":22},"end":{"line":3,"column":26}},{"start":{"line":3,"column":30},"end":{"line":3,"column":50}},{"start":{"line":3,"column":54},"end":{"line":7,"column":1}}],"line":3},"1":{"loc":{"start":{"line":4,"column":9},"end":{"line":6,"column":3}},"type":"cond-expr","locations":[{"start":{"line":4,"column":33},"end":{"line":4,"column":36}},{"start":{"line":4,"column":39},"end":{"line":6,"column":3}}],"line":4},"2":{"loc":{"start":{"line":4,"column":9},"end":{"line":4,"column":30}},"type":"binary-expr","locations":[{"start":{"line":4,"column":9},"end":{"line":4,"column":12}},{"start":{"line":4,"column":16},"end":{"line":4,"column":30}}],"line":4},"3":{"loc":{"start":{"line":53,"column":6},"end":{"line":53,"column":31}},"type":"if","locations":[{"start":{"line":53,"column":6},"end":{"line":53,"column":31}},{"start":{},"end":{}}],"line":53},"4":{"loc":{"start":{"line":54,"column":20},"end":{"line":54,"column":101}},"type":"binary-expr","locations":[{"start":{"line":54,"column":20},"end":{"line":54,"column":43}},{"start":{"line":54,"column":47},"end":{"line":54,"column":101}}],"line":54},"5":{"loc":{"start":{"line":55,"column":6},"end":{"line":55,"column":27}},"type":"if","locations":[{"start":{"line":55,"column":6},"end":{"line":55,"column":27}},{"start":{},"end":{}}],"line":55},"6":{"loc":{"start":{"line":57,"column":6},"end":{"line":61,"column":7}},"type":"if","locations":[{"start":{"line":57,"column":6},"end":{"line":61,"column":7}},{"start":{},"end":{}}],"line":57},"7":{"loc":{"start":{"line":68,"column":6},"end":{"line":68,"column":31}},"type":"if","locations":[{"start":{"line":68,"column":6},"end":{"line":68,"column":31}},{"start":{},"end":{}}],"line":68},"8":{"loc":{"start":{"line":69,"column":22},"end":{"line":69,"column":104}},"type":"binary-expr","locations":[{"start":{"line":69,"column":22},"end":{"line":69,"column":44}},{"start":{"line":69,"column":48},"end":{"line":69,"column":104}}],"line":69},"9":{"loc":{"start":{"line":70,"column":6},"end":{"line":70,"column":29}},"type":"if","locations":[{"start":{"line":70,"column":6},"end":{"line":70,"column":29}},{"start":{},"end":{}}],"line":70},"10":{"loc":{"start":{"line":73,"column":6},"end":{"line":77,"column":7}},"type":"if","locations":[{"start":{"line":73,"column":6},"end":{"line":77,"column":7}},{"start":{},"end":{}}],"line":73},"11":{"loc":{"start":{"line":117,"column":8},"end":{"line":166,"column":15}},"type":"cond-expr","locations":[{"start":{"line":118,"column":15},"end":{"line":144,"column":14}},{"start":{"line":145,"column":15},"end":{"line":166,"column":14}}],"line":117},"12":{"loc":{"start":{"line":127,"column":32},"end":{"line":127,"column":113}},"type":"binary-expr","locations":[{"start":{"line":127,"column":32},"end":{"line":127,"column":41}},{"start":{"line":127,"column":46},"end":{"line":127,"column":112}}],"line":127},"13":{"loc":{"start":{"line":128,"column":42},"end":{"line":128,"column":137}},"type":"binary-expr","locations":[{"start":{"line":128,"column":42},"end":{"line":128,"column":51}},{"start":{"line":128,"column":56},"end":{"line":128,"column":136}}],"line":128},"14":{"loc":{"start":{"line":139,"column":32},"end":{"line":139,"column":113}},"type":"binary-expr","locations":[{"start":{"line":139,"column":32},"end":{"line":139,"column":41}},{"start":{"line":139,"column":46},"end":{"line":139,"column":112}}],"line":139},"15":{"loc":{"start":{"line":140,"column":42},"end":{"line":140,"column":137}},"type":"binary-expr","locations":[{"start":{"line":140,"column":42},"end":{"line":140,"column":51}},{"start":{"line":140,"column":56},"end":{"line":140,"column":136}}],"line":140},"16":{"loc":{"start":{"line":150,"column":32},"end":{"line":150,"column":113}},"type":"binary-expr","locations":[{"start":{"line":150,"column":32},"end":{"line":150,"column":41}},{"start":{"line":150,"column":46},"end":{"line":150,"column":112}}],"line":150},"17":{"loc":{"start":{"line":151,"column":42},"end":{"line":151,"column":137}},"type":"binary-expr","locations":[{"start":{"line":151,"column":42},"end":{"line":151,"column":51}},{"start":{"line":151,"column":56},"end":{"line":151,"column":136}}],"line":151},"18":{"loc":{"start":{"line":160,"column":32},"end":{"line":160,"column":113}},"type":"binary-expr","locations":[{"start":{"line":160,"column":32},"end":{"line":160,"column":41}},{"start":{"line":160,"column":46},"end":{"line":160,"column":112}}],"line":160},"19":{"loc":{"start":{"line":161,"column":42},"end":{"line":161,"column":137}},"type":"binary-expr","locations":[{"start":{"line":161,"column":42},"end":{"line":161,"column":51}},{"start":{"line":161,"column":56},"end":{"line":161,"column":136}}],"line":161}},"s":{"0":6,"1":12,"2":6,"3":6,"4":6,"5":6,"6":6,"7":6,"8":5,"9":5,"10":5,"11":5,"12":5,"13":1,"14":4,"15":0,"16":0,"17":3,"18":3,"19":3,"20":0,"21":0,"22":0,"23":0,"24":0,"25":0,"26":0,"27":0,"28":0,"29":0,"30":0,"31":0,"32":0,"33":0,"34":0,"35":0,"36":0,"37":0,"38":0,"39":0,"40":0,"41":5,"42":5,"43":5,"44":6,"45":6,"46":6,"47":6,"48":6,"49":5,"50":1,"51":0,"52":0,"53":0,"54":0,"55":0,"56":0,"57":0,"58":6,"59":6},"f":{"0":12,"1":5,"2":1,"3":4,"4":0,"5":3,"6":0,"7":0,"8":0,"9":0,"10":5,"11":1,"12":0,"13":0,"14":0,"15":0,"16":0,"17":0,"18":0},"b":{"0":[6,6,6],"1":[12,0],"2":[12,12],"3":[0,0],"4":[0,0],"5":[0,0],"6":[0,0],"7":[0,0],"8":[0,0],"9":[0,0],"10":[0,0],"11":[5,0],"12":[5,5],"13":[5,5],"14":[5,5],"15":[5,5],"16":[0,0],"17":[0,0],"18":[0,0],"19":[0,0]},"inputSourceMap":{"0":"{","1":"\"","2":"v","3":"e","4":"r","5":"s","6":"i","7":"o","8":"n","9":"\"","10":":","11":"3","12":",","13":"\"","14":"s","15":"o","16":"u","17":"r","18":"c","19":"e","20":"s","21":"\"","22":":","23":"[","24":"\"","25":"/","26":"h","27":"o","28":"m","29":"e","30":"/","31":"o","32":"p","33":"e","34":"n","35":"t","36":"e","37":"c","38":"h","39":"d","40":"e","41":"v","42":"/","43":"W","44":"o","45":"r","46":"k","47":"/","48":"v","49":"i","50":"t","51":"e","52":"-","53":"p","54":"r","55":"o","56":"j","57":"e","58":"c","59":"t","60":"/","61":"s","62":"r","63":"c","64":"/","65":"c","66":"o","67":"m","68":"p","69":"o","70":"n","71":"e","72":"n","73":"t","74":"s","75":"/","76":"C","77":"a","78":"l","79":"e","80":"n","81":"d","82":"a","83":"r","84":"s","85":"W","86":"r","87":"a","88":"p","89":"p","90":"e","91":"r","92":".","93":"v","94":"u","95":"e","96":"\"","97":"]","98":",","99":"\"","100":"n","101":"a","102":"m","103":"e","104":"s","105":"\"","106":":","107":"[","108":"]","109":",","110":"\"","111":"m","112":"a","113":"p","114":"p","115":"i","116":"n","117":"g","118":"s","119":"\"","120":":","121":"\"","122":";","123":";","124":";","125":";","126":";","127":";","128":";","129":";","130":";","131":";","132":";","133":"A","134":"A","135":"E","136":"A","137":";","138":"A","139":"A","140":"C","141":"A","142":";","143":"A","144":"A","145":"I","146":"A","147":";","148":";","149":";","150":";","151":";","152":";","153":";","154":";","155":";","156":";","157":";","158":";","159":";","160":";","161":";","162":";","163":";","164":";","165":";","166":"I","167":"A","168":"u","169":"B","170":"A","171":",","172":"I","173":"A","174":"A","175":"I","176":",","177":"W","178":"A","179":"A","180":"W","181":",","182":"G","183":"A","184":"A","185":"G","186":",","187":"K","188":"A","189":"A","190":"K","191":";","192":"I","193":"A","194":"E","195":"v","196":"B","197":",","198":"S","199":"A","200":"A","201":"S","202":",","203":"U","204":"A","205":"A","206":"U","207":",","208":"C","209":"A","210":"A","211":"C","212":",","213":"I","214":"A","215":"A","216":"U","217":";","218":"M","219":"A","220":"C","221":"1","222":"B","223":",","224":"I","225":"A","226":"A","227":"I","228":",","229":"C","230":"A","231":"A","232":"C","233":",","234":"a","235":"A","236":"A","237":"a","238":",","239":"E","240":"A","241":"A","242":"E","243":",","244":"I","245":"A","246":"A","247":"I","248":",","249":"C","250":"A","251":"A","252":"E","253":";","254":"I","255":"A","256":"C","257":"9","258":"B","259":";","260":"I","261":"A","262":"E","263":"A","264":",","265":"S","266":"A","267":"A","268":"S","269":",","270":"c","271":"A","272":"A","273":"c","274":",","275":"C","276":"A","277":"A","278":"C","279":",","280":"K","281":"A","282":"A","283":"k","284":"B","285":";","286":"M","287":"A","288":"C","289":"t","290":"C","291":",","292":"I","293":"A","294":"A","295":"I","296":",","297":"C","298":"A","299":"A","300":"C","301":",","302":"o","303":"B","304":"A","305":"A","306":"o","307":"B","308":",","309":"E","310":"A","311":"A","312":"E","313":",","314":"K","315":"A","316":"A","317":"K","318":",","319":"C","320":"A","321":"A","322":"C","323":";","324":"I","325":"A","326":"C","327":"r","328":"C","329":";","330":"I","331":"A","332":"E","333":"A","334":",","335":"S","336":"A","337":"A","338":"S","339":",","340":"a","341":"A","342":"A","343":"a","344":";","345":"M","346":"A","347":"C","348":"l","349":"B","350":",","351":"m","352":"B","353":"A","354":"A","355":"m","356":"B","357":",","358":"C","359":"A","360":"A","361":"C","362":",","363":"S","364":"A","365":"A","366":"S","367":",","368":"E","369":"A","370":"A","371":"E","372":",","373":"a","374":"A","375":"A","376":"a","377":",","378":"C","379":"A","380":"A","381":"C","382":";","383":"M","384":"A","385":"C","386":"7","387":"C","388":",","389":"W","390":"A","391":"A","392":"W","393":",","394":"G","395":"A","396":"A","397":"G","398":",","399":"K","400":"A","401":"A","402":"K","403":";","404":"I","405":"A","406":"C","407":"v","408":"B","409":";","410":"I","411":"A","412":"E","413":"A","414":",","415":"S","416":"A","417":"A","418":"S","419":",","420":"e","421":"A","422":"A","423":"e","424":",","425":"C","426":"A","427":"A","428":"C","429":",","430":"I","431":"A","432":"A","433":"U","434":";","435":"M","436":"A","437":"C","438":"/","439":"B","440":",","441":"c","442":"A","443":"A","444":"c","445":",","446":"C","447":"A","448":"A","449":"C","450":";","451":"Q","452":"A","453":"A","454":"C","455":",","456":"I","457":"A","458":"A","459":"I","460":",","461":"E","462":"A","463":"A","464":"E","465":",","466":"I","467":"A","468":"A","469":"I","470":";","471":"Q","472":"A","473":"A","474":"E","475":",","476":"E","477":"A","478":"A","479":"E","480":",","481":"E","482":"A","483":"A","484":"E","485":";","486":"M","487":"A","488":"A","489":"I","490":",","491":"C","492":"A","493":"A","494":"C","495":",","496":"C","497":"A","498":"A","499":"C","500":";","501":"M","502":"A","503":"C","504":"t","505":"C","506":",","507":"g","508":"B","509":"A","510":"A","511":"g","512":"B","513":",","514":"C","515":"A","516":"A","517":"C","518":",","519":"S","520":"A","521":"A","522":"S","523":",","524":"E","525":"A","526":"A","527":"E","528":",","529":"a","530":"A","531":"A","532":"a","533":",","534":"C","535":"A","536":"A","537":"C","538":";","539":"M","540":"A","541":"C","542":"1","543":"C","544":",","545":"W","546":"A","547":"A","548":"W","549":",","550":"G","551":"A","552":"A","553":"G","554":",","555":"I","556":"A","557":"A","558":"I","559":";","560":"I","561":"A","562":"C","563":"t","564":"B","565":";","566":"I","567":"A","568":"E","569":"A","570":",","571":"S","572":"A","573":"A","574":"S","575":",","576":"m","577":"B","578":"A","579":"A","580":"m","581":"B","582":",","583":"C","584":"A","585":"A","586":"C","587":",","588":"I","589":"A","590":"A","591":"U","592":",","593":"E","594":"A","595":"A","596":"E","597":",","598":"O","599":"A","600":"A","601":"a","602":";","603":"M","604":"A","605":"C","606":"l","607":"D","608":",","609":"I","610":"A","611":"A","612":"G","613":",","614":"C","615":"A","616":"A","617":"C","618":",","619":"W","620":"A","621":"A","622":"W","623":",","624":"E","625":"A","626":"A","627":"E","628":";","629":"M","630":"A","631":"C","632":"j","633":"B","634":",","635":"I","636":"A","637":"A","638":"M","639":",","640":"O","641":"A","642":"A","643":"O","644":",","645":"G","646":"A","647":"A","648":"G","649":",","650":"C","651":"A","652":"A","653":"C","654":",","655":"K","656":"A","657":"A","658":"K","659":",","660":"C","661":"A","662":"A","663":"C","664":",","665":"g","666":"B","667":"A","668":"A","669":"g","670":"B","671":",","672":"I","673":"A","674":"A","675":"I","676":",","677":"s","678":"B","679":"A","680":"A","681":"U","682":",","683":"E","684":"A","685":"A","686":"C","687":",","688":"K","689":"A","690":"A","691":"K","692":",","693":"C","694":"A","695":"A","696":"C","697":",","698":"Y","699":"A","700":"A","701":"Y","702":",","703":"C","704":"A","705":"A","706":"C","707":",","708":"I","709":"A","710":"A","711":"I","712":",","713":"E","714":"A","715":"A","716":"E","717":",","718":"I","719":"A","720":"A","721":"I","722":",","723":"C","724":"A","725":"A","726":"C","727":";","728":"M","729":"A","730":"C","731":"p","732":"F","733":",","734":"I","735":"A","736":"A","737":"I","738":",","739":"C","740":"A","741":"A","742":"C","743":",","744":"O","745":"A","746":"A","747":"O","748":",","749":"E","750":"A","751":"A","752":"E","753":";","754":"M","755":"A","756":"C","757":"d","758":",","759":"I","760":"A","761":"A","762":"M","763":",","764":"S","765":"A","766":"A","767":"S","768":",","769":"G","770":"A","771":"A","772":"G","773":",","774":"s","775":"B","776":"A","777":"A","778":"U","779":",","780":"E","781":"A","782":"A","783":"C","784":",","785":"O","786":"A","787":"A","788":"O","789":",","790":"E","791":"A","792":"A","793":"E","794":",","795":"I","796":"A","797":"A","798":"I","799":",","800":"E","801":"A","802":"A","803":"E","804":",","805":"K","806":"A","807":"A","808":"K","809":",","810":"C","811":"A","812":"A","813":"C","814":";","815":"M","816":"A","817":"C","818":"l","819":"D","820":",","821":"I","822":"A","823":"A","824":"I","825":",","826":"S","827":"A","828":"A","829":"S","830":",","831":"E","832":"A","833":"A","834":"E","835":";","836":"Q","837":"A","838":"C","839":"X","840":",","841":"U","842":"A","843":"A","844":"U","845":",","846":"C","847":"A","848":"A","849":"C","850":";","851":"U","852":"A","853":"A","854":"I","855":",","856":"W","857":"A","858":"A","859":"I","860":",","861":"C","862":"A","863":"A","864":"C","865":",","866":"U","867":"A","868":"A","869":"U","870":",","871":"C","872":"A","873":"A","874":"C","875":";","876":"Q","877":"A","878":"A","879":"h","880":"B","881":",","882":"C","883":"A","884":"A","885":"g","886":"B","887":",","888":"E","889":"A","890":"A","891":"C","892":",","893":"I","894":"A","895":"A","896":"I","897":",","898":"C","899":"A","900":"A","901":"C","902":";","903":";","904":"M","905":"A","906":"E","907":"z","908":"C","909":",","910":"c","911":"A","912":"A","913":"c","914":",","915":"C","916":"A","917":"A","918":"C","919":";","920":"Q","921":"A","922":"A","923":"C","924":",","925":"I","926":"A","927":"A","928":"I","929":",","930":"E","931":"A","932":"A","933":"E","934":",","935":"K","936":"A","937":"A","938":"K","939":",","940":"C","941":"A","942":"A","943":"C","944":",","945":"Y","946":"A","947":"A","948":"Y","949":",","950":"C","951":"A","952":"A","953":"C","954":",","955":"I","956":"A","957":"A","958":"I","959":";","960":"Q","961":"A","962":"A","963":"E","964":",","965":"E","966":"A","967":"A","968":"E","969":",","970":"E","971":"A","972":"A","973":"E","974":";","975":"M","976":"A","977":"A","978":"I","979":",","980":"C","981":"A","982":"A","983":"C","984":",","985":"C","986":"A","987":"A","988":"C","989":";","990":"I","991":"A","992":"C","993":"7","994":"D","995":";","996":"I","997":"A","998":"E","999":"A","1000":",","1001":"S","1002":"A","1003":"A","1004":"S","1005":",","1006":"q","1007":"B","1008":"A","1009":"A","1010":"q","1011":"B","1012":",","1013":"C","1014":"A","1015":"A","1016":"C","1017":",","1018":"I","1019":"A","1020":"A","1021":"U","1022":";","1023":"M","1024":"A","1025":"C","1026":"r","1027":"C","1028":",","1029":"I","1030":"A","1031":"A","1032":"G","1033":",","1034":"C","1035":"A","1036":"A","1037":"C","1038":",","1039":"W","1040":"A","1041":"A","1042":"W","1043":",","1044":"E","1045":"A","1046":"A","1047":"E","1048":";","1049":"M","1050":"A","1051":"C","1052":"j","1053":"B","1054":",","1055":"I","1056":"A","1057":"A","1058":"M","1059":",","1060":"S","1061":"A","1062":"A","1063":"S","1064":",","1065":"G","1066":"A","1067":"A","1068":"G","1069":",","1070":"K","1071":"A","1072":"A","1073":"K","1074":",","1075":"C","1076":"A","1077":"A","1078":"C","1079":",","1080":"g","1081":"B","1082":"A","1083":"A","1084":"g","1085":"B","1086":",","1087":"I","1088":"A","1089":"A","1090":"I","1091":",","1092":"w","1093":"B","1094":"A","1095":"A","1096":"Y","1097":",","1098":"E","1099":"A","1100":"A","1101":"C","1102":",","1103":"K","1104":"A","1105":"A","1106":"K","1107":",","1108":"C","1109":"A","1110":"A","1111":"C","1112":",","1113":"Y","1114":"A","1115":"A","1116":"Y","1117":",","1118":"C","1119":"A","1120":"A","1121":"C","1122":",","1123":"I","1124":"A","1125":"A","1126":"I","1127":",","1128":"E","1129":"A","1130":"A","1131":"E","1132":",","1133":"I","1134":"A","1135":"A","1136":"I","1137":",","1138":"C","1139":"A","1140":"A","1141":"C","1142":";","1143":"M","1144":"A","1145":"C","1146":"v","1147":"F","1148":",","1149":"I","1150":"A","1151":"A","1152":"I","1153":",","1154":"C","1155":"A","1156":"A","1157":"C","1158":",","1159":"S","1160":"A","1161":"A","1162":"S","1163":",","1164":"E","1165":"A","1166":"A","1167":"E","1168":";","1169":"M","1170":"A","1171":"C","1172":"h","1173":"B","1174":",","1175":"I","1176":"A","1177":"A","1178":"M","1179":",","1180":"S","1181":"A","1182":"A","1183":"S","1184":",","1185":"G","1186":"A","1187":"A","1188":"G","1189":",","1190":"I","1191":"A","1192":"A","1193":"I","1194":",","1195":"I","1196":"A","1197":"A","1198":"I","1199":",","1200":"C","1201":"A","1202":"A","1203":"C","1204":",","1205":"K","1206":"A","1207":"A","1208":"K","1209":",","1210":"C","1211":"A","1212":"A","1213":"C","1214":",","1215":"q","1216":"B","1217":"A","1218":"A","1219":"s","1220":"B","1221":",","1222":"C","1223":"A","1224":"A","1225":"C","1226":",","1227":"W","1228":"A","1229":"A","1230":"W","1231":",","1232":"E","1233":"A","1234":"A","1235":"E","1236":",","1237":"E","1238":"A","1239":"A","1240":"E","1241":",","1242":"E","1243":"A","1244":"A","1245":"E","1246":",","1247":"C","1248":"A","1249":"A","1250":"C","1251":";","1252":"M","1253":"A","1254":"C","1255":"1","1256":"E","1257":",","1258":"I","1259":"A","1260":"A","1261":"M","1262":",","1263":"W","1264":"A","1265":"A","1266":"W","1267":",","1268":"G","1269":"A","1270":"A","1271":"G","1272":",","1273":"s","1274":"B","1275":"A","1276":"A","1277":"U","1278":",","1279":"E","1280":"A","1281":"A","1282":"C","1283":",","1284":"S","1285":"A","1286":"A","1287":"S","1288":",","1289":"E","1290":"A","1291":"A","1292":"E","1293":",","1294":"I","1295":"A","1296":"A","1297":"I","1298":",","1299":"E","1300":"A","1301":"A","1302":"E","1303":",","1304":"O","1305":"A","1306":"A","1307":"O","1308":",","1309":"C","1310":"A","1311":"A","1312":"C","1313":";","1314":"M","1315":"A","1316":"C","1317":"x","1318":"D","1319":",","1320":"I","1321":"A","1322":"A","1323":"I","1324":",","1325":"W","1326":"A","1327":"A","1328":"W","1329":",","1330":"E","1331":"A","1332":"A","1333":"E","1334":";","1335":"Q","1336":"A","1337":"C","1338":"b","1339":",","1340":"U","1341":"A","1342":"A","1343":"U","1344":",","1345":"C","1346":"A","1347":"A","1348":"C","1349":";","1350":"U","1351":"A","1352":"A","1353":"I","1354":",","1355":"W","1356":"A","1357":"A","1358":"I","1359":",","1360":"C","1361":"A","1362":"A","1363":"C","1364":",","1365":"U","1366":"A","1367":"A","1368":"U","1369":",","1370":"C","1371":"A","1372":"A","1373":"C","1374":";","1375":"Q","1376":"A","1377":"A","1378":"h","1379":"B","1380":",","1381":"C","1382":"A","1383":"A","1384":"g","1385":"B","1386":",","1387":"E","1388":"A","1389":"A","1390":"C","1391":",","1392":"I","1393":"A","1394":"A","1395":"I","1396":",","1397":"C","1398":"A","1399":"A","1400":"C","1401":";","1402":";","1403":"M","1404":"A","1405":"E","1406":"z","1407":"C","1408":",","1409":"c","1410":"A","1411":"A","1412":"c","1413":",","1414":"C","1415":"A","1416":"A","1417":"C","1418":";","1419":"Q","1420":"A","1421":"A","1422":"C","1423":",","1424":"I","1425":"A","1426":"A","1427":"I","1428":",","1429":"E","1430":"A","1431":"A","1432":"E","1433":",","1434":"K","1435":"A","1436":"A","1437":"K","1438":",","1439":"C","1440":"A","1441":"A","1442":"C","1443":",","1444":"Y","1445":"A","1446":"A","1447":"Y","1448":",","1449":"C","1450":"A","1451":"A","1452":"C","1453":",","1454":"I","1455":"A","1456":"A","1457":"I","1458":";","1459":"Q","1460":"A","1461":"A","1462":"E","1463":",","1464":"E","1465":"A","1466":"A","1467":"E","1468":",","1469":"E","1470":"A","1471":"A","1472":"E","1473":";","1474":"M","1475":"A","1476":"A","1477":"I","1478":",","1479":"C","1480":"A","1481":"A","1482":"C","1483":",","1484":"C","1485":"A","1486":"A","1487":"C","1488":";","1489":"I","1490":"A","1491":"C","1492":"7","1493":"D","1494":"\"","1495":",","1496":"\"","1497":"f","1498":"i","1499":"l","1500":"e","1501":"\"","1502":":","1503":"\"","1504":"/","1505":"h","1506":"o","1507":"m","1508":"e","1509":"/","1510":"o","1511":"p","1512":"e","1513":"n","1514":"t","1515":"e","1516":"c","1517":"h","1518":"d","1519":"e","1520":"v","1521":"/","1522":"W","1523":"o","1524":"r","1525":"k","1526":"/","1527":"v","1528":"i","1529":"t","1530":"e","1531":"-","1532":"p","1533":"r","1534":"o","1535":"j","1536":"e","1537":"c","1538":"t","1539":"/","1540":"s","1541":"r","1542":"c","1543":"/","1544":"c","1545":"o","1546":"m","1547":"p","1548":"o","1549":"n","1550":"e","1551":"n","1552":"t","1553":"s","1554":"/","1555":"C","1556":"a","1557":"l","1558":"e","1559":"n","1560":"d","1561":"a","1562":"r","1563":"s","1564":"W","1565":"r","1566":"a","1567":"p","1568":"p","1569":"e","1570":"r","1571":".","1572":"v","1573":"u","1574":"e","1575":"\"","1576":",","1577":"\"","1578":"s","1579":"o","1580":"u","1581":"r","1582":"c","1583":"e","1584":"s","1585":"C","1586":"o","1587":"n","1588":"t","1589":"e","1590":"n","1591":"t","1592":"\"","1593":":","1594":"[","1595":"\"","1596":"<","1597":"s","1598":"c","1599":"r","1600":"i","1601":"p","1602":"t","1603":" ","1604":"s","1605":"e","1606":"t","1607":"u","1608":"p","1609":" ","1610":"l","1611":"a","1612":"n","1613":"g","1614":"=","1615":"\\","1616":"\"","1617":"t","1618":"s","1619":"\\","1620":"\"","1621":">","1622":"\\","1623":"n","1624":"\\","1625":"n","1626":"i","1627":"m","1628":"p","1629":"o","1630":"r","1631":"t","1632":" ","1633":"D","1634":"a","1635":"t","1636":"e","1637":"C","1638":"a","1639":"l","1640":"e","1641":"n","1642":"d","1643":"a","1644":"r","1645":"V","1646":"u","1647":"e","1648":" ","1649":"f","1650":"r","1651":"o","1652":"m","1653":" ","1654":"'","1655":".","1656":"/","1657":"D","1658":"a","1659":"t","1660":"e","1661":"C","1662":"a","1663":"l","1664":"e","1665":"n","1666":"d","1667":"a","1668":"r","1669":".","1670":"v","1671":"u","1672":"e","1673":"'","1674":";","1675":"\\","1676":"n","1677":"i","1678":"m","1679":"p","1680":"o","1681":"r","1682":"t","1683":" ","1684":"M","1685":"o","1686":"n","1687":"t","1688":"h","1689":"C","1690":"a","1691":"l","1692":"e","1693":"n","1694":"d","1695":"a","1696":"r","1697":"V","1698":"u","1699":"e","1700":" ","1701":"f","1702":"r","1703":"o","1704":"m","1705":" ","1706":"'","1707":".","1708":"/","1709":"M","1710":"o","1711":"n","1712":"t","1713":"h","1714":"C","1715":"a","1716":"l","1717":"e","1718":"n","1719":"d","1720":"a","1721":"r","1722":".","1723":"v","1724":"u","1725":"e","1726":"'","1727":";","1728":"\\","1729":"n","1730":"\\","1731":"n","1732":"i","1733":"m","1734":"p","1735":"o","1736":"r","1737":"t","1738":" ","1739":"{","1740":" ","1741":"P","1742":"r","1743":"o","1744":"p","1745":"T","1746":"y","1747":"p","1748":"e","1749":" ","1750":"}","1751":" ","1752":"f","1753":"r","1754":"o","1755":"m","1756":" ","1757":"'","1758":"v","1759":"u","1760":"e","1761":"'","1762":"\\","1763":"n","1764":"i","1765":"m","1766":"p","1767":"o","1768":"r","1769":"t","1770":" ","1771":"{","1772":" ","1773":"D","1774":"a","1775":"t","1776":"e","1777":"I","1778":"n","1779":"t","1780":"e","1781":"r","1782":"v","1783":"a","1784":"l","1785":" ","1786":"}","1787":" ","1788":"f","1789":"r","1790":"o","1791":"m","1792":" ","1793":"'","1794":".","1795":".","1796":"/","1797":"t","1798":"y","1799":"p","1800":"e","1801":"s","1802":"'","1803":"\\","1804":"n","1805":"i","1806":"m","1807":"p","1808":"o","1809":"r","1810":"t","1811":" ","1812":"{","1813":" ","1814":"i","1815":"s","1816":"A","1817":"f","1818":"t","1819":"e","1820":"r","1821":"D","1822":"a","1823":"y","1824":",","1825":" ","1826":"i","1827":"s","1828":"A","1829":"f","1830":"t","1831":"e","1832":"r","1833":"M","1834":"o","1835":"n","1836":"t","1837":"h","1838":",","1839":" ","1840":"i","1841":"s","1842":"S","1843":"a","1844":"m","1845":"e","1846":"D","1847":"a","1848":"t","1849":"e","1850":" ","1851":"}","1852":" ","1853":"f","1854":"r","1855":"o","1856":"m","1857":" ","1858":"'","1859":".","1860":".","1861":"/","1862":"u","1863":"t","1864":"i","1865":"l","1866":"s","1867":"'","1868":";","1869":"\\","1870":"n","1871":"\\","1872":"n","1873":"\\","1874":"n","1875":"\\","1876":"n","1877":"c","1878":"o","1879":"n","1880":"s","1881":"t","1882":" ","1883":"p","1884":"r","1885":"o","1886":"p","1887":"s","1888":" ","1889":"=","1890":" ","1891":"d","1892":"e","1893":"f","1894":"i","1895":"n","1896":"e","1897":"P","1898":"r","1899":"o","1900":"p","1901":"s","1902":" ","1903":"(","1904":"{","1905":"\\","1906":"n","1907":" ","1908":" ","1909":" ","1910":" ","1911":"d","1912":"a","1913":"t","1914":"e","1915":":","1916":" ","1917":"D","1918":"a","1919":"t","1920":"e","1921":",","1922":"\\","1923":"n","1924":" ","1925":" ","1926":" ","1927":" ","1928":"c","1929":"a","1930":"l","1931":"e","1932":"n","1933":"d","1934":"a","1935":"r","1936":"F","1937":"r","1938":"o","1939":"m","1940":"S","1941":"h","1942":"o","1943":"w","1944":"i","1945":"n","1946":"g","1947":"D","1948":"a","1949":"t","1950":"e","1951":":","1952":" ","1953":"D","1954":"a","1955":"t","1956":"e","1957":",","1958":"\\","1959":"n","1960":" ","1961":" ","1962":" ","1963":" ","1964":"c","1965":"a","1966":"l","1967":"e","1968":"n","1969":"d","1970":"a","1971":"r","1972":"T","1973":"o","1974":"S","1975":"h","1976":"o","1977":"w","1978":"i","1979":"n","1980":"g","1981":"D","1982":"a","1983":"t","1984":"e","1985":":","1986":" ","1987":"D","1988":"a","1989":"t","1990":"e","1991":",","1992":"\\","1993":"n","1994":" ","1995":" ","1996":" ","1997":" ","1998":"s","1999":"h","2000":"o","2001":"w","2002":"T","2003":"y","2004":"p","2005":"e","2006":"D","2007":"a","2008":"y","2009":"M","2010":"o","2011":"n","2012":"t","2013":"h","2014":":","2015":" ","2016":"B","2017":"o","2018":"o","2019":"l","2020":"e","2021":"a","2022":"n","2023":",","2024":"\\","2025":"n","2026":"\\","2027":"n","2028":" ","2029":" ","2030":" ","2031":" ","2032":"d","2033":"a","2034":"t","2035":"e","2036":"I","2037":"n","2038":"t","2039":"e","2040":"r","2041":"v","2042":"a","2043":"l","2044":":","2045":" ","2046":"{","2047":"\\","2048":"n","2049":" ","2050":" ","2051":" ","2052":" ","2053":" ","2054":" ","2055":" ","2056":" ","2057":" ","2058":" ","2059":" ","2060":" ","2061":"t","2062":"y","2063":"p","2064":"e","2065":":","2066":" ","2067":"O","2068":"b","2069":"j","2070":"e","2071":"c","2072":"t","2073":" ","2074":"a","2075":"s","2076":" ","2077":"P","2078":"r","2079":"o","2080":"p","2081":"T","2082":"y","2083":"p","2084":"e","2085":"<","2086":"D","2087":"a","2088":"t","2089":"e","2090":"I","2091":"n","2092":"t","2093":"e","2094":"r","2095":"v","2096":"a","2097":"l","2098":">","2099":",","2100":"\\","2101":"n","2102":" ","2103":" ","2104":" ","2105":" ","2106":" ","2107":" ","2108":" ","2109":" ","2110":" ","2111":" ","2112":" ","2113":" ","2114":"r","2115":"e","2116":"q","2117":"u","2118":"i","2119":"r","2120":"e","2121":"d","2122":":","2123":" ","2124":"t","2125":"r","2126":"u","2127":"e","2128":"\\","2129":"n","2130":" ","2131":" ","2132":" ","2133":" ","2134":" ","2135":" ","2136":" ","2137":" ","2138":"}","2139":"\\","2140":"n","2141":"}","2142":")","2143":"\\","2144":"n","2145":"\\","2146":"n","2147":"c","2148":"o","2149":"n","2150":"s","2151":"t","2152":" ","2153":"e","2154":"m","2155":"i","2156":"t","2157":" ","2158":"=","2159":" ","2160":"d","2161":"e","2162":"f","2163":"i","2164":"n","2165":"e","2166":"E","2167":"m","2168":"i","2169":"t","2170":"s","2171":"<","2172":" ","2173":"{","2174":"\\","2175":"n","2176":" ","2177":" ","2178":" ","2179":" ","2180":"(","2181":"e","2182":":","2183":" ","2184":"'","2185":"u","2186":"p","2187":"d","2188":"a","2189":"t","2190":"e","2191":"-","2192":"d","2193":"a","2194":"t","2195":"e","2196":"'","2197":",","2198":" ","2199":"v","2200":"a","2201":"l","2202":"u","2203":"e","2204":":","2205":" ","2206":"D","2207":"a","2208":"t","2209":"e","2210":")","2211":":","2212":"v","2213":"o","2214":"i","2215":"d","2216":"\\","2217":"n","2218":" ","2219":" ","2220":" ","2221":" ","2222":"(","2223":"e","2224":":","2225":" ","2226":"'","2227":"u","2228":"p","2229":"d","2230":"a","2231":"t","2232":"e","2233":"D","2234":"a","2235":"t","2236":"e","2237":"I","2238":"n","2239":"t","2240":"e","2241":"r","2242":"v","2243":"a","2244":"l","2245":"'","2246":",","2247":" ","2248":"v","2249":"a","2250":"l","2251":"u","2252":"e","2253":":","2254":" ","2255":"D","2256":"a","2257":"t","2258":"e","2259":"I","2260":"n","2261":"t","2262":"e","2263":"r","2264":"v","2265":"a","2266":"l","2267":")","2268":":","2269":" ","2270":"v","2271":"o","2272":"i","2273":"d","2274":"\\","2275":"n","2276":" ","2277":" ","2278":" ","2279":" ","2280":"(","2281":"e","2282":":","2283":" ","2284":"'","2285":"m","2286":"o","2287":"v","2288":"e","2289":"N","2290":"e","2291":"x","2292":"t","2293":"'","2294":")","2295":":","2296":"v","2297":"o","2298":"i","2299":"d","2300":"\\","2301":"n","2302":" ","2303":" ","2304":" ","2305":" ","2306":"(","2307":"e","2308":":","2309":" ","2310":"'","2311":"m","2312":"o","2313":"v","2314":"e","2315":"B","2316":"a","2317":"c","2318":"k","2319":"'","2320":")","2321":":","2322":"v","2323":"o","2324":"i","2325":"d","2326":"\\","2327":"n","2328":"}","2329":">","2330":"(","2331":")","2332":"\\","2333":"n","2334":"\\","2335":"n","2336":"l","2337":"e","2338":"t","2339":" ","2340":"i","2341":"s","2342":"M","2343":"o","2344":"u","2345":"s","2346":"e","2347":"D","2348":"o","2349":"w","2350":"n","2351":" ","2352":"=","2353":" ","2354":"f","2355":"a","2356":"l","2357":"s","2358":"e","2359":";","2360":"\\","2361":"n","2362":"\\","2363":"n","2364":"f","2365":"u","2366":"n","2367":"c","2368":"t","2369":"i","2370":"o","2371":"n","2372":" ","2373":"u","2374":"p","2375":"d","2376":"a","2377":"t","2378":"e","2379":"D","2380":"a","2381":"t","2382":"e","2383":"(","2384":"d","2385":"a","2386":"t","2387":"e","2388":":","2389":" ","2390":"D","2391":"a","2392":"t","2393":"e","2394":")","2395":" ","2396":"{","2397":"\\","2398":"n","2399":" ","2400":" ","2401":" ","2402":" ","2403":"e","2404":"m","2405":"i","2406":"t","2407":"(","2408":"'","2409":"u","2410":"p","2411":"d","2412":"a","2413":"t","2414":"e","2415":"-","2416":"d","2417":"a","2418":"t","2419":"e","2420":"'","2421":",","2422":" ","2423":"d","2424":"a","2425":"t","2426":"e","2427":" ","2428":")","2429":"\\","2430":"n","2431":"}","2432":"\\","2433":"n","2434":"\\","2435":"n","2436":"f","2437":"u","2438":"n","2439":"c","2440":"t","2441":"i","2442":"o","2443":"n","2444":" ","2445":"u","2446":"p","2447":"d","2448":"a","2449":"t","2450":"e","2451":"I","2452":"n","2453":"t","2454":"e","2455":"r","2456":"v","2457":"a","2458":"l","2459":"(","2460":"v","2461":"a","2462":"l","2463":"u","2464":"e","2465":":","2466":"D","2467":"a","2468":"t","2469":"e","2470":"I","2471":"n","2472":"t","2473":"e","2474":"r","2475":"v","2476":"a","2477":"l","2478":")","2479":" ","2480":"{","2481":"\\","2482":"n","2483":" ","2484":" ","2485":" ","2486":" ","2487":"e","2488":"m","2489":"i","2490":"t","2491":"(","2492":"'","2493":"u","2494":"p","2495":"d","2496":"a","2497":"t","2498":"e","2499":"D","2500":"a","2501":"t","2502":"e","2503":"I","2504":"n","2505":"t","2506":"e","2507":"r","2508":"v","2509":"a","2510":"l","2511":"'","2512":",","2513":" ","2514":"v","2515":"a","2516":"l","2517":"u","2518":"e","2519":")","2520":"\\","2521":"n","2522":"}","2523":"\\","2524":"n","2525":"\\","2526":"n","2527":"f","2528":"u","2529":"n","2530":"c","2531":"t","2532":"i","2533":"o","2534":"n","2535":" ","2536":"h","2537":"a","2538":"n","2539":"d","2540":"l","2541":"e","2542":"M","2543":"o","2544":"u","2545":"s","2546":"e","2547":"U","2548":"p","2549":"(","2550":")","2551":" ","2552":"{","2553":"\\","2554":"n","2555":" ","2556":" ","2557":" ","2558":" ","2559":"r","2560":"e","2561":"m","2562":"o","2563":"v","2564":"e","2565":"E","2566":"v","2567":"e","2568":"n","2569":"t","2570":"L","2571":"i","2572":"s","2573":"t","2574":"e","2575":"n","2576":"e","2577":"r","2578":"(","2579":"'","2580":"m","2581":"o","2582":"u","2583":"s","2584":"e","2585":"u","2586":"p","2587":"'","2588":",","2589":" ","2590":"h","2591":"a","2592":"n","2593":"d","2594":"l","2595":"e","2596":"M","2597":"o","2598":"u","2599":"s","2600":"e","2601":"U","2602":"p","2603":")","2604":"\\","2605":"n","2606":" ","2607":" ","2608":" ","2609":" ","2610":"i","2611":"s","2612":"M","2613":"o","2614":"u","2615":"s","2616":"e","2617":"D","2618":"o","2619":"w","2620":"n","2621":" ","2622":"=","2623":" ","2624":"f","2625":"a","2626":"l","2627":"s","2628":"e","2629":";","2630":"\\","2631":"n","2632":"}","2633":"\\","2634":"n","2635":"\\","2636":"n","2637":"f","2638":"u","2639":"n","2640":"c","2641":"t","2642":"i","2643":"o","2644":"n","2645":" ","2646":"h","2647":"a","2648":"n","2649":"d","2650":"l","2651":"e","2652":"M","2653":"o","2654":"u","2655":"s","2656":"e","2657":"D","2658":"o","2659":"w","2660":"n","2661":"(","2662":"d","2663":"a","2664":"t","2665":"e","2666":":","2667":" ","2668":"D","2669":"a","2670":"t","2671":"e","2672":")","2673":" ","2674":"{","2675":"\\","2676":"n","2677":" ","2678":" ","2679":" ","2680":" ","2681":"u","2682":"p","2683":"d","2684":"a","2685":"t","2686":"e","2687":"I","2688":"n","2689":"t","2690":"e","2691":"r","2692":"v","2693":"a","2694":"l","2695":"(","2696":"{","2697":"f","2698":"r","2699":"o","2700":"m","2701":":","2702":" ","2703":"d","2704":"a","2705":"t","2706":"e","2707":",","2708":" ","2709":"t","2710":"o","2711":":","2712":" ","2713":"d","2714":"a","2715":"t","2716":"e","2717":"}","2718":")","2719":"\\","2720":"n","2721":" ","2722":" ","2723":" ","2724":" ","2725":"a","2726":"d","2727":"d","2728":"E","2729":"v","2730":"e","2731":"n","2732":"t","2733":"L","2734":"i","2735":"s","2736":"t","2737":"e","2738":"n","2739":"e","2740":"r","2741":"(","2742":"'","2743":"m","2744":"o","2745":"u","2746":"s","2747":"e","2748":"u","2749":"p","2750":"'","2751":",","2752":" ","2753":"h","2754":"a","2755":"n","2756":"d","2757":"l","2758":"e","2759":"M","2760":"o","2761":"u","2762":"s","2763":"e","2764":"U","2765":"p","2766":")","2767":"\\","2768":"n","2769":" ","2770":" ","2771":" ","2772":" ","2773":"i","2774":"s","2775":"M","2776":"o","2777":"u","2778":"s","2779":"e","2780":"D","2781":"o","2782":"w","2783":"n","2784":" ","2785":"=","2786":" ","2787":"t","2788":"r","2789":"u","2790":"e","2791":";","2792":"\\","2793":"n","2794":"}","2795":"\\","2796":"n","2797":"\\","2798":"n","2799":"f","2800":"u","2801":"n","2802":"c","2803":"t","2804":"i","2805":"o","2806":"n","2807":" ","2808":"h","2809":"a","2810":"n","2811":"d","2812":"l","2813":"e","2814":"M","2815":"o","2816":"u","2817":"s","2818":"e","2819":"E","2820":"n","2821":"t","2822":"e","2823":"r","2824":"D","2825":"a","2826":"y","2827":"(","2828":"d","2829":"a","2830":"t","2831":"e","2832":":","2833":" ","2834":"D","2835":"a","2836":"t","2837":"e","2838":",","2839":" ","2840":"l","2841":"a","2842":"s","2843":"t","2844":"D","2845":"a","2846":"y","2847":":","2848":" ","2849":"D","2850":"a","2851":"t","2852":"e","2853":")","2854":" ","2855":"{","2856":"\\","2857":"n","2858":" ","2859":" ","2860":" ","2861":" ","2862":"i","2863":"f","2864":"(","2865":"!","2866":"i","2867":"s","2868":"M","2869":"o","2870":"u","2871":"s","2872":"e","2873":"D","2874":"o","2875":"w","2876":"n","2877":")","2878":" ","2879":"r","2880":"e","2881":"t","2882":"u","2883":"r","2884":"n","2885":"\\","2886":"n","2887":" ","2888":" ","2889":" ","2890":" ","2891":"c","2892":"o","2893":"n","2894":"s","2895":"t","2896":" ","2897":"d","2898":"a","2899":"y","2900":"C","2901":"o","2902":"n","2903":"d","2904":" ","2905":"=","2906":" ","2907":"!","2908":"p","2909":"r","2910":"o","2911":"p","2912":"s","2913":".","2914":"s","2915":"h","2916":"o","2917":"w","2918":"T","2919":"y","2920":"p","2921":"e","2922":"D","2923":"a","2924":"y","2925":"M","2926":"o","2927":"n","2928":"t","2929":"h","2930":" ","2931":"&","2932":"&","2933":" ","2934":"i","2935":"s","2936":"A","2937":"f","2938":"t","2939":"e","2940":"r","2941":"D","2942":"a","2943":"y","2944":"(","2945":"p","2946":"r","2947":"o","2948":"p","2949":"s","2950":".","2951":"d","2952":"a","2953":"t","2954":"e","2955":"I","2956":"n","2957":"t","2958":"e","2959":"r","2960":"v","2961":"a","2962":"l","2963":".","2964":"f","2965":"r","2966":"o","2967":"m","2968":",","2969":" ","2970":"d","2971":"a","2972":"t","2973":"e","2974":")","2975":"\\","2976":"n","2977":" ","2978":" ","2979":" ","2980":" ","2981":"i","2982":"f","2983":" ","2984":"(","2985":"!","2986":"d","2987":"a","2988":"y","2989":"C","2990":"o","2991":"n","2992":"d","2993":")","2994":" ","2995":"r","2996":"e","2997":"t","2998":"u","2999":"r","3000":"n","3001":"\\","3002":"n","3003":" ","3004":" ","3005":" ","3006":" ","3007":"c","3008":"o","3009":"n","3010":"s","3011":"t","3012":" ","3013":"i","3014":"s","3015":"L","3016":"a","3017":"s","3018":"t","3019":"D","3020":"a","3021":"y","3022":" ","3023":"=","3024":" ","3025":"i","3026":"s","3027":"S","3028":"a","3029":"m","3030":"e","3031":"D","3032":"a","3033":"t","3034":"e","3035":"(","3036":"l","3037":"a","3038":"s","3039":"t","3040":"D","3041":"a","3042":"y","3043":",","3044":" ","3045":"d","3046":"a","3047":"t","3048":"e","3049":",","3050":" ","3051":"'","3052":"d","3053":"a","3054":"y","3055":"'","3056":")","3057":"\\","3058":"n","3059":" ","3060":" ","3061":" ","3062":" ","3063":"i","3064":"f","3065":" ","3066":"(","3067":"i","3068":"s","3069":"L","3070":"a","3071":"s","3072":"t","3073":"D","3074":"a","3075":"y","3076":")","3077":" ","3078":"{","3079":"\\","3080":"n","3081":" ","3082":" ","3083":" ","3084":" ","3085":" ","3086":" ","3087":" ","3088":" ","3089":"s","3090":"e","3091":"t","3092":"T","3093":"i","3094":"m","3095":"e","3096":"o","3097":"u","3098":"t","3099":"(","3100":"(","3101":")","3102":"=","3103":">","3104":"e","3105":"m","3106":"i","3107":"t","3108":"(","3109":"'","3110":"m","3111":"o","3112":"v","3113":"e","3114":"N","3115":"e","3116":"x","3117":"t","3118":"'","3119":")","3120":",","3121":"1","3122":"0","3123":"0","3124":"0","3125":")","3126":"\\","3127":"n","3128":" ","3129":" ","3130":" ","3131":" ","3132":"}","3133":"\\","3134":"n","3135":" ","3136":" ","3137":" ","3138":" ","3139":"u","3140":"p","3141":"d","3142":"a","3143":"t","3144":"e","3145":"I","3146":"n","3147":"t","3148":"e","3149":"r","3150":"v","3151":"a","3152":"l","3153":"(","3154":"{","3155":"f","3156":"r","3157":"o","3158":"m","3159":":","3160":" ","3161":"p","3162":"r","3163":"o","3164":"p","3165":"s","3166":".","3167":"d","3168":"a","3169":"t","3170":"e","3171":"I","3172":"n","3173":"t","3174":"e","3175":"r","3176":"v","3177":"a","3178":"l","3179":".","3180":"f","3181":"r","3182":"o","3183":"m","3184":",","3185":" ","3186":"t","3187":"o","3188":":","3189":" ","3190":"d","3191":"a","3192":"t","3193":"e","3194":"}","3195":")","3196":"\\","3197":"n","3198":"}","3199":"\\","3200":"n","3201":"\\","3202":"n","3203":"f","3204":"u","3205":"n","3206":"c","3207":"t","3208":"i","3209":"o","3210":"n","3211":" ","3212":"h","3213":"a","3214":"n","3215":"d","3216":"l","3217":"e","3218":"M","3219":"o","3220":"u","3221":"s","3222":"e","3223":"E","3224":"n","3225":"t","3226":"e","3227":"r","3228":"M","3229":"o","3230":"n","3231":"t","3232":"h","3233":"(","3234":"d","3235":"a","3236":"t","3237":"e","3238":":","3239":" ","3240":"D","3241":"a","3242":"t","3243":"e","3244":")","3245":" ","3246":"{","3247":"\\","3248":"n","3249":" ","3250":" ","3251":" ","3252":" ","3253":"i","3254":"f","3255":"(","3256":"!","3257":"i","3258":"s","3259":"M","3260":"o","3261":"u","3262":"s","3263":"e","3264":"D","3265":"o","3266":"w","3267":"n","3268":")","3269":" ","3270":"r","3271":"e","3272":"t","3273":"u","3274":"r","3275":"n","3276":"\\","3277":"n","3278":" ","3279":" ","3280":" ","3281":" ","3282":"c","3283":"o","3284":"n","3285":"s","3286":"t","3287":" ","3288":"m","3289":"o","3290":"n","3291":"t","3292":"h","3293":"C","3294":"o","3295":"n","3296":"d","3297":" ","3298":"=","3299":" ","3300":"p","3301":"r","3302":"o","3303":"p","3304":"s","3305":".","3306":"s","3307":"h","3308":"o","3309":"w","3310":"T","3311":"y","3312":"p","3313":"e","3314":"D","3315":"a","3316":"y","3317":"M","3318":"o","3319":"n","3320":"t","3321":"h","3322":" ","3323":"&","3324":"&","3325":" ","3326":"i","3327":"s","3328":"A","3329":"f","3330":"t","3331":"e","3332":"r","3333":"M","3334":"o","3335":"n","3336":"t","3337":"h","3338":"(","3339":"p","3340":"r","3341":"o","3342":"p","3343":"s","3344":".","3345":"d","3346":"a","3347":"t","3348":"e","3349":"I","3350":"n","3351":"t","3352":"e","3353":"r","3354":"v","3355":"a","3356":"l","3357":".","3358":"f","3359":"r","3360":"o","3361":"m","3362":",","3363":" ","3364":"d","3365":"a","3366":"t","3367":"e","3368":")","3369":"\\","3370":"n","3371":" ","3372":" ","3373":" ","3374":" ","3375":"i","3376":"f","3377":" ","3378":"(","3379":"!","3380":"m","3381":"o","3382":"n","3383":"t","3384":"h","3385":"C","3386":"o","3387":"n","3388":"d","3389":")","3390":" ","3391":"r","3392":"e","3393":"t","3394":"u","3395":"r","3396":"n","3397":"\\","3398":"n","3399":" ","3400":" ","3401":" ","3402":" ","3403":"c","3404":"o","3405":"n","3406":"s","3407":"t","3408":" ","3409":"l","3410":"a","3411":"s","3412":"t","3413":"M","3414":"o","3415":"n","3416":"t","3417":"h","3418":" ","3419":"=","3420":" ","3421":"n","3422":"e","3423":"w","3424":" ","3425":"D","3426":"a","3427":"t","3428":"e","3429":"(","3430":"p","3431":"r","3432":"o","3433":"p","3434":"s","3435":".","3436":"c","3437":"a","3438":"l","3439":"e","3440":"n","3441":"d","3442":"a","3443":"r","3444":"T","3445":"o","3446":"S","3447":"h","3448":"o","3449":"w","3450":"i","3451":"n","3452":"g","3453":"D","3454":"a","3455":"t","3456":"e","3457":"!","3458":".","3459":"g","3460":"e","3461":"t","3462":"F","3463":"u","3464":"l","3465":"l","3466":"Y","3467":"e","3468":"a","3469":"r","3470":"(","3471":")","3472":",","3473":" ","3474":"1","3475":"1","3476":")","3477":"\\","3478":"n","3479":" ","3480":" ","3481":" ","3482":" ","3483":"c","3484":"o","3485":"n","3486":"s","3487":"t","3488":" ","3489":"i","3490":"s","3491":"L","3492":"a","3493":"s","3494":"t","3495":"M","3496":"o","3497":"n","3498":"t","3499":"h","3500":" ","3501":"=","3502":" ","3503":"i","3504":"s","3505":"S","3506":"a","3507":"m","3508":"e","3509":"D","3510":"a","3511":"t","3512":"e","3513":"(","3514":"l","3515":"a","3516":"s","3517":"t","3518":"M","3519":"o","3520":"n","3521":"t","3522":"h","3523":",","3524":" ","3525":"d","3526":"a","3527":"t","3528":"e","3529":",","3530":" ","3531":"'","3532":"m","3533":"o","3534":"n","3535":"t","3536":"h","3537":"'","3538":")","3539":"\\","3540":"n","3541":" ","3542":" ","3543":" ","3544":" ","3545":"i","3546":"f","3547":" ","3548":"(","3549":"i","3550":"s","3551":"L","3552":"a","3553":"s","3554":"t","3555":"M","3556":"o","3557":"n","3558":"t","3559":"h","3560":")","3561":" ","3562":"{","3563":"\\","3564":"n","3565":" ","3566":" ","3567":" ","3568":" ","3569":" ","3570":" ","3571":" ","3572":" ","3573":"s","3574":"e","3575":"t","3576":"T","3577":"i","3578":"m","3579":"e","3580":"o","3581":"u","3582":"t","3583":"(","3584":"(","3585":")","3586":"=","3587":">","3588":"e","3589":"m","3590":"i","3591":"t","3592":"(","3593":"'","3594":"m","3595":"o","3596":"v","3597":"e","3598":"N","3599":"e","3600":"x","3601":"t","3602":"'","3603":")","3604":",","3605":"1","3606":"0","3607":"0","3608":"0","3609":")","3610":"\\","3611":"n","3612":" ","3613":" ","3614":" ","3615":" ","3616":"}","3617":"\\","3618":"n","3619":" ","3620":" ","3621":" ","3622":" ","3623":"u","3624":"p","3625":"d","3626":"a","3627":"t","3628":"e","3629":"I","3630":"n","3631":"t","3632":"e","3633":"r","3634":"v","3635":"a","3636":"l","3637":"(","3638":"{","3639":"f","3640":"r","3641":"o","3642":"m","3643":":","3644":" ","3645":"p","3646":"r","3647":"o","3648":"p","3649":"s","3650":".","3651":"d","3652":"a","3653":"t","3654":"e","3655":"I","3656":"n","3657":"t","3658":"e","3659":"r","3660":"v","3661":"a","3662":"l","3663":".","3664":"f","3665":"r","3666":"o","3667":"m","3668":",","3669":" ","3670":"t","3671":"o","3672":":","3673":" ","3674":"d","3675":"a","3676":"t","3677":"e","3678":"}","3679":")","3680":"\\","3681":"n","3682":"}","3683":"\\","3684":"n","3685":"\\","3686":"n","3687":"<","3688":"/","3689":"s","3690":"c","3691":"r","3692":"i","3693":"p","3694":"t","3695":">","3696":"\\","3697":"n","3698":"\\","3699":"n","3700":"\\","3701":"n","3702":"<","3703":"t","3704":"e","3705":"m","3706":"p","3707":"l","3708":"a","3709":"t","3710":"e","3711":">","3712":"\\","3713":"n","3714":" ","3715":" ","3716":" ","3717":" ","3718":"<","3719":"d","3720":"i","3721":"v","3722":">","3723":"\\","3724":"n","3725":" ","3726":" ","3727":" ","3728":" ","3729":" ","3730":" ","3731":" ","3732":" ","3733":" ","3734":" ","3735":" ","3736":" ","3737":"<","3738":"d","3739":"i","3740":"v","3741":" ","3742":"c","3743":"l","3744":"a","3745":"s","3746":"s","3747":"=","3748":"\\","3749":"\"","3750":"c","3751":"a","3752":"l","3753":"e","3754":"n","3755":"d","3756":"a","3757":"r","3758":"-","3759":"c","3760":"o","3761":"n","3762":"t","3763":"a","3764":"i","3765":"n","3766":"e","3767":"r","3768":"_","3769":"_","3770":"c","3771":"a","3772":"r","3773":"d","3774":"s","3775":"\\","3776":"\"","3777":" ","3778":"v","3779":"-","3780":"i","3781":"f","3782":"=","3783":"\\","3784":"\"","3785":"!","3786":"p","3787":"r","3788":"o","3789":"p","3790":"s","3791":".","3792":"s","3793":"h","3794":"o","3795":"w","3796":"T","3797":"y","3798":"p","3799":"e","3800":"D","3801":"a","3802":"y","3803":"M","3804":"o","3805":"n","3806":"t","3807":"h","3808":"\\","3809":"\"","3810":">","3811":"\\","3812":"n","3813":"\\","3814":"n","3815":" ","3816":" ","3817":" ","3818":" ","3819":" ","3820":" ","3821":" ","3822":" ","3823":" ","3824":" ","3825":" ","3826":" ","3827":" ","3828":" ","3829":" ","3830":" ","3831":"<","3832":"D","3833":"a","3834":"t","3835":"e","3836":"C","3837":"a","3838":"l","3839":"e","3840":"n","3841":"d","3842":"a","3843":"r","3844":"V","3845":"u","3846":"e","3847":"\\","3848":"n","3849":" ","3850":" ","3851":" ","3852":" ","3853":" ","3854":" ","3855":" ","3856":" ","3857":" ","3858":" ","3859":" ","3860":" ","3861":" ","3862":" ","3863":" ","3864":" ","3865":" ","3866":" ","3867":" ","3868":" ","3869":"d","3870":"a","3871":"t","3872":"a","3873":"-","3874":"t","3875":"e","3876":"s","3877":"t","3878":"=","3879":"\\","3880":"\"","3881":"c","3882":"a","3883":"l","3884":"e","3885":"n","3886":"d","3887":"a","3888":"r","3889":"-","3890":"f","3891":"r","3892":"o","3893":"m","3894":"\\","3895":"\"","3896":"\\","3897":"n","3898":" ","3899":" ","3900":" ","3901":" ","3902":" ","3903":" ","3904":" ","3905":" ","3906":" ","3907":" ","3908":" ","3909":" ","3910":" ","3911":" ","3912":" ","3913":" ","3914":" ","3915":" ","3916":" ","3917":" ","3918":":","3919":"i","3920":"s","3921":"-","3922":"l","3923":"a","3924":"s","3925":"t","3926":"=","3927":"\\","3928":"\"","3929":"f","3930":"a","3931":"l","3932":"s","3933":"e","3934":"\\","3935":"\"","3936":"\\","3937":"n","3938":" ","3939":" ","3940":" ","3941":" ","3942":" ","3943":" ","3944":" ","3945":" ","3946":" ","3947":" ","3948":" ","3949":" ","3950":" ","3951":" ","3952":" ","3953":" ","3954":" ","3955":" ","3956":" ","3957":" ","3958":":","3959":"d","3960":"a","3961":"t","3962":"e","3963":"=","3964":"\\","3965":"\"","3966":"d","3967":"a","3968":"t","3969":"e","3970":"\\","3971":"\"","3972":"\\","3973":"n","3974":" ","3975":" ","3976":" ","3977":" ","3978":" ","3979":" ","3980":" ","3981":" ","3982":" ","3983":" ","3984":" ","3985":" ","3986":" ","3987":" ","3988":" ","3989":" ","3990":" ","3991":" ","3992":" ","3993":" ","3994":":","3995":"s","3996":"h","3997":"o","3998":"w","3999":"i","4000":"n","4001":"g","4002":"D","4003":"a","4004":"t","4005":"e","4006":"=","4007":"\\","4008":"\"","4009":"c","4010":"a","4011":"l","4012":"e","4013":"n","4014":"d","4015":"a","4016":"r","4017":"F","4018":"r","4019":"o","4020":"m","4021":"S","4022":"h","4023":"o","4024":"w","4025":"i","4026":"n","4027":"g","4028":"D","4029":"a","4030":"t","4031":"e","4032":"\\","4033":"\"","4034":" ","4035":"\\","4036":"n","4037":" ","4038":" ","4039":" ","4040":" ","4041":" ","4042":" ","4043":" ","4044":" ","4045":" ","4046":" ","4047":" ","4048":" ","4049":" ","4050":" ","4051":" ","4052":" ","4053":" ","4054":" ","4055":" ","4056":" ","4057":":","4058":"l","4059":"e","4060":"f","4061":"t","4062":"A","4063":"r","4064":"r","4065":"o","4066":"w","4067":"=","4068":"\\","4069":"\"","4070":"t","4071":"r","4072":"u","4073":"e","4074":"\\","4075":"\"","4076":"\\","4077":"n","4078":" ","4079":" ","4080":" ","4081":" ","4082":" ","4083":" ","4084":" ","4085":" ","4086":" ","4087":" ","4088":" ","4089":" ","4090":" ","4091":" ","4092":" ","4093":" ","4094":" ","4095":" ","4096":" ","4097":" ","4098":":","4099":"d","4100":"a","4101":"t","4102":"e","4103":"I","4104":"n","4105":"t","4106":"e","4107":"r","4108":"v","4109":"a","4110":"l","4111":"=","4112":"\\","4113":"\"","4114":"p","4115":"r","4116":"o","4117":"p","4118":"s","4119":".","4120":"d","4121":"a","4122":"t","4123":"e","4124":"I","4125":"n","4126":"t","4127":"e","4128":"r","4129":"v","4130":"a","4131":"l","4132":"\\","4133":"\"","4134":"\\","4135":"n","4136":" ","4137":" ","4138":" ","4139":" ","4140":" ","4141":" ","4142":" ","4143":" ","4144":" ","4145":" ","4146":" ","4147":" ","4148":" ","4149":" ","4150":" ","4151":" ","4152":" ","4153":" ","4154":" ","4155":" ","4156":"@","4157":"u","4158":"p","4159":"d","4160":"a","4161":"t","4162":"e","4163":"-","4164":"d","4165":"a","4166":"t","4167":"e","4168":" ","4169":"=","4170":"\\","4171":"\"","4172":"u","4173":"p","4174":"d","4175":"a","4176":"t","4177":"e","4178":"D","4179":"a","4180":"t","4181":"e","4182":"\\","4183":"\"","4184":" ","4185":"\\","4186":"n","4187":" ","4188":" ","4189":" ","4190":" ","4191":" ","4192":" ","4193":" ","4194":" ","4195":" ","4196":" ","4197":" ","4198":" ","4199":" ","4200":" ","4201":" ","4202":" ","4203":" ","4204":" ","4205":" ","4206":" ","4207":"@","4208":"m","4209":"o","4210":"v","4211":"e","4212":"B","4213":"a","4214":"c","4215":"k","4216":"=","4217":"\\","4218":"\"","4219":"$","4220":"e","4221":"m","4222":"i","4223":"t","4224":"(","4225":"'","4226":"m","4227":"o","4228":"v","4229":"e","4230":"B","4231":"a","4232":"c","4233":"k","4234":"'","4235":")","4236":"\\","4237":"\"","4238":"\\","4239":"n","4240":" ","4241":" ","4242":" ","4243":" ","4244":" ","4245":" ","4246":" ","4247":" ","4248":" ","4249":" ","4250":" ","4251":" ","4252":" ","4253":" ","4254":" ","4255":" ","4256":" ","4257":" ","4258":" ","4259":" ","4260":"@","4261":"u","4262":"p","4263":"d","4264":"a","4265":"t","4266":"e","4267":"D","4268":"a","4269":"t","4270":"e","4271":"I","4272":"n","4273":"t","4274":"e","4275":"r","4276":"v","4277":"a","4278":"l","4279":"=","4280":"\\","4281":"\"","4282":"(","4283":"v","4284":"a","4285":"l","4286":"u","4287":"e","4288":")","4289":" ","4290":"=","4291":">","4292":" ","4293":"$","4294":"e","4295":"m","4296":"i","4297":"t","4298":"(","4299":"'","4300":"u","4301":"p","4302":"d","4303":"a","4304":"t","4305":"e","4306":"D","4307":"a","4308":"t","4309":"e","4310":"I","4311":"n","4312":"t","4313":"e","4314":"r","4315":"v","4316":"a","4317":"l","4318":"'","4319":",","4320":" ","4321":"v","4322":"a","4323":"l","4324":"u","4325":"e","4326":")","4327":"\\","4328":"\"","4329":" ","4330":"\\","4331":"n","4332":" ","4333":" ","4334":" ","4335":" ","4336":" ","4337":" ","4338":" ","4339":" ","4340":" ","4341":" ","4342":" ","4343":" ","4344":" ","4345":" ","4346":" ","4347":" ","4348":" ","4349":" ","4350":" ","4351":" ","4352":"@","4353":"h","4354":"a","4355":"n","4356":"d","4357":"l","4358":"e","4359":"-","4360":"m","4361":"o","4362":"u","4363":"s","4364":"e","4365":"-","4366":"d","4367":"o","4368":"w","4369":"n","4370":"=","4371":"\\","4372":"\"","4373":"h","4374":"a","4375":"n","4376":"d","4377":"l","4378":"e","4379":"M","4380":"o","4381":"u","4382":"s","4383":"e","4384":"D","4385":"o","4386":"w","4387":"n","4388":"\\","4389":"\"","4390":"\\","4391":"n","4392":" ","4393":" ","4394":" ","4395":" ","4396":" ","4397":" ","4398":" ","4399":" ","4400":" ","4401":" ","4402":" ","4403":" ","4404":" ","4405":" ","4406":" ","4407":" ","4408":" ","4409":" ","4410":" ","4411":" ","4412":"@","4413":"h","4414":"a","4415":"n","4416":"d","4417":"l","4418":"e","4419":"-","4420":"m","4421":"o","4422":"u","4423":"s","4424":"e","4425":"-","4426":"e","4427":"n","4428":"t","4429":"e","4430":"r","4431":"=","4432":"\\","4433":"\"","4434":"h","4435":"a","4436":"n","4437":"d","4438":"l","4439":"e","4440":"M","4441":"o","4442":"u","4443":"s","4444":"e","4445":"E","4446":"n","4447":"t","4448":"e","4449":"r","4450":"D","4451":"a","4452":"y","4453":"\\","4454":"\"","4455":"\\","4456":"n","4457":" ","4458":" ","4459":" ","4460":" ","4461":" ","4462":" ","4463":" ","4464":" ","4465":" ","4466":" ","4467":" ","4468":" ","4469":" ","4470":" ","4471":" ","4472":" ","4473":"/","4474":">","4475":"\\","4476":"n","4477":"\\","4478":"n","4479":" ","4480":" ","4481":" ","4482":" ","4483":" ","4484":" ","4485":" ","4486":" ","4487":" ","4488":" ","4489":" ","4490":" ","4491":" ","4492":" ","4493":" ","4494":" ","4495":"<","4496":"D","4497":"a","4498":"t","4499":"e","4500":"C","4501":"a","4502":"l","4503":"e","4504":"n","4505":"d","4506":"a","4507":"r","4508":"V","4509":"u","4510":"e","4511":"\\","4512":"n","4513":" ","4514":" ","4515":" ","4516":" ","4517":" ","4518":" ","4519":" ","4520":" ","4521":" ","4522":" ","4523":" ","4524":" ","4525":" ","4526":" ","4527":" ","4528":" ","4529":" ","4530":" ","4531":" ","4532":" ","4533":":","4534":"i","4535":"s","4536":"-","4537":"l","4538":"a","4539":"s","4540":"t","4541":"=","4542":"\\","4543":"\"","4544":"t","4545":"r","4546":"u","4547":"e","4548":"\\","4549":"\"","4550":"\\","4551":"n","4552":" ","4553":" ","4554":" ","4555":" ","4556":" ","4557":" ","4558":" ","4559":" ","4560":" ","4561":" ","4562":" ","4563":" ","4564":" ","4565":" ","4566":" ","4567":" ","4568":" ","4569":" ","4570":" ","4571":" ","4572":":","4573":"d","4574":"a","4575":"t","4576":"e","4577":"=","4578":"\\","4579":"\"","4580":"d","4581":"a","4582":"t","4583":"e","4584":"\\","4585":"\"","4586":"\\","4587":"n","4588":" ","4589":" ","4590":" ","4591":" ","4592":" ","4593":" ","4594":" ","4595":" ","4596":" ","4597":" ","4598":" ","4599":" ","4600":" ","4601":" ","4602":" ","4603":" ","4604":" ","4605":" ","4606":" ","4607":" ","4608":":","4609":"s","4610":"h","4611":"o","4612":"w","4613":"i","4614":"n","4615":"g","4616":"D","4617":"a","4618":"t","4619":"e","4620":"=","4621":"\\","4622":"\"","4623":"c","4624":"a","4625":"l","4626":"e","4627":"n","4628":"d","4629":"a","4630":"r","4631":"T","4632":"o","4633":"S","4634":"h","4635":"o","4636":"w","4637":"i","4638":"n","4639":"g","4640":"D","4641":"a","4642":"t","4643":"e","4644":"\\","4645":"\"","4646":" ","4647":"\\","4648":"n","4649":" ","4650":" ","4651":" ","4652":" ","4653":" ","4654":" ","4655":" ","4656":" ","4657":" ","4658":" ","4659":" ","4660":" ","4661":" ","4662":" ","4663":" ","4664":" ","4665":" ","4666":" ","4667":" ","4668":" ","4669":":","4670":"r","4671":"i","4672":"g","4673":"h","4674":"t","4675":"A","4676":"r","4677":"r","4678":"o","4679":"w","4680":"=","4681":"\\","4682":"\"","4683":"t","4684":"r","4685":"u","4686":"e","4687":"\\","4688":"\"","4689":" ","4690":"\\","4691":"n","4692":" ","4693":" ","4694":" ","4695":" ","4696":" ","4697":" ","4698":" ","4699":" ","4700":" ","4701":" ","4702":" ","4703":" ","4704":" ","4705":" ","4706":" ","4707":" ","4708":" ","4709":" ","4710":" ","4711":" ","4712":":","4713":"d","4714":"a","4715":"t","4716":"e","4717":"I","4718":"n","4719":"t","4720":"e","4721":"r","4722":"v","4723":"a","4724":"l","4725":"=","4726":"\\","4727":"\"","4728":"p","4729":"r","4730":"o","4731":"p","4732":"s","4733":".","4734":"d","4735":"a","4736":"t","4737":"e","4738":"I","4739":"n","4740":"t","4741":"e","4742":"r","4743":"v","4744":"a","4745":"l","4746":"\\","4747":"\"","4748":"\\","4749":"n","4750":" ","4751":" ","4752":" ","4753":" ","4754":" ","4755":" ","4756":" ","4757":" ","4758":" ","4759":" ","4760":" ","4761":" ","4762":" ","4763":" ","4764":" ","4765":" ","4766":" ","4767":" ","4768":" ","4769":" ","4770":"@","4771":"u","4772":"p","4773":"d","4774":"a","4775":"t","4776":"e","4777":"-","4778":"d","4779":"a","4780":"t","4781":"e","4782":"=","4783":"\\","4784":"\"","4785":"u","4786":"p","4787":"d","4788":"a","4789":"t","4790":"e","4791":"D","4792":"a","4793":"t","4794":"e","4795":"\\","4796":"\"","4797":" ","4798":"\\","4799":"n","4800":" ","4801":" ","4802":" ","4803":" ","4804":" ","4805":" ","4806":" ","4807":" ","4808":" ","4809":" ","4810":" ","4811":" ","4812":" ","4813":" ","4814":" ","4815":" ","4816":" ","4817":" ","4818":" ","4819":" ","4820":"@","4821":"m","4822":"o","4823":"v","4824":"e","4825":"N","4826":"e","4827":"x","4828":"t","4829":"=","4830":"\\","4831":"\"","4832":"$","4833":"e","4834":"m","4835":"i","4836":"t","4837":"(","4838":"'","4839":"m","4840":"o","4841":"v","4842":"e","4843":"N","4844":"e","4845":"x","4846":"t","4847":"'","4848":")","4849":"\\","4850":"\"","4851":"\\","4852":"n","4853":" ","4854":" ","4855":" ","4856":" ","4857":" ","4858":" ","4859":" ","4860":" ","4861":" ","4862":" ","4863":" ","4864":" ","4865":" ","4866":" ","4867":" ","4868":" ","4869":" ","4870":" ","4871":" ","4872":" ","4873":"@","4874":"u","4875":"p","4876":"d","4877":"a","4878":"t","4879":"e","4880":"D","4881":"a","4882":"t","4883":"e","4884":"I","4885":"n","4886":"t","4887":"e","4888":"r","4889":"v","4890":"a","4891":"l","4892":"=","4893":"\\","4894":"\"","4895":"(","4896":"v","4897":"a","4898":"l","4899":"u","4900":"e","4901":")","4902":" ","4903":"=","4904":">","4905":" ","4906":"$","4907":"e","4908":"m","4909":"i","4910":"t","4911":"(","4912":"'","4913":"u","4914":"p","4915":"d","4916":"a","4917":"t","4918":"e","4919":"D","4920":"a","4921":"t","4922":"e","4923":"I","4924":"n","4925":"t","4926":"e","4927":"r","4928":"v","4929":"a","4930":"l","4931":"'","4932":",","4933":" ","4934":"v","4935":"a","4936":"l","4937":"u","4938":"e","4939":")","4940":"\\","4941":"\"","4942":"\\","4943":"n","4944":" ","4945":" ","4946":" ","4947":" ","4948":" ","4949":" ","4950":" ","4951":" ","4952":" ","4953":" ","4954":" ","4955":" ","4956":" ","4957":" ","4958":" ","4959":" ","4960":" ","4961":" ","4962":" ","4963":" ","4964":"@","4965":"h","4966":"a","4967":"n","4968":"d","4969":"l","4970":"e","4971":"-","4972":"m","4973":"o","4974":"u","4975":"s","4976":"e","4977":"-","4978":"d","4979":"o","4980":"w","4981":"n","4982":"=","4983":"\\","4984":"\"","4985":"h","4986":"a","4987":"n","4988":"d","4989":"l","4990":"e","4991":"M","4992":"o","4993":"u","4994":"s","4995":"e","4996":"D","4997":"o","4998":"w","4999":"n","5000":"\\","5001":"\"","5002":"\\","5003":"n","5004":" ","5005":" ","5006":" ","5007":" ","5008":" ","5009":" ","5010":" ","5011":" ","5012":" ","5013":" ","5014":" ","5015":" ","5016":" ","5017":" ","5018":" ","5019":" ","5020":" ","5021":" ","5022":" ","5023":" ","5024":"@","5025":"h","5026":"a","5027":"n","5028":"d","5029":"l","5030":"e","5031":"-","5032":"m","5033":"o","5034":"u","5035":"s","5036":"e","5037":"-","5038":"e","5039":"n","5040":"t","5041":"e","5042":"r","5043":"=","5044":"\\","5045":"\"","5046":"h","5047":"a","5048":"n","5049":"d","5050":"l","5051":"e","5052":"M","5053":"o","5054":"u","5055":"s","5056":"e","5057":"E","5058":"n","5059":"t","5060":"e","5061":"r","5062":"D","5063":"a","5064":"y","5065":"\\","5066":"\"","5067":"\\","5068":"n","5069":" ","5070":" ","5071":" ","5072":" ","5073":" ","5074":" ","5075":" ","5076":" ","5077":" ","5078":" ","5079":" ","5080":" ","5081":" ","5082":" ","5083":" ","5084":" ","5085":"/","5086":">","5087":"\\","5088":"n","5089":" ","5090":" ","5091":" ","5092":" ","5093":" ","5094":" ","5095":" ","5096":" ","5097":" ","5098":" ","5099":" ","5100":" ","5101":"<","5102":"/","5103":"d","5104":"i","5105":"v","5106":">","5107":"\\","5108":"n","5109":"\\","5110":"n","5111":"\\","5112":"n","5113":" ","5114":" ","5115":" ","5116":" ","5117":" ","5118":" ","5119":" ","5120":" ","5121":" ","5122":" ","5123":" ","5124":" ","5125":"<","5126":"d","5127":"i","5128":"v","5129":" ","5130":"c","5131":"l","5132":"a","5133":"s","5134":"s","5135":"=","5136":"\\","5137":"\"","5138":"c","5139":"a","5140":"l","5141":"e","5142":"n","5143":"d","5144":"a","5145":"r","5146":"-","5147":"c","5148":"o","5149":"n","5150":"t","5151":"a","5152":"i","5153":"n","5154":"e","5155":"r","5156":"_","5157":"_","5158":"c","5159":"a","5160":"r","5161":"d","5162":"s","5163":"\\","5164":"\"","5165":" ","5166":"v","5167":"-","5168":"e","5169":"l","5170":"s","5171":"e","5172":">","5173":"\\","5174":"n","5175":"\\","5176":"n","5177":" ","5178":" ","5179":" ","5180":" ","5181":" ","5182":" ","5183":" ","5184":" ","5185":" ","5186":" ","5187":" ","5188":" ","5189":" ","5190":" ","5191":" ","5192":" ","5193":"<","5194":"M","5195":"o","5196":"n","5197":"t","5198":"h","5199":"C","5200":"a","5201":"l","5202":"e","5203":"n","5204":"d","5205":"a","5206":"r","5207":"V","5208":"u","5209":"e","5210":"\\","5211":"n","5212":" ","5213":" ","5214":" ","5215":" ","5216":" ","5217":" ","5218":" ","5219":" ","5220":" ","5221":" ","5222":" ","5223":" ","5224":" ","5225":" ","5226":" ","5227":" ","5228":" ","5229":" ","5230":" ","5231":" ","5232":":","5233":"s","5234":"h","5235":"o","5236":"w","5237":"i","5238":"n","5239":"g","5240":"D","5241":"a","5242":"t","5243":"e","5244":"=","5245":"\\","5246":"\"","5247":"c","5248":"a","5249":"l","5250":"e","5251":"n","5252":"d","5253":"a","5254":"r","5255":"F","5256":"r","5257":"o","5258":"m","5259":"S","5260":"h","5261":"o","5262":"w","5263":"i","5264":"n","5265":"g","5266":"D","5267":"a","5268":"t","5269":"e","5270":"\\","5271":"\"","5272":" ","5273":"\\","5274":"n","5275":" ","5276":" "
[...]
7932":"p","7933":"t","7934":"i","7935":"o","7936":"n","7937":".","7938":"k","7939":"e","7940":"y","7941":")","7942":"\\","7943":"\"","7944":"\\","7945":"n","7946":" ","7947":" ","7948":" ","7949":" ","7950":" ","7951":" ","7952":" ","7953":" ","7954":" ","7955":" ","7956":" ","7957":" ","7958":" ","7959":" ","7960":" ","7961":" ","7962":"d","7963":"a","7964":"t","7965":"a","7966":"-","7967":"t","7968":"e","7969":"s","7970":"t","7971":"=","7972":"\\","7973":"\"","7974":"o","7975":"p","7976":"t","7977":"i","7978":"o","7979":"n","7980":"E","7981":"l","7982":"e","7983":"m","7984":"e","7985":"n","7986":"t","7987":"\\","7988":"\"","7989":"\\","7990":"n","7991":" ","7992":" ","7993":" ","7994":" ","7995":" ","7996":" ","7997":" ","7998":" ","7999":" ","8000":" ","8001":" ","8002":" ","8003":">","8004":"\\","8005":"n","8006":" ","8007":" ","8008":" ","8009":" ","8010":" ","8011":" ","8012":" ","8013":" ","8014":" ","8015":" ","8016":" ","8017":" ","8018":"<","8019":"i","8020":"n","8021":"p","8022":"u","8023":"t","8024":" ","8025":"t","8026":"y","8027":"p","8028":"e","8029":"=","8030":"\\","8031":"\"","8032":"b","8033":"u","8034":"t","8035":"t","8036":"o","8037":"n","8038":"\\","8039":"\"","8040":" ","8041":":","8042":"v","8043":"a","8044":"l","8045":"u","8046":"e","8047":"=","8048":"\\","8049":"\"","8050":"d","8051":"a","8052":"y","8053":"O","8054":"p","8055":"t","8056":"i","8057":"o","8058":"n","8059":".","8060":"v","8061":"a","8062":"l","8063":"u","8064":"e","8065":"\\","8066":"\"","8067":" ","8068":" ","8069":"c","8070":"l","8071":"a","8072":"s","8073":"s","8074":"=","8075":"\\","8076":"\"","8077":" ","8078":"c","8079":"a","8080":"l","8081":"e","8082":"n","8083":"d","8084":"a","8085":"r","8086":"-","8087":"s","8088":"i","8089":"d","8090":"e","8091":"B","8092":"a","8093":"r","8094":"_","8095":"_","8096":"i","8097":"n","8098":"p","8099":"u","8100":"t","8101":"\\","8102":"\"","8103":"\\","8104":"n","8105":" ","8106":" ","8107":" ","8108":" ","8109":" ","8110":" ","8111":" ","8112":" ","8113":" ","8114":" ","8115":" ","8116":" ","8117":"@","8118":"m","8119":"o","8120":"u","8121":"s","8122":"e","8123":"o","8124":"v","8125":"e","8126":"r","8127":"=","8128":"\\","8129":"\"","8130":"h","8131":"o","8132":"v","8133":"e","8134":"r","8135":" ","8136":"=","8137":" ","8138":"t","8139":"r","8140":"u","8141":"e","8142":"\\","8143":"\"","8144":" ","8145":"@","8146":"m","8147":"o","8148":"u","8149":"s","8150":"e","8151":"l","8152":"e","8153":"a","8154":"v","8155":"e","8156":"=","8157":"\\","8158":"\"","8159":"h","8160":"o","8161":"v","8162":"e","8163":"r","8164":"=","8165":"f","8166":"a","8167":"l","8168":"s","8169":"e","8170":"\\","8171":"\"","8172":">","8173":"<","8174":"/","8175":"l","8176":"i","8177":">","8178":"\\","8179":"n","8180":" ","8181":" ","8182":" ","8183":" ","8184":" ","8185":" ","8186":" ","8187":" ","8188":"<","8189":"/","8190":"u","8191":"l","8192":">","8193":"\\","8194":"n","8195":"\\","8196":"n","8197":" ","8198":" ","8199":" ","8200":" ","8201":" ","8202":" ","8203":" ","8204":" ","8205":"<","8206":"u","8207":"l","8208":" ","8209":"v","8210":"-","8211":"e","8212":"l","8213":"s","8214":"e","8215":" ","8216":"c","8217":"l","8218":"a","8219":"s","8220":"s","8221":"=","8222":"\\","8223":"\"","8224":"c","8225":"a","8226":"l","8227":"e","8228":"n","8229":"d","8230":"a","8231":"r","8232":"-","8233":"s","8234":"i","8235":"d","8236":"e","8237":"B","8238":"a","8239":"r","8240":"_","8241":"_","8242":"c","8243":"o","8244":"n","8245":"t","8246":"e","8247":"n","8248":"t","8249":"\\","8250":"\"","8251":">","8252":"\\","8253":"n","8254":" ","8255":" ","8256":" ","8257":" ","8258":" ","8259":" ","8260":" ","8261":" ","8262":" ","8263":" ","8264":" ","8265":" ","8266":"<","8267":"l","8268":"i","8269":" ","8270":"v","8271":"-","8272":"f","8273":"o","8274":"r","8275":"=","8276":"\\","8277":"\"","8278":"(","8279":"m","8280":"o","8281":"n","8282":"t","8283":"h","8284":"O","8285":"p","8286":"t","8287":"i","8288":"o","8289":"n","8290":",","8291":" ","8292":"i","8293":"n","8294":"d","8295":"e","8296":"x","8297":")","8298":" ","8299":"i","8300":"n","8301":" ","8302":"m","8303":"o","8304":"n","8305":"t","8306":"h","8307":"s","8308":"O","8309":"p","8310":"t","8311":"i","8312":"o","8313":"n","8314":"s","8315":"\\","8316":"\"","8317":" ","8318":":","8319":"k","8320":"e","8321":"y","8322":"=","8323":"\\","8324":"\"","8325":"i","8326":"n","8327":"d","8328":"e","8329":"x","8330":"\\","8331":"\"","8332":"\\","8333":"n","8334":" ","8335":" ","8336":" ","8337":" ","8338":" ","8339":" ","8340":" ","8341":" ","8342":" ","8343":" ","8344":" ","8345":" ","8346":" ","8347":" ","8348":" ","8349":" ","8350":":","8351":"c","8352":"l","8353":"a","8354":"s","8355":"s","8356":"=","8357":"\\","8358":"\"","8359":"g","8360":"e","8361":"t","8362":"O","8363":"p","8364":"t","8365":"i","8366":"o","8367":"n","8368":"C","8369":"l","8370":"a","8371":"s","8372":"s","8373":"(","8374":"m","8375":"o","8376":"n","8377":"t","8378":"h","8379":"O","8380":"p","8381":"t","8382":"i","8383":"o","8384":"n","8385":".","8386":"k","8387":"e","8388":"y","8389":")","8390":"\\","8391":"\"","8392":" ","8393":"c","8394":"l","8395":"a","8396":"s","8397":"s","8398":"=","8399":"\\","8400":"\"","8401":"c","8402":"a","8403":"l","8404":"e","8405":"n","8406":"d","8407":"a","8408":"r","8409":"-","8410":"s","8411":"i","8412":"d","8413":"e","8414":"B","8415":"a","8416":"r","8417":"_","8418":"_","8419":"i","8420":"t","8421":"e","8422":"m","8423":"\\","8424":"\"","8425":" ","8426":"\\","8427":"n","8428":" ","8429":" ","8430":" ","8431":" ","8432":" ","8433":" ","8434":" ","8435":" ","8436":" ","8437":" ","8438":" ","8439":" ","8440":" ","8441":" ","8442":" ","8443":" ","8444":"@","8445":"c","8446":"l","8447":"i","8448":"c","8449":"k","8450":"=","8451":"\\","8452":"\"","8453":"h","8454":"a","8455":"n","8456":"d","8457":"l","8458":"e","8459":"O","8460":"p","8461":"t","8462":"i","8463":"o","8464":"n","8465":"C","8466":"l","8467":"i","8468":"c","8469":"k","8470":"(","8471":"m","8472":"o","8473":"n","8474":"t","8475":"h","8476":"O","8477":"p","8478":"t","8479":"i","8480":"o","8481":"n","8482":".","8483":"k","8484":"e","8485":"y","8486":")","8487":"\\","8488":"\"","8489":"\\","8490":"n","8491":" ","8492":" ","8493":" ","8494":" ","8495":" ","8496":" ","8497":" ","8498":" ","8499":" ","8500":" ","8501":" ","8502":" ","8503":" ","8504":" ","8505":" ","8506":" ","8507":"d","8508":"a","8509":"t","8510":"a","8511":"-","8512":"t","8513":"e","8514":"s","8515":"t","8516":"=","8517":"\\","8518":"\"","8519":"o","8520":"p","8521":"t","8522":"i","8523":"o","8524":"n","8525":"E","8526":"l","8527":"e","8528":"m","8529":"e","8530":"n","8531":"t","8532":"\\","8533":"\"","8534":" ","8535":">","8536":"\\","8537":"n","8538":" ","8539":" ","8540":" ","8541":" ","8542":" ","8543":" ","8544":" ","8545":" ","8546":" ","8547":" ","8548":" ","8549":" ","8550":"<","8551":"i","8552":"n","8553":"p","8554":"u","8555":"t","8556":" ","8557":" ","8558":"t","8559":"y","8560":"p","8561":"e","8562":"=","8563":"\\","8564":"\"","8565":"b","8566":"u","8567":"t","8568":"t","8569":"o","8570":"n","8571":"\\","8572":"\"","8573":" ","8574":":","8575":"v","8576":"a","8577":"l","8578":"u","8579":"e","8580":"=","8581":"\\","8582":"\"","8583":"m","8584":"o","8585":"n","8586":"t","8587":"h","8588":"O","8589":"p","8590":"t","8591":"i","8592":"o","8593":"n","8594":".","8595":"v","8596":"a","8597":"l","8598":"u","8599":"e","8600":"\\","8601":"\"","8602":" ","8603":" ","8604":"c","8605":"l","8606":"a","8607":"s","8608":"s","8609":"=","8610":"\\","8611":"\"","8612":" ","8613":"c","8614":"a","8615":"l","8616":"e","8617":"n","8618":"d","8619":"a","8620":"r","8621":"-","8622":"s","8623":"i","8624":"d","8625":"e","8626":"B","8627":"a","8628":"r","8629":"_","8630":"_","8631":"i","8632":"n","8633":"p","8634":"u","8635":"t","8636":" ","8637":"\\","8638":"\"","8639":">","8640":"<","8641":"/","8642":"l","8643":"i","8644":">","8645":"\\","8646":"n","8647":" ","8648":" ","8649":" ","8650":" ","8651":" ","8652":" ","8653":" ","8654":" ","8655":"<","8656":"/","8657":"u","8658":"l","8659":">","8660":"\\","8661":"n","8662":" ","8663":" ","8664":" ","8665":" ","8666":" ","8667":" ","8668":" ","8669":" ","8670":" ","8671":" ","8672":" ","8673":" ","8674":" ","8675":" ","8676":" ","8677":" ","8678":"\\","8679":"n","8680":" ","8681":" ","8682":" ","8683":" ","8684":"<","8685":"/","8686":"d","8687":"i","8688":"v","8689":">","8690":"\\","8691":"n","8692":"\\","8693":"n","8694":"\\","8695":"n","8696":"<","8697":"/","8698":"t","8699":"e","8700":"m","8701":"p","8702":"l","8703":"a","8704":"t","8705":"e","8706":">","8707":"\\","8708":"n","8709":"\\","8710":"n","8711":"\\","8712":"n","8713":"<","8714":"s","8715":"t","8716":"y","8717":"l","8718":"e","8719":" ","8720":"s","8721":"c","8722":"o","8723":"p","8724":"e","8725":"d","8726":" ","8727":"l","8728":"a","8729":"n","8730":"g","8731":"=","8732":"\\","8733":"\"","8734":"s","8735":"c","8736":"s","8737":"s","8738":"\\","8739":"\"","8740":">","8741":"\\","8742":"n","8743":" ","8744":" ","8745":" ","8746":" ","8747":".","8748":"c","8749":"a","8750":"l","8751":"e","8752":"n","8753":"d","8754":"a","8755":"r","8756":"-","8757":"s","8758":"i","8759":"d","8760":"e","8761":"B","8762":"a","8763":"r","8764":" ","8765":"{","8766":"\\","8767":"n","8768":" ","8769":" ","8770":" ","8771":" ","8772":" ","8773":" ","8774":" ","8775":"p","8776":"a","8777":"d","8778":"d","8779":"i","8780":"n","8781":"g","8782":":","8783":" ","8784":"2","8785":"0","8786":"p","8787":"x","8788":" ","8789":"0","8790":" ","8791":"0","8792":" ","8793":"3","8794":"0","8795":"p","8796":"x","8797":";","8798":"\\","8799":"n","8800":" ","8801":" ","8802":" ","8803":" ","8804":" ","8805":" ","8806":" ","8807":" ","8808":"w","8809":"i","8810":"d","8811":"t","8812":"h","8813":":","8814":" ","8815":"1","8816":"2","8817":"0","8818":"p","8819":"x","8820":";","8821":"\\","8822":"n","8823":" ","8824":" ","8825":" ","8826":" ","8827":" ","8828":" ","8829":" ","8830":" ","8831":"b","8832":"o","8833":"r","8834":"d","8835":"e","8836":"r","8837":"-","8838":"r","8839":"i","8840":"g","8841":"h","8842":"t","8843":":","8844":" ","8845":"1","8846":"p","8847":"x","8848":" ","8849":"s","8850":"o","8851":"l","8852":"i","8853":"d","8854":" ","8855":"r","8856":"g","8857":"b","8858":"(","8859":"2","8860":"1","8861":"8","8862":",","8863":" ","8864":"2","8865":"0","8866":"9","8867":",","8868":" ","8869":"2","8870":"0","8871":"9","8872":")","8873":";","8874":"\\","8875":"n","8876":"\\","8877":"n","8878":" ","8879":" ","8880":" ","8881":" ","8882":" ","8883":" ","8884":" ","8885":" ","8886":"&","8887":"_","8888":"_","8889":"h","8890":"e","8891":"a","8892":"d","8893":"e","8894":"r","8895":" ","8896":"{","8897":" ","8898":"\\","8899":"n","8900":" ","8901":" ","8902":" ","8903":" ","8904":" ","8905":" ","8906":" ","8907":" ","8908":" ","8909":" ","8910":" ","8911":" ","8912":"p","8913":"a","8914":"d","8915":"d","8916":"i","8917":"n","8918":"g","8919":"-","8920":"l","8921":"e","8922":"f","8923":"t","8924":":","8925":" ","8926":"1","8927":"0","8928":"p","8929":"x","8930":";","8931":"\\","8932":"n","8933":" ","8934":" ","8935":" ","8936":" ","8937":" ","8938":" ","8939":" ","8940":" ","8941":" ","8942":" ","8943":" ","8944":" ","8945":"f","8946":"o","8947":"n","8948":"t","8949":"-","8950":"s","8951":"i","8952":"z","8953":"e","8954":":","8955":" ","8956":"1","8957":"0","8958":"p","8959":"x","8960":";","8961":"\\","8962":"n","8963":" ","8964":" ","8965":" ","8966":" ","8967":" ","8968":" ","8969":" ","8970":" ","8971":" ","8972":" ","8973":" ","8974":" ","8975":"c","8976":"o","8977":"l","8978":"o","8979":"r","8980":":","8981":" ","8982":"g","8983":"r","8984":"e","8985":"y","8986":";","8987":"\\","8988":"n","8989":" ","8990":" ","8991":" ","8992":" ","8993":" ","8994":" ","8995":" ","8996":" ","8997":"}","8998":"\\","8999":"n","9000":"\\","9001":"n","9002":" ","9003":" ","9004":" ","9005":" ","9006":" ","9007":" ","9008":" ","9009":" ","9010":"&","9011":"_","9012":"_","9013":"c","9014":"o","9015":"n","9016":"t","9017":"e","9018":"n","9019":"t","9020":" ","9021":"{","9022":"\\","9023":"n","9024":" ","9025":" ","9026":" ","9027":" ","9028":" ","9029":" ","9030":" ","9031":" ","9032":" ","9033":" ","9034":" ","9035":" ","9036":"l","9037":"i","9038":"s","9039":"t","9040":"-","9041":"s","9042":"t","9043":"y","9044":"l","9045":"e","9046":":","9047":" ","9048":"n","9049":"o","9050":"n","9051":"e","9052":";","9053":"\\","9054":"n","9055":" ","9056":" ","9057":" ","9058":" ","9059":" ","9060":" ","9061":" ","9062":" ","9063":" ","9064":" ","9065":" ","9066":" ","9067":"p","9068":"a","9069":"d","9070":"d","9071":"i","9072":"n","9073":"g","9074":":","9075":" ","9076":"0","9077":";","9078":"\\","9079":"n","9080":" ","9081":" ","9082":" ","9083":" ","9084":" ","9085":" ","9086":" ","9087":" ","9088":"}","9089":"\\","9090":"n","9091":"\\","9092":"n","9093":" ","9094":" ","9095":" ","9096":" ","9097":" ","9098":" ","9099":" ","9100":" ","9101":"&","9102":"_","9103":"_","9104":"i","9105":"t","9106":"e","9107":"m","9108":" ","9109":"{","9110":"\\","9111":"n","9112":" ","9113":" ","9114":" ","9115":" ","9116":" ","9117":" ","9118":" ","9119":" ","9120":" ","9121":" ","9122":" ","9123":" ","9124":"c","9125":"u","9126":"r","9127":"s","9128":"o","9129":"r","9130":":","9131":" ","9132":"p","9133":"o","9134":"i","9135":"n","9136":"t","9137":"e","9138":"r","9139":";","9140":"\\","9141":"n","9142":" ","9143":" ","9144":" ","9145":" ","9146":" ","9147":" ","9148":" ","9149":" ","9150":" ","9151":" ","9152":" ","9153":" ","9154":"b","9155":"o","9156":"r","9157":"d","9158":"e","9159":"r","9160":":","9161":" ","9162":"n","9163":"o","9164":"n","9165":"e","9166":";","9167":"\\","9168":"n","9169":" ","9170":" ","9171":" ","9172":" ","9173":" ","9174":" ","9175":" ","9176":" ","9177":" ","9178":" ","9179":" ","9180":" ","9181":"b","9182":"a","9183":"c","9184":"k","9185":"g","9186":"r","9187":"o","9188":"u","9189":"n","9190":"d","9191":":","9192":" ","9193":"n","9194":"o","9195":"n","9196":"e","9197":";","9198":"\\","9199":"n","9200":" ","9201":" ","9202":" ","9203":" ","9204":" ","9205":" ","9206":" ","9207":" ","9208":" ","9209":" ","9210":" ","9211":" ","9212":"w","9213":"i","9214":"d","9215":"t","9216":"h","9217":":","9218":" ","9219":"1","9220":"0","9221":"0","9222":"p","9223":"x","9224":";","9225":"\\","9226":"n","9227":" ","9228":" ","9229":" ","9230":" ","9231":" ","9232":" ","9233":" ","9234":" ","9235":" ","9236":" ","9237":" ","9238":" ","9239":"p","9240":"a","9241":"d","9242":"d","9243":"i","9244":"n","9245":"g","9246":"-","9247":"b","9248":"o","9249":"t","9250":"t","9251":"o","9252":"m","9253":":","9254":" ","9255":"1","9256":"0","9257":"p","9258":"x","9259":";","9260":" ","9261":" ","9262":"\\","9263":"n","9264":"\\","9265":"n","9266":" ","9267":" ","9268":" ","9269":" ","9270":" ","9271":" ","9272":" ","9273":" ","9274":" ","9275":" ","9276":" ","9277":" ","9278":"&","9279":":","9280":"h","9281":"o","9282":"v","9283":"e","9284":"r","9285":" ","9286":"{","9287":"\\","9288":"n","9289":" ","9290":" ","9291":" ","9292":" ","9293":" ","9294":" ","9295":" ","9296":" ","9297":" ","9298":" ","9299":" ","9300":" ","9301":" ","9302":" ","9303":" ","9304":" ","9305":"b","9306":"a","9307":"c","9308":"k","9309":"g","9310":"r","9311":"o","9312":"u","9313":"n","9314":"d","9315":"-","9316":"c","9317":"o","9318":"l","9319":"o","9320":"r","9321":":","9322":" ","9323":"r","9324":"g","9325":"b","9326":"(","9327":"2","9328":"1","9329":"1","9330":",","9331":" ","9332":"1","9333":"9","9334":"7","9335":",","9336":" ","9337":"1","9338":"9","9339":"7","9340":")","9341":";","9342":"\\","9343":"n","9344":" ","9345":" ","9346":" ","9347":" ","9348":" ","9349":" ","9350":" ","9351":" ","9352":" ","9353":" ","9354":" ","9355":" ","9356":"}","9357":"\\","9358":"n","9359":"\\","9360":"n","9361":" ","9362":" ","9363":" ","9364":" ","9365":" ","9366":" ","9367":" ","9368":" ","9369":" ","9370":" ","9371":" ","9372":" ","9373":"&","9374":"_","9375":"s","9376":"e","9377":"l","9378":"e","9379":"c","9380":"t","9381":"e","9382":"d","9383":" ","9384":"{","9385":"\\","9386":"n","9387":" ","9388":" ","9389":" ","9390":" ","9391":" ","9392":" ","9393":" ","9394":" ","9395":" ","9396":" ","9397":" ","9398":" ","9399":" ","9400":" ","9401":" ","9402":" ","9403":"b","9404":"a","9405":"c","9406":"k","9407":"g","9408":"r","9409":"o","9410":"u","9411":"n","9412":"d","9413":"-","9414":"c","9415":"o","9416":"l","9417":"o","9418":"r","9419":":","9420":" ","9421":"b","9422":"l","9423":"u","9424":"e","9425":"v","9426":"i","9427":"o","9428":"l","9429":"e","9430":"t","9431":";","9432":"\\","9433":"n","9434":" ","9435":" ","9436":" ","9437":" ","9438":" ","9439":" ","9440":" ","9441":" ","9442":" ","9443":" ","9444":" ","9445":" ","9446":" ","9447":" ","9448":" ","9449":" ","9450":"c","9451":"o","9452":"l","9453":"o","9454":"r","9455":":","9456":" ","9457":"w","9458":"h","9459":"i","9460":"t","9461":"e","9462":";","9463":"\\","9464":"n","9465":" ","9466":" ","9467":" ","9468":" ","9469":" ","9470":" ","9471":" ","9472":" ","9473":" ","9474":" ","9475":" ","9476":" ","9477":"}","9478":"\\","9479":"n","9480":" ","9481":" ","9482":" ","9483":" ","9484":" ","9485":" ","9486":" ","9487":" ","9488":"}","9489":"\\","9490":"n","9491":"\\","9492":"n","9493":" ","9494":" ","9495":" ","9496":" ","9497":" ","9498":" ","9499":" ","9500":" ","9501":"&","9502":"_","9503":"_","9504":"i","9505":"n","9506":"p","9507":"u","9508":"t","9509":" ","9510":"{","9511":"\\","9512":"n","9513":" ","9514":" ","9515":" ","9516":" ","9517":" ","9518":" ","9519":" ","9520":" ","9521":" ","9522":" ","9523":" ","9524":" ","9525":"c","9526":"u","9527":"r","9528":"s","9529":"o","9530":"r","9531":":","9532":" ","9533":"p","9534":"o","9535":"i","9536":"n","9537":"t","9538":"e","9539":"r","9540":";","9541":"\\","9542":"n","9543":" ","9544":" ","9545":" ","9546":" ","9547":" ","9548":" ","9549":" ","9550":" ","9551":" ","9552":" ","9553":" ","9554":" ","9555":"b","9556":"a","9557":"c","9558":"k","9559":"g","9560":"r","9561":"o","9562":"u","9563":"n","9564":"d","9565":":","9566":" ","9567":"n","9568":"o","9569":"n","9570":"e","9571":";","9572":"\\","9573":"n","9574":" ","9575":" ","9576":" ","9577":" ","9578":" ","9579":" ","9580":" ","9581":" ","9582":" ","9583":" ","9584":" ","9585":" ","9586":"b","9587":"o","9588":"r","9589":"d","9590":"e","9591":"r","9592":":","9593":" ","9594":"n","9595":"o","9596":"n","9597":"e","9598":";","9599":"\\","9600":"n","9601":" ","9602":" ","9603":" ","9604":" ","9605":" ","9606":" ","9607":" ","9608":" ","9609":"}","9610":"\\","9611":"n","9612":" ","9613":" ","9614":" ","9615":" ","9616":"}","9617":"\\","9618":"n","9619":"\\","9620":"n","9621":"<","9622":"/","9623":"s","9624":"t","9625":"y","9626":"l","9627":"e","9628":">","9629":"\"","9630":"]","9631":"}"},"_coverageSchema":"1a1c01bbd47fc00a2c39e90264f33305004495a9","hash":"b1712f55ec686a8558895505c354611bbed4f66e"}
,"/home/opentechdev/Work/vite-project/src/components/index.ts": {"path":"/home/opentechdev/Work/vite-project/src/components/index.ts","statementMap":{"0":{"start":{"line":1,"column":0},"end":{"line":1,"column":7}},"1":{"start":{"line":9,"column":4},"end":{"line":1,"column":53}},"2":{"start":{"line":2,"column":0},"end":{"line":2,"column":7}},"3":{"start":{"line":10,"column":4},"end":{"line":2,"column":45}},"4":{"start":{"line":3,"column":0},"end":{"line":3,"column":7}},"5":{"start":{"line":11,"column":4},"end":{"line":3,"column":39}},"6":{"start":{"line":4,"column":0},"end":{"line":4,"column":7}},"7":{"start":{"line":12,"column":4},"end":{"line":4,"column":47}},"8":{"start":{"line":5,"column":0},"end":{"line":5,"column":7}},"9":{"start":{"line":13,"column":4},"end":{"line":5,"column":33}},"10":{"start":{"line":6,"column":0},"end":{"line":6,"column":7}},"11":{"start":{"line":14,"column":4},"end":{"line":6,"column":35}}},"fnMap":{},"branchMap":{},"s":{"0":6,"1":6,"2":6,"3":6,"4":6,"5":6,"6":6,"7":6,"8":6,"9":6,"10":6,"11":6},"f":{},"b":{}}
}
