{"/home/opentechdev/Work/vite-project/src/utils.ts": {"path":"/home/opentechdev/Work/vite-project/src/utils.ts","statementMap":{"0":{"start":{"line":1,"column":15},"end":{"line":1,"column":99}},"1":{"start":{"line":3,"column":19},"end":{"line":3,"column":141}},"2":{"start":{"line":14,"column":14},"end":{"line":14,"column":16}},"3":{"start":{"line":16,"column":4},"end":{"line":16,"column":null}},"4":{"start":{"line":18,"column":4},"end":{"line":18,"column":null}},"5":{"start":{"line":13,"column":0},"end":{"line":13,"column":16}},"6":{"start":{"line":25,"column":16},"end":{"line":25,"column":64}},"7":{"start":{"line":26,"column":4},"end":{"line":26,"column":null}},"8":{"start":{"line":28,"column":15},"end":{"line":28,"column":67}},"9":{"start":{"line":29,"column":21},"end":{"line":29,"column":35}},"10":{"start":{"line":30,"column":4},"end":{"line":30,"column":null}},"11":{"start":{"line":34,"column":14},"end":{"line":34,"column":16}},"12":{"start":{"line":36,"column":5},"end":{"line":39,"column":null}},"13":{"start":{"line":37,"column":8},"end":{"line":37,"column":null}},"14":{"start":{"line":38,"column":8},"end":{"line":38,"column":null}},"15":{"start":{"line":41,"column":4},"end":{"line":41,"column":null}},"16":{"start":{"line":23,"column":0},"end":{"line":23,"column":16}},"17":{"start":{"line":47,"column":25},"end":{"line":47,"column":32}},"18":{"start":{"line":48,"column":18},"end":{"line":48,"column":20}},"19":{"start":{"line":52,"column":4},"end":{"line":52,"column":null}},"20":{"start":{"line":53,"column":4},"end":{"line":53,"column":null}},"21":{"start":{"line":54,"column":4},"end":{"line":54,"column":null}},"22":{"start":{"line":56,"column":4},"end":{"line":56,"column":null}},"23":{"start":{"line":58,"column":4},"end":{"line":65,"column":null}},"24":{"start":{"line":59,"column":8},"end":{"line":59,"column":null}},"25":{"start":{"line":60,"column":8},"end":{"line":60,"column":null}},"26":{"start":{"line":62,"column":8},"end":{"line":62,"column":null}},"27":{"start":{"line":67,"column":4},"end":{"line":67,"column":null}},"28":{"start":{"line":46,"column":0},"end":{"line":46,"column":16}},"29":{"start":{"line":71,"column":22},"end":{"line":71,"column":29}},"30":{"start":{"line":72,"column":26},"end":{"line":72,"column":33}},"31":{"start":{"line":74,"column":18},"end":{"line":74,"column":20}},"32":{"start":{"line":76,"column":8},"end":{"line":76,"column":null}},"33":{"start":{"line":77,"column":8},"end":{"line":77,"column":null}},"34":{"start":{"line":78,"column":8},"end":{"line":78,"column":null}},"35":{"start":{"line":80,"column":4},"end":{"line":80,"column":null}},"36":{"start":{"line":70,"column":0},"end":{"line":70,"column":16}},"37":{"start":{"line":85,"column":4},"end":{"line":85,"column":null}},"38":{"start":{"line":84,"column":0},"end":{"line":84,"column":16}},"39":{"start":{"line":90,"column":4},"end":{"line":90,"column":null}},"40":{"start":{"line":94,"column":4},"end":{"line":94,"column":null}},"41":{"start":{"line":93,"column":0},"end":{"line":93,"column":16}},"42":{"start":{"line":98,"column":4},"end":{"line":98,"column":null}},"43":{"start":{"line":97,"column":0},"end":{"line":97,"column":16}},"44":{"start":{"line":102,"column":4},"end":{"line":102,"column":null}},"45":{"start":{"line":101,"column":0},"end":{"line":101,"column":16}},"46":{"start":{"line":106,"column":4},"end":{"line":106,"column":null}},"47":{"start":{"line":105,"column":0},"end":{"line":105,"column":16}},"48":{"start":{"line":111,"column":4},"end":{"line":111,"column":null}},"49":{"start":{"line":110,"column":0},"end":{"line":110,"column":16}},"50":{"start":{"line":115,"column":21},"end":{"line":115,"column":64}},"51":{"start":{"line":116,"column":22},"end":{"line":116,"column":59}},"52":{"start":{"line":117,"column":20},"end":{"line":117,"column":55}},"53":{"start":{"line":118,"column":21},"end":{"line":118,"column":56}},"54":{"start":{"line":120,"column":4},"end":{"line":129,"column":null}},"55":{"start":{"line":122,"column":12},"end":{"line":122,"column":null}},"56":{"start":{"line":124,"column":12},"end":{"line":124,"column":null}},"57":{"start":{"line":126,"column":12},"end":{"line":126,"column":null}},"58":{"start":{"line":128,"column":12},"end":{"line":128,"column":null}},"59":{"start":{"line":114,"column":0},"end":{"line":114,"column":16}}},"fnMap":{"0":{"name":"getMonths","decl":{"start":{"line":13,"column":16},"end":{"line":13,"column":25}},"loc":{"start":{"line":13,"column":25},"end":{"line":19,"column":1}}},"1":{"name":"getAllDaysInMonth","decl":{"start":{"line":23,"column":16},"end":{"line":23,"column":33}},"loc":{"start":{"line":23,"column":44},"end":{"line":42,"column":1}}},"2":{"name":"formatDateFull","decl":{"start":{"line":46,"column":16},"end":{"line":46,"column":30}},"loc":{"start":{"line":46,"column":67},"end":{"line":68,"column":1}}},"3":{"name":"formatDateTitle","decl":{"start":{"line":70,"column":16},"end":{"line":70,"column":31}},"loc":{"start":{"line":70,"column":66},"end":{"line":82,"column":1}}},"4":{"name":"isSameDay","decl":{"start":{"line":84,"column":16},"end":{"line":84,"column":25}},"loc":{"start":{"line":84,"column":50},"end":{"line":87,"column":1}}},"5":{"name":"getDateFixedToDay","decl":{"start":{"line":89,"column":9},"end":{"line":89,"column":26}},"loc":{"start":{"line":89,"column":37},"end":{"line":91,"column":1}}},"6":{"name":"isBeforeDay","decl":{"start":{"line":93,"column":16},"end":{"line":93,"column":27}},"loc":{"start":{"line":93,"column":52},"end":{"line":95,"column":1}}},"7":{"name":"isAfterDay","decl":{"start":{"line":97,"column":16},"end":{"line":97,"column":26}},"loc":{"start":{"line":97,"column":51},"end":{"line":99,"column":1}}},"8":{"name":"isAfterMonth","decl":{"start":{"line":101,"column":16},"end":{"line":101,"column":28}},"loc":{"start":{"line":101,"column":53},"end":{"line":103,"column":1}}},"9":{"name":"isSameMonth","decl":{"start":{"line":105,"column":16},"end":{"line":105,"column":27}},"loc":{"start":{"line":105,"column":51},"end":{"line":107,"column":1}}},"10":{"name":"isBeforeMonth","decl":{"start":{"line":110,"column":16},"end":{"line":110,"column":29}},"loc":{"start":{"line":110,"column":53},"end":{"line":112,"column":1}}},"11":{"name":"isSameDate","decl":{"start":{"line":114,"column":16},"end":{"line":114,"column":26}},"loc":{"start":{"line":114,"column":108},"end":{"line":130,"column":1}}}},"branchMap":{"0":{"loc":{"start":{"line":46,"column":46},"end":{"line":46,"column":67}},"type":"default-arg","locations":[{"start":{"line":46,"column":65},"end":{"line":46,"column":67}}]},"1":{"loc":{"start":{"line":58,"column":4},"end":{"line":65,"column":null}},"type":"if","locations":[{"start":{"line":58,"column":4},"end":{"line":65,"column":null}}]},"2":{"loc":{"start":{"line":62,"column":15},"end":{"line":62,"column":113}},"type":"cond-expr","locations":[{"start":{"line":62,"column":43},"end":{"line":62,"column":77}},{"start":{"line":62,"column":80},"end":{"line":62,"column":113}}]},"3":{"loc":{"start":{"line":62,"column":15},"end":{"line":62,"column":40}},"type":"binary-expr","locations":[{"start":{"line":62,"column":15},"end":{"line":62,"column":24}},{"start":{"line":62,"column":28},"end":{"line":62,"column":40}}]},"4":{"loc":{"start":{"line":70,"column":46},"end":{"line":70,"column":66}},"type":"default-arg","locations":[{"start":{"line":70,"column":64},"end":{"line":70,"column":66}}]},"5":{"loc":{"start":{"line":85,"column":11},"end":{"line":85,"column":134}},"type":"binary-expr","locations":[{"start":{"line":85,"column":11},"end":{"line":85,"column":54}},{"start":{"line":85,"column":58},"end":{"line":85,"column":95}},{"start":{"line":85,"column":99},"end":{"line":85,"column":134}}]},"6":{"loc":{"start":{"line":114,"column":53},"end":{"line":114,"column":108}},"type":"default-arg","locations":[{"start":{"line":114,"column":102},"end":{"line":114,"column":108}}]},"7":{"loc":{"start":{"line":120,"column":4},"end":{"line":129,"column":null}},"type":"switch","locations":[{"start":{"line":121,"column":8},"end":{"line":122,"column":null}},{"start":{"line":123,"column":8},"end":{"line":124,"column":null}},{"start":{"line":125,"column":8},"end":{"line":126,"column":null}},{"start":{"line":127,"column":8},"end":{"line":128,"column":null}}]},"8":{"loc":{"start":{"line":122,"column":19},"end":{"line":122,"column":51}},"type":"binary-expr","locations":[{"start":{"line":122,"column":19},"end":{"line":122,"column":27}},{"start":{"line":122,"column":31},"end":{"line":122,"column":40}},{"start":{"line":122,"column":44},"end":{"line":122,"column":51}}]},"9":{"loc":{"start":{"line":124,"column":19},"end":{"line":124,"column":40}},"type":"binary-expr","locations":[{"start":{"line":124,"column":19},"end":{"line":124,"column":27}},{"start":{"line":124,"column":31},"end":{"line":124,"column":40}}]}},"s":{"0":7,"1":7,"2":2,"3":2,"4":2,"5":7,"6":3,"7":3,"8":3,"9":3,"10":3,"11":3,"12":3,"13":105,"14":105,"15":3,"16":7,"17":5,"18":5,"19":5,"20":5,"21":5,"22":5,"23":5,"24":2,"25":2,"26":2,"27":3,"28":7,"29":4,"30":4,"31":4,"32":4,"33":4,"34":4,"35":4,"36":7,"37":535,"38":7,"39":450,"40":51,"41":7,"42":174,"43":7,"44":61,"45":7,"46":184,"47":7,"48":12,"49":7,"50":4,"51":4,"52":4,"53":4,"54":4,"55":1,"56":1,"57":1,"58":1,"59":7},"f":{"0":2,"1":3,"2":5,"3":4,"4":535,"5":450,"6":51,"7":174,"8":61,"9":184,"10":12,"11":4},"b":{"0":[0],"1":[2],"2":[1,1],"3":[2,1],"4":[4],"5":[535,534,456],"6":[1],"7":[1,1,1,1],"8":[1,1,1],"9":[1,1]}}
,"/home/opentechdev/Work/vite-project/src/components/CalendarsWrapper.vue": {"path":"/home/opentechdev/Work/vite-project/src/components/CalendarsWrapper.vue","statementMap":{"0":{"start":{"line":3,"column":22},"end":{"line":7,"column":1}},"1":{"start":{"line":4,"column":2},"end":{"line":6,"column":4}},"2":{"start":{"line":8,"column":0},"end":{"line":10,"column":3}},"3":{"start":{"line":11,"column":12},"end":{"line":11,"column":26}},"4":{"start":{"line":12,"column":25},"end":{"line":12,"column":71}},"5":{"start":{"line":13,"column":26},"end":{"line":13,"column":73}},"6":{"start":{"line":14,"column":14},"end":{"line":14,"column":33}},"7":{"start":{"line":15,"column":0},"end":{"line":104,"column":3}},"8":{"start":{"line":29,"column":17},"end":{"line":29,"column":26}},"9":{"start":{"line":30,"column":13},"end":{"line":30,"column":20}},"10":{"start":{"line":31,"column":4},"end":{"line":31,"column":13}},"11":{"start":{"line":32,"column":16},"end":{"line":32,"column":23}},"12":{"start":{"line":33,"column":22},"end":{"line":33,"column":27}},"13":{"start":{"line":35,"column":6},"end":{"line":35,"column":32}},"14":{"start":{"line":38,"column":6},"end":{"line":38,"column":40}},"15":{"start":{"line":41,"column":6},"end":{"line":41,"column":29}},"16":{"start":{"line":42,"column":6},"end":{"line":42,"column":52}},"17":{"start":{"line":43,"column":6},"end":{"line":43,"column":26}},"18":{"start":{"line":46,"column":6},"end":{"line":49,"column":9}},"19":{"start":{"line":50,"column":6},"end":{"line":50,"column":49}},"20":{"start":{"line":51,"column":6},"end":{"line":51,"column":25}},"21":{"start":{"line":54,"column":6},"end":{"line":54,"column":31}},"22":{"start":{"line":54,"column":24},"end":{"line":54,"column":31}},"23":{"start":{"line":55,"column":20},"end":{"line":55,"column":101}},"24":{"start":{"line":56,"column":6},"end":{"line":56,"column":27}},"25":{"start":{"line":56,"column":20},"end":{"line":56,"column":27}},"26":{"start":{"line":57,"column":22},"end":{"line":57,"column":67}},"27":{"start":{"line":58,"column":6},"end":{"line":63,"column":7}},"28":{"start":{"line":59,"column":8},"end":{"line":59,"column":27}},"29":{"start":{"line":60,"column":8},"end":{"line":62,"column":17}},"30":{"start":{"line":61,"column":10},"end":{"line":61,"column":34}},"31":{"start":{"line":64,"column":6},"end":{"line":67,"column":9}},"32":{"start":{"line":70,"column":6},"end":{"line":70,"column":31}},"33":{"start":{"line":70,"column":24},"end":{"line":70,"column":31}},"34":{"start":{"line":71,"column":22},"end":{"line":71,"column":104}},"35":{"start":{"line":72,"column":6},"end":{"line":72,"column":29}},"36":{"start":{"line":72,"column":22},"end":{"line":72,"column":29}},"37":{"start":{"line":73,"column":22},"end":{"line":73,"column":77}},"38":{"start":{"line":74,"column":24},"end":{"line":74,"column":73}},"39":{"start":{"line":75,"column":6},"end":{"line":79,"column":7}},"40":{"start":{"line":76,"column":8},"end":{"line":78,"column":17}},"41":{"start":{"line":77,"column":10},"end":{"line":77,"column":34}},"42":{"start":{"line":80,"column":6},"end":{"line":83,"column":9}},"43":{"start":{"line":85,"column":23},"end":{"line":97,"column":5}},"44":{"start":{"line":98,"column":4},"end":{"line":101,"column":7}},"45":{"start":{"line":102,"column":4},"end":{"line":102,"column":24}},"46":{"start":{"line":106,"column":0},"end":{"line":106,"column":62}},"47":{"start":{"line":107,"column":0},"end":{"line":107,"column":24}},"48":{"start":{"line":108,"column":12},"end":{"line":108,"column":26}},"49":{"start":{"line":109,"column":17},"end":{"line":112,"column":1}},"50":{"start":{"line":113,"column":17},"end":{"line":116,"column":1}},"51":{"start":{"line":118,"column":4},"end":{"line":167,"column":8}},"52":{"start":{"line":129,"column":78},"end":{"line":129,"column":110}},"53":{"start":{"line":140,"column":78},"end":{"line":140,"column":110}},"54":{"start":{"line":150,"column":78},"end":{"line":150,"column":110}},"55":{"start":{"line":151,"column":87},"end":{"line":151,"column":134}},"56":{"start":{"line":160,"column":78},"end":{"line":160,"column":110}},"57":{"start":{"line":161,"column":87},"end":{"line":161,"column":134}},"58":{"start":{"line":169,"column":0},"end":{"line":169,"column":24}},"59":{"start":{"line":170,"column":1},"end":{"line":170,"column":48}}},"fnMap":{"0":{"name":"(anonymous_0)","decl":{"start":{"line":3,"column":54},"end":{"line":3,"column":55}},"loc":{"start":{"line":3,"column":69},"end":{"line":7,"column":1}},"line":3},"1":{"name":"(anonymous_1)","decl":{"start":{"line":28,"column":9},"end":{"line":28,"column":10}},"loc":{"start":{"line":28,"column":32},"end":{"line":103,"column":3}},"line":28},"2":{"name":"updateDate","decl":{"start":{"line":34,"column":13},"end":{"line":34,"column":23}},"loc":{"start":{"line":34,"column":30},"end":{"line":36,"column":5}},"line":34},"3":{"name":"updateInterval","decl":{"start":{"line":37,"column":13},"end":{"line":37,"column":27}},"loc":{"start":{"line":37,"column":35},"end":{"line":39,"column":5}},"line":37},"4":{"name":"handleMouseUp","decl":{"start":{"line":40,"column":13},"end":{"line":40,"column":26}},"loc":{"start":{"line":40,"column":29},"end":{"line":44,"column":5}},"line":40},"5":{"name":"handleMouseDown","decl":{"start":{"line":45,"column":13},"end":{"line":45,"column":28}},"loc":{"start":{"line":45,"column":35},"end":{"line":52,"column":5}},"line":45},"6":{"name":"handleMouseEnterDay","decl":{"start":{"line":53,"column":13},"end":{"line":53,"column":32}},"loc":{"start":{"line":53,"column":48},"end":{"line":68,"column":5}},"line":53},"7":{"name":"(anonymous_7)","decl":{"start":{"line":60,"column":19},"end":{"line":60,"column":20}},"loc":{"start":{"line":60,"column":31},"end":{"line":62,"column":9}},"line":60},"8":{"name":"handleMouseEnterMonth","decl":{"start":{"line":69,"column":13},"end":{"line":69,"column":34}},"loc":{"start":{"line":69,"column":41},"end":{"line":84,"column":5}},"line":69},"9":{"name":"(anonymous_9)","decl":{"start":{"line":76,"column":19},"end":{"line":76,"column":20}},"loc":{"start":{"line":76,"column":31},"end":{"line":78,"column":9}},"line":76},"10":{"name":"render","decl":{"start":{"line":117,"column":9},"end":{"line":117,"column":15}},"loc":{"start":{"line":117,"column":63},"end":{"line":168,"column":1}},"line":117},"11":{"name":"(anonymous_11)","decl":{"start":{"line":129,"column":58},"end":{"line":129,"column":59}},"loc":{"start":{"line":129,"column":76},"end":{"line":129,"column":112}},"line":129},"12":{"name":"(anonymous_12)","decl":{"start":{"line":140,"column":58},"end":{"line":140,"column":59}},"loc":{"start":{"line":140,"column":76},"end":{"line":140,"column":112}},"line":140},"13":{"name":"(anonymous_13)","decl":{"start":{"line":150,"column":58},"end":{"line":150,"column":59}},"loc":{"start":{"line":150,"column":76},"end":{"line":150,"column":112}},"line":150},"14":{"name":"(anonymous_14)","decl":{"start":{"line":151,"column":68},"end":{"line":151,"column":69}},"loc":{"start":{"line":151,"column":85},"end":{"line":151,"column":136}},"line":151},"15":{"name":"(anonymous_15)","decl":{"start":{"line":160,"column":58},"end":{"line":160,"column":59}},"loc":{"start":{"line":160,"column":76},"end":{"line":160,"column":112}},"line":160},"16":{"name":"(anonymous_16)","decl":{"start":{"line":161,"column":68},"end":{"line":161,"column":69}},"loc":{"start":{"line":161,"column":85},"end":{"line":161,"column":136}},"line":161}},"branchMap":{"0":{"loc":{"start":{"line":3,"column":22},"end":{"line":7,"column":1}},"type":"binary-expr","locations":[{"start":{"line":3,"column":22},"end":{"line":3,"column":26}},{"start":{"line":3,"column":30},"end":{"line":3,"column":50}},{"start":{"line":3,"column":54},"end":{"line":7,"column":1}}],"line":3},"1":{"loc":{"start":{"line":4,"column":9},"end":{"line":6,"column":3}},"type":"cond-expr","locations":[{"start":{"line":4,"column":33},"end":{"line":4,"column":36}},{"start":{"line":4,"column":39},"end":{"line":6,"column":3}}],"line":4},"2":{"loc":{"start":{"line":4,"column":9},"end":{"line":4,"column":30}},"type":"binary-expr","locations":[{"start":{"line":4,"column":9},"end":{"line":4,"column":12}},{"start":{"line":4,"column":16},"end":{"line":4,"column":30}}],"line":4},"3":{"loc":{"start":{"line":54,"column":6},"end":{"line":54,"column":31}},"type":"if","locations":[{"start":{"line":54,"column":6},"end":{"line":54,"column":31}},{"start":{},"end":{}}],"line":54},"4":{"loc":{"start":{"line":55,"column":20},"end":{"line":55,"column":101}},"type":"binary-expr","locations":[{"start":{"line":55,"column":20},"end":{"line":55,"column":43}},{"start":{"line":55,"column":47},"end":{"line":55,"column":101}}],"line":55},"5":{"loc":{"start":{"line":56,"column":6},"end":{"line":56,"column":27}},"type":"if","locations":[{"start":{"line":56,"column":6},"end":{"line":56,"column":27}},{"start":{},"end":{}}],"line":56},"6":{"loc":{"start":{"line":58,"column":6},"end":{"line":63,"column":7}},"type":"if","locations":[{"start":{"line":58,"column":6},"end":{"line":63,"column":7}},{"start":{},"end":{}}],"line":58},"7":{"loc":{"start":{"line":70,"column":6},"end":{"line":70,"column":31}},"type":"if","locations":[{"start":{"line":70,"column":6},"end":{"line":70,"column":31}},{"start":{},"end":{}}],"line":70},"8":{"loc":{"start":{"line":71,"column":22},"end":{"line":71,"column":104}},"type":"binary-expr","locations":[{"start":{"line":71,"column":22},"end":{"line":71,"column":44}},{"start":{"line":71,"column":48},"end":{"line":71,"column":104}}],"line":71},"9":{"loc":{"start":{"line":72,"column":6},"end":{"line":72,"column":29}},"type":"if","locations":[{"start":{"line":72,"column":6},"end":{"line":72,"column":29}},{"start":{},"end":{}}],"line":72},"10":{"loc":{"start":{"line":75,"column":6},"end":{"line":79,"column":7}},"type":"if","locations":[{"start":{"line":75,"column":6},"end":{"line":79,"column":7}},{"start":{},"end":{}}],"line":75},"11":{"loc":{"start":{"line":119,"column":8},"end":{"line":166,"column":15}},"type":"cond-expr","locations":[{"start":{"line":120,"column":15},"end":{"line":144,"column":14}},{"start":{"line":145,"column":15},"end":{"line":166,"column":14}}],"line":119},"12":{"loc":{"start":{"line":129,"column":32},"end":{"line":129,"column":113}},"type":"binary-expr","locations":[{"start":{"line":129,"column":32},"end":{"line":129,"column":41}},{"start":{"line":129,"column":46},"end":{"line":129,"column":112}}],"line":129},"13":{"loc":{"start":{"line":140,"column":32},"end":{"line":140,"column":113}},"type":"binary-expr","locations":[{"start":{"line":140,"column":32},"end":{"line":140,"column":41}},{"start":{"line":140,"column":46},"end":{"line":140,"column":112}}],"line":140},"14":{"loc":{"start":{"line":150,"column":32},"end":{"line":150,"column":113}},"type":"binary-expr","locations":[{"start":{"line":150,"column":32},"end":{"line":150,"column":41}},{"start":{"line":150,"column":46},"end":{"line":150,"column":112}}],"line":150},"15":{"loc":{"start":{"line":151,"column":42},"end":{"line":151,"column":137}},"type":"binary-expr","locations":[{"start":{"line":151,"column":42},"end":{"line":151,"column":51}},{"start":{"line":151,"column":56},"end":{"line":151,"column":136}}],"line":151},"16":{"loc":{"start":{"line":160,"column":32},"end":{"line":160,"column":113}},"type":"binary-expr","locations":[{"start":{"line":160,"column":32},"end":{"line":160,"column":41}},{"start":{"line":160,"column":46},"end":{"line":160,"column":112}}],"line":160},"17":{"loc":{"start":{"line":161,"column":42},"end":{"line":161,"column":137}},"type":"binary-expr","locations":[{"start":{"line":161,"column":42},"end":{"line":161,"column":51}},{"start":{"line":161,"column":56},"end":{"line":161,"column":136}}],"line":161}},"s":{"0":6,"1":12,"2":6,"3":6,"4":6,"5":6,"6":6,"7":6,"8":1,"9":1,"10":1,"11":1,"12":1,"13":1,"14":3,"15":0,"16":0,"17":0,"18":2,"19":2,"20":2,"21":0,"22":0,"23":0,"24":0,"25":0,"26":0,"27":0,"28":0,"29":0,"30":0,"31":0,"32":0,"33":0,"34":0,"35":0,"36":0,"37":0,"38":0,"39":0,"40":0,"41":0,"42":0,"43":1,"44":1,"45":1,"46":6,"47":6,"48":6,"49":6,"50":6,"51":1,"52":1,"53":0,"54":0,"55":0,"56":0,"57":0,"58":6,"59":6},"f":{"0":12,"1":1,"2":1,"3":3,"4":0,"5":2,"6":0,"7":0,"8":0,"9":0,"10":1,"11":1,"12":0,"13":0,"14":0,"15":0,"16":0},"b":{"0":[6,6,6],"1":[12,0],"2":[12,12],"3":[0,0],"4":[0,0],"5":[0,0],"6":[0,0],"7":[0,0],"8":[0,0],"9":[0,0],"10":[0,0],"11":[1,0],"12":[1,1],"13":[1,1],"14":[0,0],"15":[0,0],"16":[0,0],"17":[0,0]},"inputSourceMap":{"0":"{","1":"\"","2":"v","3":"e","4":"r","5":"s","6":"i","7":"o","8":"n","9":"\"","10":":","11":"3","12":",","13":"\"","14":"s","15":"o","16":"u","17":"r","18":"c","19":"e","20":"s","21":"\"","22":":","23":"[","24":"\"","25":"/","26":"h","27":"o","28":"m","29":"e","30":"/","31":"o","32":"p","33":"e","34":"n","35":"t","36":"e","37":"c","38":"h","39":"d","40":"e","41":"v","42":"/","43":"W","44":"o","45":"r","46":"k","47":"/","48":"v","49":"i","50":"t","51":"e","52":"-","53":"p","54":"r","55":"o","56":"j","57":"e","58":"c","59":"t","60":"/","61":"s","62":"r","63":"c","64":"/","65":"c","66":"o","67":"m","68":"p","69":"o","70":"n","71":"e","72":"n","73":"t","74":"s","75":"/","76":"C","77":"a","78":"l","79":"e","80":"n","81":"d","82":"a","83":"r","84":"s","85":"W","86":"r","87":"a","88":"p","89":"p","90":"e","91":"r","92":".","93":"v","94":"u","95":"e","96":"\"","97":"]","98":",","99":"\"","100":"n","101":"a","102":"m","103":"e","104":"s","105":"\"","106":":","107":"[","108":"]","109":",","110":"\"","111":"m","112":"a","113":"p","114":"p","115":"i","116":"n","117":"g","118":"s","119":"\"","120":":","121":"\"","122":";","123":";","124":";","125":";","126":";","127":";","128":";","129":";","130":";","131":";","132":";","133":"A","134":"A","135":"E","136":"A","137":";","138":"A","139":"A","140":"C","141":"A","142":";","143":"A","144":"A","145":"I","146":"A","147":";","148":";","149":";","150":";","151":";","152":";","153":";","154":";","155":";","156":";","157":";","158":";","159":";","160":";","161":";","162":";","163":";","164":";","165":";","166":"I","167":"A","168":"u","169":"B","170":"A","171":",","172":"I","173":"A","174":"A","175":"I","176":",","177":"W","178":"A","179":"A","180":"W","181":",","182":"G","183":"A","184":"A","185":"G","186":",","187":"K","188":"A","189":"A","190":"K","191":";","192":"I","193":"A","194":"E","195":"v","196":"B","197":",","198":"S","199":"A","200":"A","201":"S","202":",","203":"U","204":"A","205":"A","206":"U","207":",","208":"C","209":"A","210":"A","211":"C","212":",","213":"I","214":"A","215":"A","216":"U","217":";","218":"M","219":"A","220":"C","221":"1","222":"B","223":",","224":"I","225":"A","226":"A","227":"I","228":",","229":"C","230":"A","231":"A","232":"C","233":",","234":"a","235":"A","236":"A","237":"a","238":",","239":"E","240":"A","241":"A","242":"E","243":",","244":"I","245":"A","246":"A","247":"I","248":",","249":"C","250":"A","251":"A","252":"E","253":";","254":"I","255":"A","256":"C","257":"9","258":"B","259":";","260":"I","261":"A","262":"E","263":"A","264":",","265":"S","266":"A","267":"A","268":"S","269":",","270":"c","271":"A","272":"A","273":"c","274":",","275":"C","276":"A","277":"A","278":"C","279":",","280":"K","281":"A","282":"A","283":"k","284":"B","285":";","286":"M","287":"A","288":"C","289":"t","290":"C","291":",","292":"I","293":"A","294":"A","295":"I","296":",","297":"C","298":"A","299":"A","300":"C","301":",","302":"o","303":"B","304":"A","305":"A","306":"o","307":"B","308":",","309":"E","310":"A","311":"A","312":"E","313":",","314":"K","315":"A","316":"A","317":"K","318":",","319":"C","320":"A","321":"A","322":"C","323":";","324":"I","325":"A","326":"C","327":"r","328":"C","329":";","330":"I","331":"A","332":"E","333":"A","334":",","335":"S","336":"A","337":"A","338":"S","339":",","340":"a","341":"A","342":"A","343":"a","344":";","345":"M","346":"A","347":"C","348":"l","349":"B","350":",","351":"O","352":"A","353":"A","354":"O","355":",","356":"C","357":"A","358":"A","359":"C","360":",","361":"G","362":"A","363":"A","364":"G","365":",","366":"C","367":"A","368":"A","369":"C","370":",","371":"S","372":"A","373":"A","374":"S","375":",","376":"C","377":"A","378":"A","379":"C","380":";","381":"M","382":"A","383":"C","384":"t","385":"B","386":",","387":"m","388":"B","389":"A","390":"A","391":"m","392":"B","393":",","394":"C","395":"A","396":"A","397":"C","398":",","399":"S","400":"A","401":"A","402":"S","403":",","404":"E","405":"A","406":"A","407":"E","408":",","409":"a","410":"A","411":"A","412":"a","413":",","414":"C","415":"A","416":"A","417":"C","418":";","419":"M","420":"A","421":"C","422":"7","423":"C","424":",","425":"W","426":"A","427":"A","428":"W","429":",","430":"G","431":"A","432":"A","433":"G","434":",","435":"K","436":"A","437":"A","438":"K","439":";","440":"I","441":"A","442":"C","443":"v","444":"B","445":";","446":"I","447":"A","448":"E","449":"A","450":",","451":"S","452":"A","453":"A","454":"S","455":",","456":"e","457":"A","458":"A","459":"e","460":",","461":"C","462":"A","463":"A","464":"C","465":",","466":"I","467":"A","468":"A","469":"U","470":";","471":"M","472":"A","473":"C","474":"/","475":"B","476":",","477":"c","478":"A","479":"A","480":"c","481":",","482":"C","483":"A","484":"A","485":"C","486":";","487":"Q","488":"A","489":"A","490":"C","491":",","492":"I","493":"A","494":"A","495":"I","496":",","497":"E","498":"A","499":"A","500":"E","501":",","502":"I","503":"A","504":"A","505":"I","506":";","507":"Q","508":"A","509":"A","510":"E","511":",","512":"E","513":"A","514":"A","515":"E","516":",","517":"E","518":"A","519":"A","520":"E","521":";","522":"M","523":"A","524":"A","525":"I","526":",","527":"C","528":"A","529":"A","530":"C","531":",","532":"C","533":"A","534":"A","535":"C","536":";","537":"M","538":"A","539":"C","540":"t","541":"C","542":",","543":"g","544":"B","545":"A","546":"A","547":"g","548":"B","549":",","550":"C","551":"A","552":"A","553":"C","554":",","555":"S","556":"A","557":"A","558":"S","559":",","560":"E","561":"A","562":"A","563":"E","564":",","565":"a","566":"A","567":"A","568":"a","569":",","570":"C","571":"A","572":"A","573":"C","574":";","575":"M","576":"A","577":"C","578":"1","579":"C","580":",","581":"W","582":"A","583":"A","584":"W","585":",","586":"G","587":"A","588":"A","589":"G","590":",","591":"I","592":"A","593":"A","594":"I","595":";","596":"I","597":"A","598":"C","599":"t","600":"B","601":";","602":"I","603":"A","604":"E","605":"A","606":",","607":"S","608":"A","609":"A","610":"S","611":",","612":"m","613":"B","614":"A","615":"A","616":"m","617":"B","618":",","619":"C","620":"A","621":"A","622":"C","623":",","624":"I","625":"A","626":"A","627":"U","628":",","629":"E","630":"A","631":"A","632":"E","633":",","634":"O","635":"A","636":"A","637":"a","638":";","639":"M","640":"A","641":"C","642":"l","643":"D","644":",","645":"I","646":"A","647":"A","648":"G","649":",","650":"C","651":"A","652":"A","653":"C","654":",","655":"W","656":"A","657":"A","658":"W","659":",","660":"E","661":"A","662":"A","663":"E","664":";","665":"M","666":"A","667":"C","668":"j","669":"B","670":",","671":"I","672":"A","673":"A","674":"M","675":",","676":"O","677":"A","678":"A","679":"O","680":",","681":"G","682":"A","683":"A","684":"G","685":",","686":"C","687":"A","688":"A","689":"C","690":",","691":"K","692":"A","693":"A","694":"K","695":",","696":"C","697":"A","698":"A","699":"C","700":",","701":"g","702":"B","703":"A","704":"A","705":"g","706":"B","707":",","708":"I","709":"A","710":"A","711":"I","712":",","713":"s","714":"B","715":"A","716":"A","717":"U","718":",","719":"E","720":"A","721":"A","722":"C","723":",","724":"K","725":"A","726":"A","727":"K","728":",","729":"C","730":"A","731":"A","732":"C","733":",","734":"Y","735":"A","736":"A","737":"Y","738":",","739":"C","740":"A","741":"A","742":"C","743":",","744":"I","745":"A","746":"A","747":"I","748":",","749":"E","750":"A","751":"A","752":"E","753":",","754":"I","755":"A","756":"A","757":"I","758":",","759":"C","760":"A","761":"A","762":"C","763":";","764":"M","765":"A","766":"C","767":"p","768":"F","769":",","770":"I","771":"A","772":"A","773":"I","774":",","775":"C","776":"A","777":"A","778":"C","779":",","780":"O","781":"A","782":"A","783":"O","784":",","785":"E","786":"A","787":"A","788":"E","789":";","790":"M","791":"A","792":"C","793":"d","794":",","795":"I","796":"A","797":"A","798":"M","799":",","800":"S","801":"A","802":"A","803":"S","804":",","805":"G","806":"A","807":"A","808":"G","809":",","810":"s","811":"B","812":"A","813":"A","814":"U","815":",","816":"E","817":"A","818":"A","819":"C","820":",","821":"O","822":"A","823":"A","824":"O","825":",","826":"E","827":"A","828":"A","829":"E","830":",","831":"I","832":"A","833":"A","834":"I","835":",","836":"E","837":"A","838":"A","839":"E","840":",","841":"K","842":"A","843":"A","844":"K","845":",","846":"C","847":"A","848":"A","849":"C","850":";","851":"M","852":"A","853":"C","854":"l","855":"D","856":",","857":"I","858":"A","859":"A","860":"I","861":",","862":"S","863":"A","864":"A","865":"S","866":",","867":"E","868":"A","869":"A","870":"E","871":";","872":"Q","873":"A","874":"C","875":"X","876":",","877":"O","878":"A","879":"A","880":"O","881":",","882":"C","883":"A","884":"A","885":"C","886":",","887":"G","888":"A","889":"A","890":"G","891":",","892":"C","893":"A","894":"A","895":"C","896":",","897":"K","898":"A","899":"A","900":"K","901":",","902":"C","903":"A","904":"A","905":"C","906":";","907":"Q","908":"A","909":"C","910":"l","911":"B","912":",","913":"U","914":"A","915":"A","916":"U","917":",","918":"C","919":"A","920":"A","921":"C","922":";","923":"U","924":"A","925":"A","926":"I","927":",","928":"W","929":"A","930":"A","931":"I","932":",","933":"C","934":"A","935":"A","936":"C","937":",","938":"U","939":"A","940":"A","941":"U","942":",","943":"C","944":"A","945":"A","946":"C","947":";","948":"Q","949":"A","950":"A","951":"h","952":"B","953":",","954":"C","955":"A","956":"A","957":"g","958":"B","959":",","960":"E","961":"A","962":"A","963":"C","964":",","965":"I","966":"A","967":"A","968":"I","969":",","970":"C","971":"A","972":"A","973":"C","974":";","975":";","976":"M","977":"A","978":"E","979":"z","980":"C","981":",","982":"c","983":"A","984":"A","985":"c","986":",","987":"C","988":"A","989":"A","990":"C","991":";","992":"Q","993":"A","994":"A","995":"C","996":",","997":"I","998":"A","999":"A","1000":"I","1001":",","1002":"E","1003":"A","1004":"A","1005":"E","1006":",","1007":"K","1008":"A","1009":"A","1010":"K","1011":",","1012":"C","1013":"A","1014":"A","1015":"C","1016":",","1017":"Y","1018":"A","1019":"A","1020":"Y","1021":",","1022":"C","1023":"A","1024":"A","1025":"C","1026":",","1027":"I","1028":"A","1029":"A","1030":"I","1031":";","1032":"Q","1033":"A","1034":"A","1035":"E","1036":",","1037":"E","1038":"A","1039":"A","1040":"E","1041":",","1042":"E","1043":"A","1044":"A","1045":"E","1046":";","1047":"M","1048":"A","1049":"A","1050":"I","1051":",","1052":"C","1053":"A","1054":"A","1055":"C","1056":",","1057":"C","1058":"A","1059":"A","1060":"C","1061":";","1062":"I","1063":"A","1064":"C","1065":"7","1066":"D","1067":";","1068":"I","1069":"A","1070":"E","1071":"A","1072":",","1073":"S","1074":"A","1075":"A","1076":"S","1077":",","1078":"q","1079":"B","1080":"A","1081":"A","1082":"q","1083":"B","1084":",","1085":"C","1086":"A","1087":"A","1088":"C","1089":",","1090":"I","1091":"A","1092":"A","1093":"U","1094":";","1095":"M","1096":"A","1097":"C","1098":"r","1099":"C","1100":",","1101":"I","1102":"A","1103":"A","1104":"G","1105":",","1106":"C","1107":"A","1108":"A","1109":"C","1110":",","1111":"W","1112":"A","1113":"A","1114":"W","1115":",","1116":"E","1117":"A","1118":"A","1119":"E","1120":";","1121":"M","1122":"A","1123":"C","1124":"j","1125":"B","1126":",","1127":"I","1128":"A","1129":"A","1130":"M","1131":",","1132":"S","1133":"A","1134":"A","1135":"S","1136":",","1137":"G","1138":"A","1139":"A","1140":"G","1141":",","1142":"K","1143":"A","1144":"A","1145":"K","1146":",","1147":"C","1148":"A","1149":"A","1150":"C","1151":",","1152":"g","1153":"B","1154":"A","1155":"A","1156":"g","1157":"B","1158":",","1159":"I","1160":"A","1161":"A","1162":"I","1163":",","1164":"w","1165":"B","1166":"A","1167":"A","1168":"Y","1169":",","1170":"E","1171":"A","1172":"A","1173":"C","1174":",","1175":"K","1176":"A","1177":"A","1178":"K","1179":",","1180":"C","1181":"A","1182":"A","1183":"C","1184":",","1185":"Y","1186":"A","1187":"A","1188":"Y","1189":",","1190":"C","1191":"A","1192":"A","1193":"C","1194":",","1195":"I","1196":"A","1197":"A","1198":"I","1199":",","1200":"E","1201":"A","1202":"A","1203":"E","1204":",","1205":"I","1206":"A","1207":"A","1208":"I","1209":",","1210":"C","1211":"A","1212":"A","1213":"C","1214":";","1215":"M","1216":"A","1217":"C","1218":"v","1219":"F","1220":",","1221":"I","1222":"A","1223":"A","1224":"I","1225":",","1226":"C","1227":"A","1228":"A","1229":"C","1230":",","1231":"S","1232":"A","1233":"A","1234":"S","1235":",","1236":"E","1237":"A","1238":"A","1239":"E","1240":";","1241":"M","1242":"A","1243":"C","1244":"h","1245":"B","1246":",","1247":"I","1248":"A","1249":"A","1250":"M","1251":",","1252":"S","1253":"A","1254":"A","1255":"S","1256":",","1257":"G","1258":"A","1259":"A","1260":"G","1261":",","1262":"I","1263":"A","1264":"A","1265":"I","1266":",","1267":"I","1268":"A","1269":"A","1270":"I","1271":",","1272":"C","1273":"A","1274":"A","1275":"C","1276":",","1277":"K","1278":"A","1279":"A","1280":"K","1281":",","1282":"C","1283":"A","1284":"A","1285":"C","1286":",","1287":"q","1288":"B","1289":"A","1290":"A","1291":"s","1292":"B","1293":",","1294":"C","1295":"A","1296":"A","1297":"C","1298":",","1299":"W","1300":"A","1301":"A","1302":"W","1303":",","1304":"E","1305":"A","1306":"A","1307":"E","1308":",","1309":"E","1310":"A","1311":"A","1312":"E","1313":",","1314":"E","1315":"A","1316":"A","1317":"E","1318":",","1319":"C","1320":"A","1321":"A","1322":"C","1323":";","1324":"M","1325":"A","1326":"C","1327":"1","1328":"E","1329":",","1330":"I","1331":"A","1332":"A","1333":"M","1334":",","1335":"W","1336":"A","1337":"A","1338":"W","1339":",","1340":"G","1341":"A","1342":"A","1343":"G","1344":",","1345":"s","1346":"B","1347":"A","1348":"A","1349":"U","1350":",","1351":"E","1352":"A","1353":"A","1354":"C","1355":",","1356":"S","1357":"A","1358":"A","1359":"S","1360":",","1361":"E","1362":"A","1363":"A","1364":"E","1365":",","1366":"I","1367":"A","1368":"A","1369":"I","1370":",","1371":"E","1372":"A","1373":"A","1374":"E","1375":",","1376":"O","1377":"A","1378":"A","1379":"O","1380":",","1381":"C","1382":"A","1383":"A","1384":"C","1385":";","1386":"M","1387":"A","1388":"C","1389":"x","1390":"D","1391":",","1392":"I","1393":"A","1394":"A","1395":"I","1396":",","1397":"W","1398":"A","1399":"A","1400":"W","1401":",","1402":"E","1403":"A","1404":"A","1405":"E","1406":";","1407":"Q","1408":"A","1409":"C","1410":"b","1411":",","1412":"U","1413":"A","1414":"A","1415":"U","1416":",","1417":"C","1418":"A","1419":"A","1420":"C","1421":";","1422":"U","1423":"A","1424":"A","1425":"I","1426":",","1427":"W","1428":"A","1429":"A","1430":"I","1431":",","1432":"C","1433":"A","1434":"A","1435":"C","1436":",","1437":"U","1438":"A","1439":"A","1440":"U","1441":",","1442":"C","1443":"A","1444":"A","1445":"C","1446":";","1447":"Q","1448":"A","1449":"A","1450":"h","1451":"B","1452":",","1453":"C","1454":"A","1455":"A","1456":"g","1457":"B","1458":",","1459":"E","1460":"A","1461":"A","1462":"C","1463":",","1464":"I","1465":"A","1466":"A","1467":"I","1468":",","1469":"C","1470":"A","1471":"A","1472":"C","1473":";","1474":";","1475":"M","1476":"A","1477":"E","1478":"z","1479":"C","1480":",","1481":"c","1482":"A","1483":"A","1484":"c","1485":",","1486":"C","1487":"A","1488":"A","1489":"C","1490":";","1491":"Q","1492":"A","1493":"A","1494":"C","1495":",","1496":"I","1497":"A","1498":"A","1499":"I","1500":",","1501":"E","1502":"A","1503":"A","1504":"E","1505":",","1506":"K","1507":"A","1508":"A","1509":"K","1510":",","1511":"C","1512":"A","1513":"A","1514":"C","1515":",","1516":"Y","1517":"A","1518":"A","1519":"Y","1520":",","1521":"C","1522":"A","1523":"A","1524":"C","1525":",","1526":"I","1527":"A","1528":"A","1529":"I","1530":";","1531":"Q","1532":"A","1533":"A","1534":"E","1535":",","1536":"E","1537":"A","1538":"A","1539":"E","1540":",","1541":"E","1542":"A","1543":"A","1544":"E","1545":";","1546":"M","1547":"A","1548":"A","1549":"I","1550":",","1551":"C","1552":"A","1553":"A","1554":"C","1555":",","1556":"C","1557":"A","1558":"A","1559":"C","1560":";","1561":"I","1562":"A","1563":"C","1564":"7","1565":"D","1566":"\"","1567":",","1568":"\"","1569":"f","1570":"i","1571":"l","1572":"e","1573":"\"","1574":":","1575":"\"","1576":"/","1577":"h","1578":"o","1579":"m","1580":"e","1581":"/","1582":"o","1583":"p","1584":"e","1585":"n","1586":"t","1587":"e","1588":"c","1589":"h","1590":"d","1591":"e","1592":"v","1593":"/","1594":"W","1595":"o","1596":"r","1597":"k","1598":"/","1599":"v","1600":"i","1601":"t","1602":"e","1603":"-","1604":"p","1605":"r","1606":"o","1607":"j","1608":"e","1609":"c","1610":"t","1611":"/","1612":"s","1613":"r","1614":"c","1615":"/","1616":"c","1617":"o","1618":"m","1619":"p","1620":"o","1621":"n","1622":"e","1623":"n","1624":"t","1625":"s","1626":"/","1627":"C","1628":"a","1629":"l","1630":"e","1631":"n","1632":"d","1633":"a","1634":"r","1635":"s","1636":"W","1637":"r","1638":"a","1639":"p","1640":"p","1641":"e","1642":"r","1643":".","1644":"v","1645":"u","1646":"e","1647":"\"","1648":",","1649":"\"","1650":"s","1651":"o","1652":"u","1653":"r","1654":"c","1655":"e","1656":"s","1657":"C","1658":"o","1659":"n","1660":"t","1661":"e","1662":"n","1663":"t","1664":"\"","1665":":","1666":"[","1667":"\"","1668":"<","1669":"s","1670":"c","1671":"r","1672":"i","1673":"p","1674":"t","1675":" ","1676":"s","1677":"e","1678":"t","1679":"u","1680":"p","1681":" ","1682":"l","1683":"a","1684":"n","1685":"g","1686":"=","1687":"\\","1688":"\"","1689":"t","1690":"s","1691":"\\","1692":"\"","1693":">","1694":"\\","1695":"n","1696":"\\","1697":"n","1698":"i","1699":"m","1700":"p","1701":"o","1702":"r","1703":"t","1704":" ","1705":"D","1706":"a","1707":"t","1708":"e","1709":"C","1710":"a","1711":"l","1712":"e","1713":"n","1714":"d","1715":"a","1716":"r","1717":"V","1718":"u","1719":"e","1720":" ","1721":"f","1722":"r","1723":"o","1724":"m","1725":" ","1726":"'","1727":".","1728":"/","1729":"D","1730":"a","1731":"t","1732":"e","1733":"C","1734":"a","1735":"l","1736":"e","1737":"n","1738":"d","1739":"a","1740":"r","1741":".","1742":"v","1743":"u","1744":"e","1745":"'","1746":";","1747":"\\","1748":"n","1749":"i","1750":"m","1751":"p","1752":"o","1753":"r","1754":"t","1755":" ","1756":"M","1757":"o","1758":"n","1759":"t","1760":"h","1761":"C","1762":"a","1763":"l","1764":"e","1765":"n","1766":"d","1767":"a","1768":"r","1769":"V","1770":"u","1771":"e","1772":" ","1773":"f","1774":"r","1775":"o","1776":"m","1777":" ","1778":"'","1779":".","1780":"/","1781":"M","1782":"o","1783":"n","1784":"t","1785":"h","1786":"C","1787":"a","1788":"l","1789":"e","1790":"n","1791":"d","1792":"a","1793":"r","1794":".","1795":"v","1796":"u","1797":"e","1798":"'","1799":";","1800":"\\","1801":"n","1802":"\\","1803":"n","1804":"i","1805":"m","1806":"p","1807":"o","1808":"r","1809":"t","1810":" ","1811":"{","1812":" ","1813":"P","1814":"r","1815":"o","1816":"p","1817":"T","1818":"y","1819":"p","1820":"e","1821":" ","1822":"}","1823":" ","1824":"f","1825":"r","1826":"o","1827":"m","1828":" ","1829":"'","1830":"v","1831":"u","1832":"e","1833":"'","1834":"\\","1835":"n","1836":"i","1837":"m","1838":"p","1839":"o","1840":"r","1841":"t","1842":" ","1843":"{","1844":" ","1845":"D","1846":"a","1847":"t","1848":"e","1849":"I","1850":"n","1851":"t","1852":"e","1853":"r","1854":"v","1855":"a","1856":"l","1857":" ","1858":"}","1859":" ","1860":"f","1861":"r","1862":"o","1863":"m","1864":" ","1865":"'","1866":".","1867":".","1868":"/","1869":"t","1870":"y","1871":"p","1872":"e","1873":"s","1874":"'","1875":"\\","1876":"n","1877":"i","1878":"m","1879":"p","1880":"o","1881":"r","1882":"t","1883":" ","1884":"{","1885":" ","1886":"i","1887":"s","1888":"A","1889":"f","1890":"t","1891":"e","1892":"r","1893":"D","1894":"a","1895":"y","1896":",","1897":" ","1898":"i","1899":"s","1900":"A","1901":"f","1902":"t","1903":"e","1904":"r","1905":"M","1906":"o","1907":"n","1908":"t","1909":"h","1910":",","1911":" ","1912":"i","1913":"s","1914":"S","1915":"a","1916":"m","1917":"e","1918":"D","1919":"a","1920":"t","1921":"e","1922":" ","1923":"}","1924":" ","1925":"f","1926":"r","1927":"o","1928":"m","1929":" ","1930":"'","1931":".","1932":".","1933":"/","1934":"u","1935":"t","1936":"i","1937":"l","1938":"s","1939":"'","1940":";","1941":"\\","1942":"n","1943":"\\","1944":"n","1945":"\\","1946":"n","1947":"\\","1948":"n","1949":"c","1950":"o","1951":"n","1952":"s","1953":"t","1954":" ","1955":"p","1956":"r","1957":"o","1958":"p","1959":"s","1960":" ","1961":"=","1962":" ","1963":"d","1964":"e","1965":"f","1966":"i","1967":"n","1968":"e","1969":"P","1970":"r","1971":"o","1972":"p","1973":"s","1974":" ","1975":"(","1976":"{","1977":"\\","1978":"n","1979":" ","1980":" ","1981":" ","1982":" ","1983":"d","1984":"a","1985":"t","1986":"e","1987":":","1988":" ","1989":"D","1990":"a","1991":"t","1992":"e","1993":",","1994":"\\","1995":"n","1996":" ","1997":" ","1998":" ","1999":" ","2000":"c","2001":"a","2002":"l","2003":"e","2004":"n","2005":"d","2006":"a","2007":"r","2008":"F","2009":"r","2010":"o","2011":"m","2012":"S","2013":"h","2014":"o","2015":"w","2016":"i","2017":"n","2018":"g","2019":"D","2020":"a","2021":"t","2022":"e","2023":":","2024":" ","2025":"D","2026":"a","2027":"t","2028":"e","2029":",","2030":"\\","2031":"n","2032":" ","2033":" ","2034":" ","2035":" ","2036":"c","2037":"a","2038":"l","2039":"e","2040":"n","2041":"d","2042":"a","2043":"r","2044":"T","2045":"o","2046":"S","2047":"h","2048":"o","2049":"w","2050":"i","2051":"n","2052":"g","2053":"D","2054":"a","2055":"t","2056":"e","2057":":","2058":" ","2059":"D","2060":"a","2061":"t","2062":"e","2063":",","2064":"\\","2065":"n","2066":" ","2067":" ","2068":" ","2069":" ","2070":"s","2071":"h","2072":"o","2073":"w","2074":"T","2075":"y","2076":"p","2077":"e","2078":"D","2079":"a","2080":"y","2081":"M","2082":"o","2083":"n","2084":"t","2085":"h","2086":":","2087":" ","2088":"B","2089":"o","2090":"o","2091":"l","2092":"e","2093":"a","2094":"n","2095":",","2096":"\\","2097":"n","2098":"\\","2099":"n","2100":" ","2101":" ","2102":" ","2103":" ","2104":"d","2105":"a","2106":"t","2107":"e","2108":"I","2109":"n","2110":"t","2111":"e","2112":"r","2113":"v","2114":"a","2115":"l","2116":":","2117":" ","2118":"{","2119":"\\","2120":"n","2121":" ","2122":" ","2123":" ","2124":" ","2125":" ","2126":" ","2127":" ","2128":" ","2129":" ","2130":" ","2131":" ","2132":" ","2133":"t","2134":"y","2135":"p","2136":"e","2137":":","2138":" ","2139":"O","2140":"b","2141":"j","2142":"e","2143":"c","2144":"t","2145":" ","2146":"a","2147":"s","2148":" ","2149":"P","2150":"r","2151":"o","2152":"p","2153":"T","2154":"y","2155":"p","2156":"e","2157":"<","2158":"D","2159":"a","2160":"t","2161":"e","2162":"I","2163":"n","2164":"t","2165":"e","2166":"r","2167":"v","2168":"a","2169":"l","2170":">","2171":",","2172":"\\","2173":"n","2174":" ","2175":" ","2176":" ","2177":" ","2178":" ","2179":" ","2180":" ","2181":" ","2182":" ","2183":" ","2184":" ","2185":" ","2186":"r","2187":"e","2188":"q","2189":"u","2190":"i","2191":"r","2192":"e","2193":"d","2194":":","2195":" ","2196":"t","2197":"r","2198":"u","2199":"e","2200":"\\","2201":"n","2202":" ","2203":" ","2204":" ","2205":" ","2206":" ","2207":" ","2208":" ","2209":" ","2210":"}","2211":"\\","2212":"n","2213":"}","2214":")","2215":"\\","2216":"n","2217":"\\","2218":"n","2219":"c","2220":"o","2221":"n","2222":"s","2223":"t","2224":" ","2225":"e","2226":"m","2227":"i","2228":"t","2229":" ","2230":"=","2231":" ","2232":"d","2233":"e","2234":"f","2235":"i","2236":"n","2237":"e","2238":"E","2239":"m","2240":"i","2241":"t","2242":"s","2243":"<","2244":" ","2245":"{","2246":"\\","2247":"n","2248":" ","2249":" ","2250":" ","2251":" ","2252":"(","2253":"e","2254":":","2255":" ","2256":"'","2257":"u","2258":"p","2259":"d","2260":"a","2261":"t","2262":"e","2263":"-","2264":"d","2265":"a","2266":"t","2267":"e","2268":"'","2269":",","2270":" ","2271":"v","2272":"a","2273":"l","2274":"u","2275":"e","2276":":","2277":" ","2278":"D","2279":"a","2280":"t","2281":"e","2282":")","2283":":","2284":"v","2285":"o","2286":"i","2287":"d","2288":"\\","2289":"n","2290":" ","2291":" ","2292":" ","2293":" ","2294":"(","2295":"e","2296":":","2297":" ","2298":"'","2299":"u","2300":"p","2301":"d","2302":"a","2303":"t","2304":"e","2305":"D","2306":"a","2307":"t","2308":"e","2309":"I","2310":"n","2311":"t","2312":"e","2313":"r","2314":"v","2315":"a","2316":"l","2317":"'","2318":",","2319":" ","2320":"v","2321":"a","2322":"l","2323":"u","2324":"e","2325":":","2326":" ","2327":"D","2328":"a","2329":"t","2330":"e","2331":"I","2332":"n","2333":"t","2334":"e","2335":"r","2336":"v","2337":"a","2338":"l","2339":")","2340":":","2341":" ","2342":"v","2343":"o","2344":"i","2345":"d","2346":"\\","2347":"n","2348":" ","2349":" ","2350":" ","2351":" ","2352":"(","2353":"e","2354":":","2355":" ","2356":"'","2357":"m","2358":"o","2359":"v","2360":"e","2361":"N","2362":"e","2363":"x","2364":"t","2365":"'","2366":")","2367":":","2368":"v","2369":"o","2370":"i","2371":"d","2372":"\\","2373":"n","2374":" ","2375":" ","2376":" ","2377":" ","2378":"(","2379":"e","2380":":","2381":"'","2382":"m","2383":"o","2384":"v","2385":"e","2386":"B","2387":"a","2388":"c","2389":"k","2390":"'","2391":")","2392":":","2393":"v","2394":"o","2395":"i","2396":"d","2397":"\\","2398":"n","2399":"}","2400":">","2401":"(","2402":")","2403":"\\","2404":"n","2405":"\\","2406":"n","2407":"l","2408":"e","2409":"t","2410":" ","2411":"i","2412":"s","2413":"M","2414":"o","2415":"u","2416":"s","2417":"e","2418":"D","2419":"o","2420":"w","2421":"n","2422":" ","2423":"=","2424":" ","2425":"f","2426":"a","2427":"l","2428":"s","2429":"e","2430":";","2431":"\\","2432":"n","2433":"\\","2434":"n","2435":"f","2436":"u","2437":"n","2438":"c","2439":"t","2440":"i","2441":"o","2442":"n","2443":" ","2444":"u","2445":"p","2446":"d","2447":"a","2448":"t","2449":"e","2450":"D","2451":"a","2452":"t","2453":"e","2454":"(","2455":"d","2456":"a","2457":"t","2458":"e","2459":":","2460":" ","2461":"D","2462":"a","2463":"t","2464":"e","2465":")","2466":" ","2467":"{","2468":"\\","2469":"n","2470":" ","2471":" ","2472":" ","2473":" ","2474":"e","2475":"m","2476":"i","2477":"t","2478":"(","2479":"'","2480":"u","2481":"p","2482":"d","2483":"a","2484":"t","2485":"e","2486":"-","2487":"d","2488":"a","2489":"t","2490":"e","2491":"'","2492":",","2493":" ","2494":"d","2495":"a","2496":"t","2497":"e","2498":" ","2499":")","2500":"\\","2501":"n","2502":"}","2503":"\\","2504":"n","2505":"\\","2506":"n","2507":"f","2508":"u","2509":"n","2510":"c","2511":"t","2512":"i","2513":"o","2514":"n","2515":" ","2516":"u","2517":"p","2518":"d","2519":"a","2520":"t","2521":"e","2522":"I","2523":"n","2524":"t","2525":"e","2526":"r","2527":"v","2528":"a","2529":"l","2530":"(","2531":"v","2532":"a","2533":"l","2534":"u","2535":"e","2536":":","2537":"D","2538":"a","2539":"t","2540":"e","2541":"I","2542":"n","2543":"t","2544":"e","2545":"r","2546":"v","2547":"a","2548":"l","2549":")","2550":" ","2551":"{","2552":"\\","2553":"n","2554":" ","2555":" ","2556":" ","2557":" ","2558":"e","2559":"m","2560":"i","2561":"t","2562":"(","2563":"'","2564":"u","2565":"p","2566":"d","2567":"a","2568":"t","2569":"e","2570":"D","2571":"a","2572":"t","2573":"e","2574":"I","2575":"n","2576":"t","2577":"e","2578":"r","2579":"v","2580":"a","2581":"l","2582":"'","2583":",","2584":" ","2585":"v","2586":"a","2587":"l","2588":"u","2589":"e","2590":")","2591":"\\","2592":"n","2593":"}","2594":"\\","2595":"n","2596":"\\","2597":"n","2598":"f","2599":"u","2600":"n","2601":"c","2602":"t","2603":"i","2604":"o","2605":"n","2606":" ","2607":"h","2608":"a","2609":"n","2610":"d","2611":"l","2612":"e","2613":"M","2614":"o","2615":"u","2616":"s","2617":"e","2618":"U","2619":"p","2620":"(","2621":")","2622":" ","2623":"{","2624":"\\","2625":"n","2626":" ","2627":" ","2628":" ","2629":" ","2630":"c","2631":"o","2632":"n","2633":"s","2634":"o","2635":"l","2636":"e","2637":".","2638":"l","2639":"o","2640":"g","2641":"(","2642":"'","2643":"m","2644":"o","2645":"u","2646":"s","2647":"e","2648":"U","2649":"p","2650":"'","2651":")","2652":"\\","2653":"n","2654":" ","2655":" ","2656":" ","2657":" ","2658":"r","2659":"e","2660":"m","2661":"o","2662":"v","2663":"e","2664":"E","2665":"v","2666":"e","2667":"n","2668":"t","2669":"L","2670":"i","2671":"s","2672":"t","2673":"e","2674":"n","2675":"e","2676":"r","2677":"(","2678":"'","2679":"m","2680":"o","2681":"u","2682":"s","2683":"e","2684":"u","2685":"p","2686":"'","2687":",","2688":" ","2689":"h","2690":"a","2691":"n","2692":"d","2693":"l","2694":"e","2695":"M","2696":"o","2697":"u","2698":"s","2699":"e","2700":"U","2701":"p","2702":")","2703":"\\","2704":"n","2705":" ","2706":" ","2707":" ","2708":" ","2709":"i","2710":"s","2711":"M","2712":"o","2713":"u","2714":"s","2715":"e","2716":"D","2717":"o","2718":"w","2719":"n","2720":" ","2721":"=","2722":" ","2723":"f","2724":"a","2725":"l","2726":"s","2727":"e","2728":";","2729":"\\","2730":"n","2731":"}","2732":"\\","2733":"n","2734":"\\","2735":"n","2736":"f","2737":"u","2738":"n","2739":"c","2740":"t","2741":"i","2742":"o","2743":"n","2744":" ","2745":"h","2746":"a","2747":"n","2748":"d","2749":"l","2750":"e","2751":"M","2752":"o","2753":"u","2754":"s","2755":"e","2756":"D","2757":"o","2758":"w","2759":"n","2760":"(","2761":"d","2762":"a","2763":"t","2764":"e","2765":":","2766":" ","2767":"D","2768":"a","2769":"t","2770":"e","2771":")","2772":" ","2773":"{","2774":"\\","2775":"n","2776":" ","2777":" ","2778":" ","2779":" ","2780":"u","2781":"p","2782":"d","2783":"a","2784":"t","2785":"e","2786":"I","2787":"n","2788":"t","2789":"e","2790":"r","2791":"v","2792":"a","2793":"l","2794":"(","2795":"{","2796":"f","2797":"r","2798":"o","2799":"m","2800":":","2801":" ","2802":"d","2803":"a","2804":"t","2805":"e","2806":",","2807":" ","2808":"t","2809":"o","2810":":","2811":" ","2812":"d","2813":"a","2814":"t","2815":"e","2816":"}","2817":")","2818":"\\","2819":"n","2820":" ","2821":" ","2822":" ","2823":" ","2824":"a","2825":"d","2826":"d","2827":"E","2828":"v","2829":"e","2830":"n","2831":"t","2832":"L","2833":"i","2834":"s","2835":"t","2836":"e","2837":"n","2838":"e","2839":"r","2840":"(","2841":"'","2842":"m","2843":"o","2844":"u","2845":"s","2846":"e","2847":"u","2848":"p","2849":"'","2850":",","2851":" ","2852":"h","2853":"a","2854":"n","2855":"d","2856":"l","2857":"e","2858":"M","2859":"o","2860":"u","2861":"s","2862":"e","2863":"U","2864":"p","2865":")","2866":"\\","2867":"n","2868":" ","2869":" ","2870":" ","2871":" ","2872":"i","2873":"s","2874":"M","2875":"o","2876":"u","2877":"s","2878":"e","2879":"D","2880":"o","2881":"w","2882":"n","2883":" ","2884":"=","2885":" ","2886":"t","2887":"r","2888":"u","2889":"e","2890":";","2891":"\\","2892":"n","2893":"}","2894":"\\","2895":"n","2896":"\\","2897":"n","2898":"f","2899":"u","2900":"n","2901":"c","2902":"t","2903":"i","2904":"o","2905":"n","2906":" ","2907":"h","2908":"a","2909":"n","2910":"d","2911":"l","2912":"e","2913":"M","2914":"o","2915":"u","2916":"s","2917":"e","2918":"E","2919":"n","2920":"t","2921":"e","2922":"r","2923":"D","2924":"a","2925":"y","2926":"(","2927":"d","2928":"a","2929":"t","2930":"e","2931":":","2932":" ","2933":"D","2934":"a","2935":"t","2936":"e","2937":",","2938":" ","2939":"l","2940":"a","2941":"s","2942":"t","2943":"D","2944":"a","2945":"y","2946":":","2947":" ","2948":"D","2949":"a","2950":"t","2951":"e","2952":")","2953":" ","2954":"{","2955":"\\","2956":"n","2957":" ","2958":" ","2959":" ","2960":" ","2961":"i","2962":"f","2963":"(","2964":"!","2965":"i","2966":"s","2967":"M","2968":"o","2969":"u","2970":"s","2971":"e","2972":"D","2973":"o","2974":"w","2975":"n","2976":")","2977":" ","2978":"r","2979":"e","2980":"t","2981":"u","2982":"r","2983":"n","2984":"\\","2985":"n","2986":" ","2987":" ","2988":" ","2989":" ","2990":"c","2991":"o","2992":"n","2993":"s","2994":"t","2995":" ","2996":"d","2997":"a","2998":"y","2999":"C","3000":"o","3001":"n","3002":"d","3003":" ","3004":"=","3005":" ","3006":"!","3007":"p","3008":"r","3009":"o","3010":"p","3011":"s","3012":".","3013":"s","3014":"h","3015":"o","3016":"w","3017":"T","3018":"y","3019":"p","3020":"e","3021":"D","3022":"a","3023":"y","3024":"M","3025":"o","3026":"n","3027":"t","3028":"h","3029":" ","3030":"&","3031":"&","3032":" ","3033":"i","3034":"s","3035":"A","3036":"f","3037":"t","3038":"e","3039":"r","3040":"D","3041":"a","3042":"y","3043":"(","3044":"p","3045":"r","3046":"o","3047":"p","3048":"s","3049":".","3050":"d","3051":"a","3052":"t","3053":"e","3054":"I","3055":"n","3056":"t","3057":"e","3058":"r","3059":"v","3060":"a","3061":"l","3062":".","3063":"f","3064":"r","3065":"o","3066":"m","3067":",","3068":" ","3069":"d","3070":"a","3071":"t","3072":"e","3073":")","3074":"\\","3075":"n","3076":" ","3077":" ","3078":" ","3079":" ","3080":"i","3081":"f","3082":" ","3083":"(","3084":"!","3085":"d","3086":"a","3087":"y","3088":"C","3089":"o","3090":"n","3091":"d","3092":")","3093":" ","3094":"r","3095":"e","3096":"t","3097":"u","3098":"r","3099":"n","3100":"\\","3101":"n","3102":" ","3103":" ","3104":" ","3105":" ","3106":"c","3107":"o","3108":"n","3109":"s","3110":"t","3111":" ","3112":"i","3113":"s","3114":"L","3115":"a","3116":"s","3117":"t","3118":"D","3119":"a","3120":"y","3121":" ","3122":"=","3123":" ","3124":"i","3125":"s","3126":"S","3127":"a","3128":"m","3129":"e","3130":"D","3131":"a","3132":"t","3133":"e","3134":"(","3135":"l","3136":"a","3137":"s","3138":"t","3139":"D","3140":"a","3141":"y","3142":",","3143":" ","3144":"d","3145":"a","3146":"t","3147":"e","3148":",","3149":" ","3150":"'","3151":"d","3152":"a","3153":"y","3154":"'","3155":")","3156":"\\","3157":"n","3158":" ","3159":" ","3160":" ","3161":" ","3162":"i","3163":"f","3164":" ","3165":"(","3166":"i","3167":"s","3168":"L","3169":"a","3170":"s","3171":"t","3172":"D","3173":"a","3174":"y","3175":")","3176":" ","3177":"{","3178":"\\","3179":"n","3180":" ","3181":" ","3182":" ","3183":" ","3184":" ","3185":" ","3186":" ","3187":" ","3188":"c","3189":"o","3190":"n","3191":"s","3192":"o","3193":"l","3194":"e","3195":".","3196":"l","3197":"o","3198":"g","3199":"(","3200":"'","3201":"y","3202":"e","3203":"s","3204":"'","3205":")","3206":"\\","3207":"n","3208":" ","3209":" ","3210":" ","3211":" ","3212":" ","3213":" ","3214":" ","3215":" ","3216":"s","3217":"e","3218":"t","3219":"T","3220":"i","3221":"m","3222":"e","3223":"o","3224":"u","3225":"t","3226":"(","3227":"(","3228":")","3229":"=","3230":">","3231":"e","3232":"m","3233":"i","3234":"t","3235":"(","3236":"'","3237":"m","3238":"o","3239":"v","3240":"e","3241":"N","3242":"e","3243":"x","3244":"t","3245":"'","3246":")","3247":",","3248":"1","3249":"0","3250":"0","3251":"0","3252":")","3253":"\\","3254":"n","3255":" ","3256":" ","3257":" ","3258":" ","3259":"}","3260":"\\","3261":"n","3262":" ","3263":" ","3264":" ","3265":" ","3266":"u","3267":"p","3268":"d","3269":"a","3270":"t","3271":"e","3272":"I","3273":"n","3274":"t","3275":"e","3276":"r","3277":"v","3278":"a","3279":"l","3280":"(","3281":"{","3282":"f","3283":"r","3284":"o","3285":"m","3286":":","3287":" ","3288":"p","3289":"r","3290":"o","3291":"p","3292":"s","3293":".","3294":"d","3295":"a","3296":"t","3297":"e","3298":"I","3299":"n","3300":"t","3301":"e","3302":"r","3303":"v","3304":"a","3305":"l","3306":".","3307":"f","3308":"r","3309":"o","3310":"m","3311":",","3312":" ","3313":"t","3314":"o","3315":":","3316":" ","3317":"d","3318":"a","3319":"t","3320":"e","3321":"}","3322":")","3323":"\\","3324":"n","3325":"}","3326":"\\","3327":"n","3328":"\\","3329":"n","3330":"f","3331":"u","3332":"n","3333":"c","3334":"t","3335":"i","3336":"o","3337":"n","3338":" ","3339":"h","3340":"a","3341":"n","3342":"d","3343":"l","3344":"e","3345":"M","3346":"o","3347":"u","3348":"s","3349":"e","3350":"E","3351":"n","3352":"t","3353":"e","3354":"r","3355":"M","3356":"o","3357":"n","3358":"t","3359":"h","3360":"(","3361":"d","3362":"a","3363":"t","3364":"e","3365":":","3366":" ","3367":"D","3368":"a","3369":"t","3370":"e","3371":")","3372":" ","3373":"{","3374":"\\","3375":"n","3376":" ","3377":" ","3378":" ","3379":" ","3380":"i","3381":"f","3382":"(","3383":"!","3384":"i","3385":"s","3386":"M","3387":"o","3388":"u","3389":"s","3390":"e","3391":"D","3392":"o","3393":"w","3394":"n","3395":")","3396":" ","3397":"r","3398":"e","3399":"t","3400":"u","3401":"r","3402":"n","3403":"\\","3404":"n","3405":" ","3406":" ","3407":" ","3408":" ","3409":"c","3410":"o","3411":"n","3412":"s","3413":"t","3414":" ","3415":"m","3416":"o","3417":"n","3418":"t","3419":"h","3420":"C","3421":"o","3422":"n","3423":"d","3424":" ","3425":"=","3426":" ","3427":"p","3428":"r","3429":"o","3430":"p","3431":"s","3432":".","3433":"s","3434":"h","3435":"o","3436":"w","3437":"T","3438":"y","3439":"p","3440":"e","3441":"D","3442":"a","3443":"y","3444":"M","3445":"o","3446":"n","3447":"t","3448":"h","3449":" ","3450":"&","3451":"&","3452":" ","3453":"i","3454":"s","3455":"A","3456":"f","3457":"t","3458":"e","3459":"r","3460":"M","3461":"o","3462":"n","3463":"t","3464":"h","3465":"(","3466":"p","3467":"r","3468":"o","3469":"p","3470":"s","3471":".","3472":"d","3473":"a","3474":"t","3475":"e","3476":"I","3477":"n","3478":"t","3479":"e","3480":"r","3481":"v","3482":"a","3483":"l","3484":".","3485":"f","3486":"r","3487":"o","3488":"m","3489":",","3490":" ","3491":"d","3492":"a","3493":"t","3494":"e","3495":")","3496":"\\","3497":"n","3498":" ","3499":" ","3500":" ","3501":" ","3502":"i","3503":"f","3504":" ","3505":"(","3506":"!","3507":"m","3508":"o","3509":"n","3510":"t","3511":"h","3512":"C","3513":"o","3514":"n","3515":"d","3516":")","3517":" ","3518":"r","3519":"e","3520":"t","3521":"u","3522":"r","3523":"n","3524":"\\","3525":"n","3526":" ","3527":" ","3528":" ","3529":" ","3530":"c","3531":"o","3532":"n","3533":"s","3534":"t","3535":" ","3536":"l","3537":"a","3538":"s","3539":"t","3540":"M","3541":"o","3542":"n","3543":"t","3544":"h","3545":" ","3546":"=","3547":" ","3548":"n","3549":"e","3550":"w","3551":" ","3552":"D","3553":"a","3554":"t","3555":"e","3556":"(","3557":"p","3558":"r","3559":"o","3560":"p","3561":"s","3562":".","3563":"c","3564":"a","3565":"l","3566":"e","3567":"n","3568":"d","3569":"a","3570":"r","3571":"T","3572":"o","3573":"S","3574":"h","3575":"o","3576":"w","3577":"i","3578":"n","3579":"g","3580":"D","3581":"a","3582":"t","3583":"e","3584":"!","3585":".","3586":"g","3587":"e","3588":"t","3589":"F","3590":"u","3591":"l","3592":"l","3593":"Y","3594":"e","3595":"a","3596":"r","3597":"(","3598":")","3599":",","3600":" ","3601":"1","3602":"1","3603":")","3604":"\\","3605":"n","3606":" ","3607":" ","3608":" ","3609":" ","3610":"c","3611":"o","3612":"n","3613":"s","3614":"t","3615":" ","3616":"i","3617":"s","3618":"L","3619":"a","3620":"s","3621":"t","3622":"M","3623":"o","3624":"n","3625":"t","3626":"h","3627":" ","3628":"=","3629":" ","3630":"i","3631":"s","3632":"S","3633":"a","3634":"m","3635":"e","3636":"D","3637":"a","3638":"t","3639":"e","3640":"(","3641":"l","3642":"a","3643":"s","3644":"t","3645":"M","3646":"o","3647":"n","3648":"t","3649":"h","3650":",","3651":" ","3652":"d","3653":"a","3654":"t","3655":"e","3656":",","3657":" ","3658":"'","3659":"m","3660":"o","3661":"n","3662":"t","3663":"h","3664":"'","3665":")","3666":"\\","3667":"n","3668":" ","3669":" ","3670":" ","3671":" ","3672":"i","3673":"f","3674":" ","3675":"(","3676":"i","3677":"s","3678":"L","3679":"a","3680":"s","3681":"t","3682":"M","3683":"o","3684":"n","3685":"t","3686":"h","3687":")","3688":" ","3689":"{","3690":"\\","3691":"n","3692":" ","3693":" ","3694":" ","3695":" ","3696":" ","3697":" ","3698":" ","3699":" ","3700":"s","3701":"e","3702":"t","3703":"T","3704":"i","3705":"m","3706":"e","3707":"o","3708":"u","3709":"t","3710":"(","3711":"(","3712":")","3713":"=","3714":">","3715":"e","3716":"m","3717":"i","3718":"t","3719":"(","3720":"'","3721":"m","3722":"o","3723":"v","3724":"e","3725":"N","3726":"e","3727":"x","3728":"t","3729":"'","3730":")","3731":",","3732":"1","3733":"0","3734":"0","3735":"0","3736":")","3737":"\\","3738":"n","3739":" ","3740":" ","3741":" ","3742":" ","3743":"}","3744":"\\","3745":"n","3746":" ","3747":" ","3748":" ","3749":" ","3750":"u","3751":"p","3752":"d","3753":"a","3754":"t","3755":"e","3756":"I","3757":"n","3758":"t","3759":"e","3760":"r","3761":"v","3762":"a","3763":"l","3764":"(","3765":"{","3766":"f","3767":"r","3768":"o","3769":"m","3770":":","3771":" ","3772":"p","3773":"r","3774":"o","3775":"p","3776":"s","3777":".","3778":"d","3779":"a","3780":"t","3781":"e","3782":"I","3783":"n","3784":"t","3785":"e","3786":"r","3787":"v","3788":"a","3789":"l","3790":".","3791":"f","3792":"r","3793":"o","3794":"m","3795":",","3796":" ","3797":"t","3798":"o","3799":":","3800":" ","3801":"d","3802":"a","3803":"t","3804":"e","3805":"}","3806":")","3807":"\\","3808":"n","3809":"}","3810":"\\","3811":"n","3812":"\\","3813":"n","3814":"<","3815":"/","3816":"s","3817":"c","3818":"r","3819":"i","3820":"p","3821":"t","3822":">","3823":"\\","3824":"n","3825":"\\","3826":"n","3827":"\\","3828":"n","3829":"<","3830":"t","3831":"e","3832":"m","3833":"p","3834":"l","3835":"a","3836":"t","3837":"e","3838":">","3839":"\\","3840":"n","3841":" ","3842":" ","3843":" ","3844":" ","3845":"<","3846":"d","3847":"i","3848":"v","3849":">","3850":"\\","3851":"n","3852":" ","3853":" ","3854":" ","3855":" ","3856":" ","3857":" ","3858":" ","3859":" ","3860":" ","3861":" ","3862":" ","3863":" ","3864":"<","3865":"d","3866":"i","3867":"v","3868":" ","3869":"c","3870":"l","3871":"a","3872":"s","3873":"s","3874":"=","3875":"\\","3876":"\"","3877":"c","3878":"a","3879":"l","3880":"e","3881":"n","3882":"d","3883":"a","3884":"r","3885":"-","3886":"c","3887":"o","3888":"n","3889":"t","3890":"a","3891":"i","3892":"n","3893":"e","3894":"r","3895":"_","3896":"_","3897":"c","3898":"a","3899":"r","3900":"d","3901":"s","3902":"\\","3903":"\"","3904":" ","3905":"v","3906":"-","3907":"i","3908":"f","3909":"=","3910":"\\","3911":"\"","3912":"!","3913":"p","3914":"r","3915":"o","3916":"p","3917":"s","3918":".","3919":"s","3920":"h","3921":"o","3922":"w","3923":"T","3924":"y","3925":"p","3926":"e","3927":"D","3928":"a","3929":"y","3930":"M","3931":"o","3932":"n","3933":"t","3934":"h","3935":"\\","3936":"\"","3937":">","3938":"\\","3939":"n","3940":"\\","3941":"n","3942":" ","3943":" ","3944":" ","3945":" ","3946":" ","3947":" ","3948":" ","3949":" ","3950":" ","3951":" ","3952":" ","3953":" ","3954":" ","3955":" ","3956":" ","3957":" ","3958":"<","3959":"D","3960":"a","3961":"t","3962":"e","3963":"C","3964":"a","3965":"l","3966":"e","3967":"n","3968":"d","3969":"a","3970":"r","3971":"V","3972":"u","3973":"e","3974":"\\","3975":"n","3976":" ","3977":" ","3978":" ","3979":" ","3980":" ","3981":" ","3982":" ","3983":" ","3984":" ","3985":" ","3986":" ","3987":" ","3988":" ","3989":" ","3990":" ","3991":" ","3992":" ","3993":" ","3994":" ","3995":" ","3996":"d","3997":"a","3998":"t","3999":"a","4000":"-","4001":"t","4002":"e","4003":"s","4004":"t","4005":"=","4006":"\\","4007":"\"","4008":"c","4009":"a","4010":"l","4011":"e","4012":"n","4013":"d","4014":"a","4015":"r","4016":"-","4017":"f","4018":"r","4019":"o","4020":"m","4021":"\\","4022":"\"","4023":"\\","4024":"n","4025":" ","4026":" ","4027":" ","4028":" ","4029":" ","4030":" ","4031":" ","4032":" ","4033":" ","4034":" ","4035":" ","4036":" ","4037":" ","4038":" ","4039":" ","4040":" ","4041":" ","4042":" ","4043":" ","4044":" ","4045":":","4046":"i","4047":"s","4048":"-","4049":"l","4050":"a","4051":"s","4052":"t","4053":"=","4054":"\\","4055":"\"","4056":"f","4057":"a","4058":"l","4059":"s","4060":"e","4061":"\\","4062":"\"","4063":"\\","4064":"n","4065":" ","4066":" ","4067":" ","4068":" ","4069":" ","4070":" ","4071":" ","4072":" ","4073":" ","4074":" ","4075":" ","4076":" ","4077":" ","4078":" ","4079":" ","4080":" ","4081":" ","4082":" ","4083":" ","4084":" ","4085":":","4086":"d","4087":"a","4088":"t","4089":"e","4090":"=","4091":"\\","4092":"\"","4093":"d","4094":"a","4095":"t","4096":"e","4097":"\\","4098":"\"","4099":"\\","4100":"n","4101":" ","4102":" ","4103":" ","4104":" ","4105":" ","4106":" ","4107":" ","4108":" ","4109":" ","4110":" ","4111":" ","4112":" ","4113":" ","4114":" ","4115":" ","4116":" ","4117":" ","4118":" ","4119":" ","4120":" ","4121":":","4122":"s","4123":"h","4124":"o","4125":"w","4126":"i","4127":"n","4128":"g","4129":"D","4130":"a","4131":"t","4132":"e","4133":"=","4134":"\\","4135":"\"","4136":"c","4137":"a","4138":"l","4139":"e","4140":"n","4141":"d","4142":"a","4143":"r","4144":"F","4145":"r","4146":"o","4147":"m","4148":"S","4149":"h","4150":"o","4151":"w","4152":"i","4153":"n","4154":"g","4155":"D","4156":"a","4157":"t","4158":"e","4159":"\\","4160":"\"","4161":" ","4162":"\\","4163":"n","4164":" ","4165":" ","4166":" ","4167":" ","4168":" ","4169":" ","4170":" ","4171":" ","4172":" ","4173":" ","4174":" ","4175":" ","4176":" ","4177":" ","4178":" ","4179":" ","4180":" ","4181":" ","4182":" ","4183":" ","4184":":","4185":"l","4186":"e","4187":"f","4188":"t","4189":"A","4190":"r","4191":"r","4192":"o","4193":"w","4194":"=","4195":"\\","4196":"\"","4197":"t","4198":"r","4199":"u","4200":"e","4201":"\\","4202":"\"","4203":"\\","4204":"n","4205":" ","4206":" ","4207":" ","4208":" ","4209":" ","4210":" ","4211":" ","4212":" ","4213":" ","4214":" ","4215":" ","4216":" ","4217":" ","4218":" ","4219":" ","4220":" ","4221":" ","4222":" ","4223":" ","4224":" ","4225":":","4226":"d","4227":"a","4228":"t","4229":"e","4230":"I","4231":"n","4232":"t","4233":"e","4234":"r","4235":"v","4236":"a","4237":"l","4238":"=","4239":"\\","4240":"\"","4241":"p","4242":"r","4243":"o","4244":"p","4245":"s","4246":".","4247":"d","4248":"a","4249":"t","4250":"e","4251":"I","4252":"n","4253":"t","4254":"e","4255":"r","4256":"v","4257":"a","4258":"l","4259":"\\","4260":"\"","4261":"\\","4262":"n","4263":" ","4264":" ","4265":" ","4266":" ","4267":" ","4268":" ","4269":" ","4270":" ","4271":" ","4272":" ","4273":" ","4274":" ","4275":" ","4276":" ","4277":" ","4278":" ","4279":" ","4280":" ","4281":" ","4282":" ","4283":"@","4284":"u","4285":"p","4286":"d","4287":"a","4288":"t","4289":"e","4290":"-","4291":"d","4292":"a","4293":"t","4294":"e","4295":" ","4296":"=","4297":"\\","4298":"\"","4299":"u","4300":"p","4301":"d","4302":"a","4303":"t","4304":"e","4305":"D","4306":"a","4307":"t","4308":"e","4309":"\\","4310":"\"","4311":" ","4312":"\\","4313":"n","4314":" ","4315":" ","4316":" ","4317":" ","4318":" ","4319":" ","4320":" ","4321":" ","4322":" ","4323":" ","4324":" ","4325":" ","4326":" ","4327":" ","4328":" ","4329":" ","4330":" ","4331":" ","4332":" ","4333":" ","4334":"@","4335":"m","4336":"o","4337":"v","4338":"e","4339":"B","4340":"a","4341":"c","4342":"k","4343":"=","4344":"\\","4345":"\"","4346":"$","4347":"e","4348":"m","4349":"i","4350":"t","4351":"(","4352":"'","4353":"m","4354":"o","4355":"v","4356":"e","4357":"B","4358":"a","4359":"c","4360":"k","4361":"'","4362":")","4363":"\\","4364":"\"","4365":"\\","4366":"n","4367":" ","4368":" ","4369":" ","4370":" ","4371":" ","4372":" ","4373":" ","4374":" ","4375":" ","4376":" ","4377":" ","4378":" ","4379":" ","4380":" ","4381":" ","4382":" ","4383":" ","4384":" ","4385":" ","4386":"\\","4387":"n","4388":" ","4389":" ","4390":" ","4391":" ","4392":" ","4393":" ","4394":" ","4395":" ","4396":" ","4397":" ","4398":" ","4399":" ","4400":" ","4401":" ","4402":" ","4403":" ","4404":" ","4405":" ","4406":" ","4407":" ","4408":"@","4409":"h","4410":"a","4411":"n","4412":"d","4413":"l","4414":"e","4415":"-","4416":"m","4417":"o","4418":"u","4419":"s","4420":"e","4421":"-","4422":"d","4423":"o","4424":"w","4425":"n","4426":"=","4427":"\\","4428":"\"","4429":"h","4430":"a","4431":"n","4432":"d","4433":"l","4434":"e","4435":"M","4436":"o","4437":"u","4438":"s","4439":"e","4440":"D","4441":"o","4442":"w","4443":"n","4444":"\\","4445":"\"","4446":"\\","4447":"n","4448":" ","4449":" ","4450":" ","4451":" ","4452":" ","4453":" ","4454":" ","4455":" ","4456":" ","4457":" ","4458":" ","4459":" ","4460":" ","4461":" ","4462":" ","4463":" ","4464":" ","4465":" ","4466":" ","4467":" ","4468":"@","4469":"h","4470":"a","4471":"n","4472":"d","4473":"l","4474":"e","4475":"-","4476":"m","4477":"o","4478":"u","4479":"s","4480":"e","4481":"-","4482":"e","4483":"n","4484":"t","4485":"e","4486":"r","4487":"=","4488":"\\","4489":"\"","4490":"h","4491":"a","4492":"n","4493":"d","4494":"l","4495":"e","4496":"M","4497":"o","4498":"u","4499":"s","4500":"e","4501":"E","4502":"n","4503":"t","4504":"e","4505":"r","4506":"D","4507":"a","4508":"y","4509":"\\","4510":"\"","4511":"\\","4512":"n","4513":" ","4514":" ","4515":" ","4516":" ","4517":" ","4518":" ","4519":" ","4520":" ","4521":" ","4522":" ","4523":" ","4524":" ","4525":" ","4526":" ","4527":" ","4528":" ","4529":"/","4530":">","4531":"\\","4532":"n","4533":"\\","4534":"n","4535":" ","4536":" ","4537":" ","4538":" ","4539":" ","4540":" ","4541":" ","4542":" ","4543":" ","4544":" ","4545":" ","4546":" ","4547":" ","4548":" ","4549":" ","4550":" ","4551":"<","4552":"D","4553":"a","4554":"t","4555":"e","4556":"C","4557":"a","4558":"l","4559":"e","4560":"n","4561":"d","4562":"a","4563":"r","4564":"V","4565":"u","4566":"e","4567":"\\","4568":"n","4569":" ","4570":" ","4571":" ","4572":" ","4573":" ","4574":" ","4575":" ","4576":" ","4577":" ","4578":" ","4579":" ","4580":" ","4581":" ","4582":" ","4583":" ","4584":" ","4585":" ","4586":" ","4587":" ","4588":" ","4589":":","4590":"i","4591":"s","4592":"-","4593":"l","4594":"a","4595":"s","4596":"t","4597":"=","4598":"\\","4599":"\"","4600":"t","4601":"r","4602":"u","4603":"e","4604":"\\","4605":"\"","4606":"\\","4607":"n","4608":" ","4609":" ","4610":" ","4611":" ","4612":" ","4613":" ","4614":" ","4615":" ","4616":" ","4617":" ","4618":" ","4619":" ","4620":" ","4621":" ","4622":" ","4623":" ","4624":" ","4625":" ","4626":" ","4627":" ","4628":":","4629":"d","4630":"a","4631":"t","4632":"e","4633":"=","4634":"\\","4635":"\"","4636":"d","4637":"a","4638":"t","4639":"e","4640":"\\","4641":"\"","4642":"\\","4643":"n","4644":" ","4645":" ","4646":" ","4647":" ","4648":" ","4649":" ","4650":" ","4651":" ","4652":" ","4653":" ","4654":" ","4655":" ","4656":" ","4657":" ","4658":" ","4659":" ","4660":" ","4661":" ","4662":" ","4663":" ","4664":":","4665":"s","4666":"h","4667":"o","4668":"w","4669":"i","4670":"n","4671":"g","4672":"D","4673":"a","4674":"t","4675":"e","4676":"=","4677":"\\","4678":"\"","4679":"c","4680":"a","4681":"l","4682":"e","4683":"n","4684":"d","4685":"a","4686":"r","4687":"T","4688":"o","4689":"S","4690":"h","4691":"o","4692":"w","4693":"i","4694":"n","4695":"g","4696":"D","4697":"a","4698":"t","4699":"e","4700":"\\","4701":"\"","4702":" ","4703":"\\","4704":"n","4705":" ","4706":" ","4707":" ","4708":" ","4709":" ","4710":" ","4711":" ","4712":" ","4713":" ","4714":" ","4715":" ","4716":" ","4717":" ","4718":" ","4719":" ","4720":" ","4721":" ","4722":" ","4723":" ","4724":" ","4725":":","4726":"r","4727":"i","4728":"g","4729":"h","4730":"t","4731":"A","4732":"r","4733":"r","4734":"o","4735":"w","4736":"=","4737":"\\","4738":"\"","4739":"t","4740":"r","4741":"u","4742":"e","4743":"\\","4744":"\"","4745":" ","4746":"\\","4747":"n","4748":" ","4749":" ","4750":" ","4751":" ","4752":" ","4753":" ","4754":" ","4755":" ","4756":" ","4757":" ","4758":" ","4759":" ","4760":" ","4761":" ","4762":" ","4763":" ","4764":" ","4765":" ","4766":" ","4767":" ","4768":":","4769":"d","4770":"a","4771":"t","4772":"e","4773":"I","4774":"n","4775":"t","4776":"e","4777":"r","4778":"v","4779":"a","4780":"l","4781":"=","4782":"\\","4783":"\"","4784":"p","4785":"r","4786":"o","4787":"p","4788":"s","4789":".","4790":"d","4791":"a","4792":"t","4793":"e","4794":"I","4795":"n","4796":"t","4797":"e","4798":"r","4799":"v","4800":"a","4801":"l","4802":"\\","4803":"\"","4804":"\\","4805":"n","4806":" ","4807":" ","4808":" ","4809":" ","4810":" ","4811":" ","4812":" ","4813":" ","4814":" ","4815":" ","4816":" ","4817":" ","4818":" ","4819":" ","4820":" ","4821":" ","4822":" ","4823":" ","4824":" ","4825":" ","4826":"@","4827":"u","4828":"p","4829":"d","4830":"a","4831":"t","4832":"e","4833":"-","4834":"d","4835":"a","4836":"t","4837":"e","4838":"=","4839":"\\","4840":"\"","4841":"u","4842":"p","4843":"d","4844":"a","4845":"t","4846":"e","4847":"D","4848":"a","4849":"t","4850":"e","4851":"\\","4852":"\"","4853":" ","4854":"\\","4855":"n","4856":" ","4857":" ","4858":" ","4859":" ","4860":" ","4861":" ","4862":" ","4863":" ","4864":" ","4865":" ","4866":" ","4867":" ","4868":" ","4869":" ","4870":" ","4871":" ","4872":" ","4873":" ","4874":" ","4875":" ","4876":"@","4877":"m","4878":"o","4879":"v","4880":"e","4881":"N","4882":"e","4883":"x","4884":"t","4885":"=","4886":"\\","4887":"\"","4888":"$","4889":"e","4890":"m","4891":"i","4892":"t","4893":"(","4894":"'","4895":"m","4896":"o","4897":"v","4898":"e","4899":"N","4900":"e","4901":"x","4902":"t","4903":"'","4904":")","4905":"\\","4906":"\"","4907":"\\","4908":"n","4909":" ","4910":" ","4911":" ","4912":" ","4913":" ","4914":" ","4915":" ","4916":" ","4917":" ","4918":" ","4919":" ","4920":" ","4921":" ","4922":" ","4923":" ","4924":" ","4925":" ","4926":" ","4927":" ","4928":"\\","4929":"n","4930":" ","4931":" ","4932":" ","4933":" ","4934":" ","4935":" ","4936":" ","4937":" ","4938":" ","4939":" ","4940":" ","4941":" ","4942":" ","4943":" ","4944":" ","4945":" ","4946":" ","4947":" ","4948":" ","4949":" ","4950":"@","4951":"h","4952":"a","4953":"n","4954":"d","4955":"l","4956":"e","4957":"-","4958":"m","4959":"o","4960":"u","4961":"s","4962":"e","4963":"-","4964":"d","4965":"o","4966":"w","4967":"n","4968":"=","4969":"\\","4970":"\"","4971":"h","4972":"a","4973":"n","4974":"d","4975":"l","4976":"e","4977":"M","4978":"o","4979":"u","4980":"s","4981":"e","4982":"D","4983":"o","4984":"w","4985":"n","4986":"\\","4987":"\"","4988":"\\","4989":"n","4990":" ","4991":" ","4992":" ","4993":" ","4994":" ","4995":" ","4996":" ","4997":" ","4998":" ","4999":" ","5000":" ","5001":" ","5002":" ","5003":" ","5004":" ","5005":" ","5006":" ","5007":" ","5008":" ","5009":" ","5010":"@","5011":"h","5012":"a","5013":"n","5014":"d","5015":"l","5016":"e","5017":"-","5018":"m","5019":"o","5020":"u","5021":"s","5022":"e","5023":"-","5024":"e","5025":"n","5026":"t","5027":"e","5028":"r","5029":"=","5030":"\\","5031":"\"","5032":"h","5033":"a","5034":"n","5035":"d","5036":"l","5037":"e","5038":"M","5039":"o","5040":"u","5041":"s","5042":"e","5043":"E","5044":"n","5045":"t","5046":"e","5047":"r","5048":"D","5049":"a","5050":"y","5051":"\\","5052":"\"","5053":"\\","5054":"n","5055":" ","5056":" ","5057":" ","5058":" ","5059":" ","5060":" ","5061":" ","5062":" ","5063":" ","5064":" ","5065":" ","5066":" ","5067":" ","5068":" ","5069":" ","5070":" ","5071":"/","5072":">","5073":"\\","5074":"n","5075":" ","5076":" ","5077":" ","5078":" ","5079":" ","5080":" ","5081":" ","5082":" ","5083":" ","5084":" ","5085":" ","5086":" ","5087":"<","5088":"/","5089":"d","5090":"i","5091":"v","5092":">","5093":"\\","5094":"n","5095":"\\","5096":"n","5097":"\\","5098":"n","5099":" ","5100":" ","5101":" ","5102":" ","5103":" ","5104":" ","5105":" ","5106":" ","5107":" ","5108":" ","5109":" ","5110":" ","5111":"<","5112":"d","5113":"i","5114":"v","5115":" ","5116":"c","5117":"l","5118":"a","5119":"s","5120":"s","5121":"=","5122":"\\","5123":"\"","5124":"c","5125":"a","5126":"l","5127":"e","5128":"n","5129":"d","5130":"a","5131":"r","5132":"-","5133":"c","5134":"o","5135":"n","5136":"t","5137":"a","5138":"i","5139":"n","5140":"e","5141":"r","5142":"_","5143":"_","5144":"c","5145":"a","5146":"r","5147":"d","5148":"s","5149":"\\","5150":"\"","5151":" ","5152":"v","5153":"-","5154":"e","5155":"l","5156":"s","5157":"e","5158":">","5159":"\\","5160":"n","5161":"\\","5162":"n","5163":" ","5164":" ","5165":" ","5166":" ","5167":" ","5168":" ","5169":" ","5170":" ","5171":" ","5172":" ","5173":" ","5174":" ","5175":" ","5176":" ","5177":" ","5178":" ","5179":"<","5180":"M","5181":"o","5182":"n","5183":"t","5184":"h","5185":"C","5186":"a","5187":"l","5188":"e","5189":"n","5190":"d","5191":"a","5192":"r","5193":"V","5194":"u","5195":"e","5196":"\\","5197":"n","5198":" ","5199":" ","5200":" ","5201":" ","5202":" ","5203":" ","5204":" ","5205":" ","5206":" ","5207":" ","5208":" ","5209":" ","5210":" ","5211":" ","5212":" ","5213":" ","5214":" ","5215":" ","5216":" ","5217":" ","5218":":","5219":"s","5220":"h","5221":"o","5222":"w","5223":"i","5224":"n","5225":"g","5226":"D","5227":"a","5228":"t","5229":"e","5230":"=","5231":"\\","5232":"\"","5233":"c","5234":"a","5235":"l","5236":"e","5237":"n","5238":"d","5239":"a","5240":"r","5241":"F","5242":"r","5243":"o","5244":"m","5245":"S","5246":"h","5247":"o","5248":"w","5249":"i","5250":"n","5251":"g","5252":"D","5253":"a","5254":"t","5255":"e","5256":"\\","5257":"\"","5258":" ","5259":"\\","5260":"n","5261":" ","5262":" ","5263":" ","5264":" ","5265":" ","5266":" ","5267":" ","5268":" ","5269":" ","5270":" ","5271":" ","5272":" ","5273":" ","5274":" ","5275":" ","5276":" ","5277":" ","5278":" ","5279":" ","5280":" ","5281":":","5282":"l","5283":"e","5284":"f","5285":"t","5286":"A","5287":"r","5288":"r","5289":"o","5290":"w","5291":"=","5292":"\\","5293":"\"","5294":"t","5295":"r","5296":"u","5297":"e","5298":"\\","5299":"\"","5300":"\\","5301":"n","5302":" ","5303":" ","5304":" ","5305":" ","5306":" ","5307":" ","5308":" ","5309":" ","5310":" ","5311":" ","5312":" ","5313":" ","5314":" ","5315":" ","5316":" ","5317":" ","5318":" ","5319":" ","5320":" ","5321":" ","5322":":","5323":"d","5324":"a","5325":"t","5326":"e","5327":"I","5328":"n","5329":"t","5330":"e","5331":"r","5332":"v","5333":"a","5334":"l","5335":"=","5336":"\\","5337":"\"","5338":"p","5339":"r","5340":"o","5341":"p","5342":"s","5343":".","5344":"d","5345":"a","5346":"t","5347":"e","5348":"I","5349":"n","5350":"t","5351":"e","5352":"r","5353":"v","5354":"a","5355":"l","5356":"\\","5357":"\"","5358":"\\","5359":"n","5360":" ","5361":" ","5362":" ","5363":" ","5
[...]
7932":"p","7933":"t","7934":"i","7935":"o","7936":"n","7937":".","7938":"k","7939":"e","7940":"y","7941":")","7942":"\\","7943":"\"","7944":"\\","7945":"n","7946":" ","7947":" ","7948":" ","7949":" ","7950":" ","7951":" ","7952":" ","7953":" ","7954":" ","7955":" ","7956":" ","7957":" ","7958":" ","7959":" ","7960":" ","7961":" ","7962":"d","7963":"a","7964":"t","7965":"a","7966":"-","7967":"t","7968":"e","7969":"s","7970":"t","7971":"=","7972":"\\","7973":"\"","7974":"o","7975":"p","7976":"t","7977":"i","7978":"o","7979":"n","7980":"E","7981":"l","7982":"e","7983":"m","7984":"e","7985":"n","7986":"t","7987":"\\","7988":"\"","7989":"\\","7990":"n","7991":" ","7992":" ","7993":" ","7994":" ","7995":" ","7996":" ","7997":" ","7998":" ","7999":" ","8000":" ","8001":" ","8002":" ","8003":">","8004":"\\","8005":"n","8006":" ","8007":" ","8008":" ","8009":" ","8010":" ","8011":" ","8012":" ","8013":" ","8014":" ","8015":" ","8016":" ","8017":" ","8018":"<","8019":"i","8020":"n","8021":"p","8022":"u","8023":"t","8024":" ","8025":"t","8026":"y","8027":"p","8028":"e","8029":"=","8030":"\\","8031":"\"","8032":"b","8033":"u","8034":"t","8035":"t","8036":"o","8037":"n","8038":"\\","8039":"\"","8040":" ","8041":":","8042":"v","8043":"a","8044":"l","8045":"u","8046":"e","8047":"=","8048":"\\","8049":"\"","8050":"d","8051":"a","8052":"y","8053":"O","8054":"p","8055":"t","8056":"i","8057":"o","8058":"n","8059":".","8060":"v","8061":"a","8062":"l","8063":"u","8064":"e","8065":"\\","8066":"\"","8067":" ","8068":" ","8069":"c","8070":"l","8071":"a","8072":"s","8073":"s","8074":"=","8075":"\\","8076":"\"","8077":" ","8078":"c","8079":"a","8080":"l","8081":"e","8082":"n","8083":"d","8084":"a","8085":"r","8086":"-","8087":"s","8088":"i","8089":"d","8090":"e","8091":"B","8092":"a","8093":"r","8094":"_","8095":"_","8096":"i","8097":"n","8098":"p","8099":"u","8100":"t","8101":"\\","8102":"\"","8103":"\\","8104":"n","8105":" ","8106":" ","8107":" ","8108":" ","8109":" ","8110":" ","8111":" ","8112":" ","8113":" ","8114":" ","8115":" ","8116":" ","8117":"@","8118":"m","8119":"o","8120":"u","8121":"s","8122":"e","8123":"o","8124":"v","8125":"e","8126":"r","8127":"=","8128":"\\","8129":"\"","8130":"h","8131":"o","8132":"v","8133":"e","8134":"r","8135":" ","8136":"=","8137":" ","8138":"t","8139":"r","8140":"u","8141":"e","8142":"\\","8143":"\"","8144":" ","8145":"@","8146":"m","8147":"o","8148":"u","8149":"s","8150":"e","8151":"l","8152":"e","8153":"a","8154":"v","8155":"e","8156":"=","8157":"\\","8158":"\"","8159":"h","8160":"o","8161":"v","8162":"e","8163":"r","8164":"=","8165":"f","8166":"a","8167":"l","8168":"s","8169":"e","8170":"\\","8171":"\"","8172":">","8173":"<","8174":"/","8175":"l","8176":"i","8177":">","8178":"\\","8179":"n","8180":" ","8181":" ","8182":" ","8183":" ","8184":" ","8185":" ","8186":" ","8187":" ","8188":"<","8189":"/","8190":"u","8191":"l","8192":">","8193":"\\","8194":"n","8195":"\\","8196":"n","8197":" ","8198":" ","8199":" ","8200":" ","8201":" ","8202":" ","8203":" ","8204":" ","8205":"<","8206":"u","8207":"l","8208":" ","8209":"v","8210":"-","8211":"e","8212":"l","8213":"s","8214":"e","8215":" ","8216":"c","8217":"l","8218":"a","8219":"s","8220":"s","8221":"=","8222":"\\","8223":"\"","8224":"c","8225":"a","8226":"l","8227":"e","8228":"n","8229":"d","8230":"a","8231":"r","8232":"-","8233":"s","8234":"i","8235":"d","8236":"e","8237":"B","8238":"a","8239":"r","8240":"_","8241":"_","8242":"c","8243":"o","8244":"n","8245":"t","8246":"e","8247":"n","8248":"t","8249":"\\","8250":"\"","8251":">","8252":"\\","8253":"n","8254":" ","8255":" ","8256":" ","8257":" ","8258":" ","8259":" ","8260":" ","8261":" ","8262":" ","8263":" ","8264":" ","8265":" ","8266":"<","8267":"l","8268":"i","8269":" ","8270":"v","8271":"-","8272":"f","8273":"o","8274":"r","8275":"=","8276":"\\","8277":"\"","8278":"(","8279":"m","8280":"o","8281":"n","8282":"t","8283":"h","8284":"O","8285":"p","8286":"t","8287":"i","8288":"o","8289":"n","8290":",","8291":" ","8292":"i","8293":"n","8294":"d","8295":"e","8296":"x","8297":")","8298":" ","8299":"i","8300":"n","8301":" ","8302":"m","8303":"o","8304":"n","8305":"t","8306":"h","8307":"s","8308":"O","8309":"p","8310":"t","8311":"i","8312":"o","8313":"n","8314":"s","8315":"\\","8316":"\"","8317":" ","8318":":","8319":"k","8320":"e","8321":"y","8322":"=","8323":"\\","8324":"\"","8325":"i","8326":"n","8327":"d","8328":"e","8329":"x","8330":"\\","8331":"\"","8332":"\\","8333":"n","8334":" ","8335":" ","8336":" ","8337":" ","8338":" ","8339":" ","8340":" ","8341":" ","8342":" ","8343":" ","8344":" ","8345":" ","8346":" ","8347":" ","8348":" ","8349":" ","8350":":","8351":"c","8352":"l","8353":"a","8354":"s","8355":"s","8356":"=","8357":"\\","8358":"\"","8359":"g","8360":"e","8361":"t","8362":"O","8363":"p","8364":"t","8365":"i","8366":"o","8367":"n","8368":"C","8369":"l","8370":"a","8371":"s","8372":"s","8373":"(","8374":"m","8375":"o","8376":"n","8377":"t","8378":"h","8379":"O","8380":"p","8381":"t","8382":"i","8383":"o","8384":"n","8385":".","8386":"k","8387":"e","8388":"y","8389":")","8390":"\\","8391":"\"","8392":" ","8393":"c","8394":"l","8395":"a","8396":"s","8397":"s","8398":"=","8399":"\\","8400":"\"","8401":"c","8402":"a","8403":"l","8404":"e","8405":"n","8406":"d","8407":"a","8408":"r","8409":"-","8410":"s","8411":"i","8412":"d","8413":"e","8414":"B","8415":"a","8416":"r","8417":"_","8418":"_","8419":"i","8420":"t","8421":"e","8422":"m","8423":"\\","8424":"\"","8425":" ","8426":"\\","8427":"n","8428":" ","8429":" ","8430":" ","8431":" ","8432":" ","8433":" ","8434":" ","8435":" ","8436":" ","8437":" ","8438":" ","8439":" ","8440":" ","8441":" ","8442":" ","8443":" ","8444":"@","8445":"c","8446":"l","8447":"i","8448":"c","8449":"k","8450":"=","8451":"\\","8452":"\"","8453":"h","8454":"a","8455":"n","8456":"d","8457":"l","8458":"e","8459":"O","8460":"p","8461":"t","8462":"i","8463":"o","8464":"n","8465":"C","8466":"l","8467":"i","8468":"c","8469":"k","8470":"(","8471":"m","8472":"o","8473":"n","8474":"t","8475":"h","8476":"O","8477":"p","8478":"t","8479":"i","8480":"o","8481":"n","8482":".","8483":"k","8484":"e","8485":"y","8486":")","8487":"\\","8488":"\"","8489":"\\","8490":"n","8491":" ","8492":" ","8493":" ","8494":" ","8495":" ","8496":" ","8497":" ","8498":" ","8499":" ","8500":" ","8501":" ","8502":" ","8503":" ","8504":" ","8505":" ","8506":" ","8507":"d","8508":"a","8509":"t","8510":"a","8511":"-","8512":"t","8513":"e","8514":"s","8515":"t","8516":"=","8517":"\\","8518":"\"","8519":"o","8520":"p","8521":"t","8522":"i","8523":"o","8524":"n","8525":"E","8526":"l","8527":"e","8528":"m","8529":"e","8530":"n","8531":"t","8532":"\\","8533":"\"","8534":" ","8535":">","8536":"\\","8537":"n","8538":" ","8539":" ","8540":" ","8541":" ","8542":" ","8543":" ","8544":" ","8545":" ","8546":" ","8547":" ","8548":" ","8549":" ","8550":"<","8551":"i","8552":"n","8553":"p","8554":"u","8555":"t","8556":" ","8557":" ","8558":"t","8559":"y","8560":"p","8561":"e","8562":"=","8563":"\\","8564":"\"","8565":"b","8566":"u","8567":"t","8568":"t","8569":"o","8570":"n","8571":"\\","8572":"\"","8573":" ","8574":":","8575":"v","8576":"a","8577":"l","8578":"u","8579":"e","8580":"=","8581":"\\","8582":"\"","8583":"m","8584":"o","8585":"n","8586":"t","8587":"h","8588":"O","8589":"p","8590":"t","8591":"i","8592":"o","8593":"n","8594":".","8595":"v","8596":"a","8597":"l","8598":"u","8599":"e","8600":"\\","8601":"\"","8602":" ","8603":" ","8604":"c","8605":"l","8606":"a","8607":"s","8608":"s","8609":"=","8610":"\\","8611":"\"","8612":" ","8613":"c","8614":"a","8615":"l","8616":"e","8617":"n","8618":"d","8619":"a","8620":"r","8621":"-","8622":"s","8623":"i","8624":"d","8625":"e","8626":"B","8627":"a","8628":"r","8629":"_","8630":"_","8631":"i","8632":"n","8633":"p","8634":"u","8635":"t","8636":" ","8637":"\\","8638":"\"","8639":">","8640":"<","8641":"/","8642":"l","8643":"i","8644":">","8645":"\\","8646":"n","8647":" ","8648":" ","8649":" ","8650":" ","8651":" ","8652":" ","8653":" ","8654":" ","8655":"<","8656":"/","8657":"u","8658":"l","8659":">","8660":"\\","8661":"n","8662":" ","8663":" ","8664":" ","8665":" ","8666":" ","8667":" ","8668":" ","8669":" ","8670":" ","8671":" ","8672":" ","8673":" ","8674":" ","8675":" ","8676":" ","8677":" ","8678":"\\","8679":"n","8680":" ","8681":" ","8682":" ","8683":" ","8684":"<","8685":"/","8686":"d","8687":"i","8688":"v","8689":">","8690":"\\","8691":"n","8692":"\\","8693":"n","8694":"\\","8695":"n","8696":"<","8697":"/","8698":"t","8699":"e","8700":"m","8701":"p","8702":"l","8703":"a","8704":"t","8705":"e","8706":">","8707":"\\","8708":"n","8709":"\\","8710":"n","8711":"\\","8712":"n","8713":"<","8714":"s","8715":"t","8716":"y","8717":"l","8718":"e","8719":" ","8720":"s","8721":"c","8722":"o","8723":"p","8724":"e","8725":"d","8726":" ","8727":"l","8728":"a","8729":"n","8730":"g","8731":"=","8732":"\\","8733":"\"","8734":"s","8735":"c","8736":"s","8737":"s","8738":"\\","8739":"\"","8740":">","8741":"\\","8742":"n","8743":" ","8744":" ","8745":" ","8746":" ","8747":".","8748":"c","8749":"a","8750":"l","8751":"e","8752":"n","8753":"d","8754":"a","8755":"r","8756":"-","8757":"s","8758":"i","8759":"d","8760":"e","8761":"B","8762":"a","8763":"r","8764":" ","8765":"{","8766":"\\","8767":"n","8768":" ","8769":" ","8770":" ","8771":" ","8772":" ","8773":" ","8774":" ","8775":"p","8776":"a","8777":"d","8778":"d","8779":"i","8780":"n","8781":"g","8782":":","8783":" ","8784":"2","8785":"0","8786":"p","8787":"x","8788":" ","8789":"0","8790":" ","8791":"0","8792":" ","8793":"3","8794":"0","8795":"p","8796":"x","8797":";","8798":"\\","8799":"n","8800":" ","8801":" ","8802":" ","8803":" ","8804":" ","8805":" ","8806":" ","8807":" ","8808":"w","8809":"i","8810":"d","8811":"t","8812":"h","8813":":","8814":" ","8815":"1","8816":"2","8817":"0","8818":"p","8819":"x","8820":";","8821":"\\","8822":"n","8823":" ","8824":" ","8825":" ","8826":" ","8827":" ","8828":" ","8829":" ","8830":" ","8831":"b","8832":"o","8833":"r","8834":"d","8835":"e","8836":"r","8837":"-","8838":"r","8839":"i","8840":"g","8841":"h","8842":"t","8843":":","8844":" ","8845":"1","8846":"p","8847":"x","8848":" ","8849":"s","8850":"o","8851":"l","8852":"i","8853":"d","8854":" ","8855":"r","8856":"g","8857":"b","8858":"(","8859":"2","8860":"1","8861":"8","8862":",","8863":" ","8864":"2","8865":"0","8866":"9","8867":",","8868":" ","8869":"2","8870":"0","8871":"9","8872":")","8873":";","8874":"\\","8875":"n","8876":"\\","8877":"n","8878":" ","8879":" ","8880":" ","8881":" ","8882":" ","8883":" ","8884":" ","8885":" ","8886":"&","8887":"_","8888":"_","8889":"h","8890":"e","8891":"a","8892":"d","8893":"e","8894":"r","8895":" ","8896":"{","8897":" ","8898":"\\","8899":"n","8900":" ","8901":" ","8902":" ","8903":" ","8904":" ","8905":" ","8906":" ","8907":" ","8908":" ","8909":" ","8910":" ","8911":" ","8912":"p","8913":"a","8914":"d","8915":"d","8916":"i","8917":"n","8918":"g","8919":"-","8920":"l","8921":"e","8922":"f","8923":"t","8924":":","8925":" ","8926":"1","8927":"0","8928":"p","8929":"x","8930":";","8931":"\\","8932":"n","8933":" ","8934":" ","8935":" ","8936":" ","8937":" ","8938":" ","8939":" ","8940":" ","8941":" ","8942":" ","8943":" ","8944":" ","8945":"f","8946":"o","8947":"n","8948":"t","8949":"-","8950":"s","8951":"i","8952":"z","8953":"e","8954":":","8955":" ","8956":"1","8957":"0","8958":"p","8959":"x","8960":";","8961":"\\","8962":"n","8963":" ","8964":" ","8965":" ","8966":" ","8967":" ","8968":" ","8969":" ","8970":" ","8971":" ","8972":" ","8973":" ","8974":" ","8975":"c","8976":"o","8977":"l","8978":"o","8979":"r","8980":":","8981":" ","8982":"g","8983":"r","8984":"e","8985":"y","8986":";","8987":"\\","8988":"n","8989":" ","8990":" ","8991":" ","8992":" ","8993":" ","8994":" ","8995":" ","8996":" ","8997":"}","8998":"\\","8999":"n","9000":"\\","9001":"n","9002":" ","9003":" ","9004":" ","9005":" ","9006":" ","9007":" ","9008":" ","9009":" ","9010":"&","9011":"_","9012":"_","9013":"c","9014":"o","9015":"n","9016":"t","9017":"e","9018":"n","9019":"t","9020":" ","9021":"{","9022":"\\","9023":"n","9024":" ","9025":" ","9026":" ","9027":" ","9028":" ","9029":" ","9030":" ","9031":" ","9032":" ","9033":" ","9034":" ","9035":" ","9036":"l","9037":"i","9038":"s","9039":"t","9040":"-","9041":"s","9042":"t","9043":"y","9044":"l","9045":"e","9046":":","9047":" ","9048":"n","9049":"o","9050":"n","9051":"e","9052":";","9053":"\\","9054":"n","9055":" ","9056":" ","9057":" ","9058":" ","9059":" ","9060":" ","9061":" ","9062":" ","9063":" ","9064":" ","9065":" ","9066":" ","9067":"p","9068":"a","9069":"d","9070":"d","9071":"i","9072":"n","9073":"g","9074":":","9075":" ","9076":"0","9077":";","9078":"\\","9079":"n","9080":" ","9081":" ","9082":" ","9083":" ","9084":" ","9085":" ","9086":" ","9087":" ","9088":"}","9089":"\\","9090":"n","9091":"\\","9092":"n","9093":" ","9094":" ","9095":" ","9096":" ","9097":" ","9098":" ","9099":" ","9100":" ","9101":"&","9102":"_","9103":"_","9104":"i","9105":"t","9106":"e","9107":"m","9108":" ","9109":"{","9110":"\\","9111":"n","9112":" ","9113":" ","9114":" ","9115":" ","9116":" ","9117":" ","9118":" ","9119":" ","9120":" ","9121":" ","9122":" ","9123":" ","9124":"c","9125":"u","9126":"r","9127":"s","9128":"o","9129":"r","9130":":","9131":" ","9132":"p","9133":"o","9134":"i","9135":"n","9136":"t","9137":"e","9138":"r","9139":";","9140":"\\","9141":"n","9142":" ","9143":" ","9144":" ","9145":" ","9146":" ","9147":" ","9148":" ","9149":" ","9150":" ","9151":" ","9152":" ","9153":" ","9154":"b","9155":"o","9156":"r","9157":"d","9158":"e","9159":"r","9160":":","9161":" ","9162":"n","9163":"o","9164":"n","9165":"e","9166":";","9167":"\\","9168":"n","9169":" ","9170":" ","9171":" ","9172":" ","9173":" ","9174":" ","9175":" ","9176":" ","9177":" ","9178":" ","9179":" ","9180":" ","9181":"b","9182":"a","9183":"c","9184":"k","9185":"g","9186":"r","9187":"o","9188":"u","9189":"n","9190":"d","9191":":","9192":" ","9193":"n","9194":"o","9195":"n","9196":"e","9197":";","9198":"\\","9199":"n","9200":" ","9201":" ","9202":" ","9203":" ","9204":" ","9205":" ","9206":" ","9207":" ","9208":" ","9209":" ","9210":" ","9211":" ","9212":"w","9213":"i","9214":"d","9215":"t","9216":"h","9217":":","9218":" ","9219":"1","9220":"0","9221":"0","9222":"p","9223":"x","9224":";","9225":"\\","9226":"n","9227":" ","9228":" ","9229":" ","9230":" ","9231":" ","9232":" ","9233":" ","9234":" ","9235":" ","9236":" ","9237":" ","9238":" ","9239":"p","9240":"a","9241":"d","9242":"d","9243":"i","9244":"n","9245":"g","9246":"-","9247":"b","9248":"o","9249":"t","9250":"t","9251":"o","9252":"m","9253":":","9254":" ","9255":"1","9256":"0","9257":"p","9258":"x","9259":";","9260":" ","9261":" ","9262":"\\","9263":"n","9264":"\\","9265":"n","9266":" ","9267":" ","9268":" ","9269":" ","9270":" ","9271":" ","9272":" ","9273":" ","9274":" ","9275":" ","9276":" ","9277":" ","9278":"&","9279":":","9280":"h","9281":"o","9282":"v","9283":"e","9284":"r","9285":" ","9286":"{","9287":"\\","9288":"n","9289":" ","9290":" ","9291":" ","9292":" ","9293":" ","9294":" ","9295":" ","9296":" ","9297":" ","9298":" ","9299":" ","9300":" ","9301":" ","9302":" ","9303":" ","9304":" ","9305":"b","9306":"a","9307":"c","9308":"k","9309":"g","9310":"r","9311":"o","9312":"u","9313":"n","9314":"d","9315":"-","9316":"c","9317":"o","9318":"l","9319":"o","9320":"r","9321":":","9322":" ","9323":"r","9324":"g","9325":"b","9326":"(","9327":"2","9328":"1","9329":"1","9330":",","9331":" ","9332":"1","9333":"9","9334":"7","9335":",","9336":" ","9337":"1","9338":"9","9339":"7","9340":")","9341":";","9342":"\\","9343":"n","9344":" ","9345":" ","9346":" ","9347":" ","9348":" ","9349":" ","9350":" ","9351":" ","9352":" ","9353":" ","9354":" ","9355":" ","9356":"}","9357":"\\","9358":"n","9359":"\\","9360":"n","9361":" ","9362":" ","9363":" ","9364":" ","9365":" ","9366":" ","9367":" ","9368":" ","9369":" ","9370":" ","9371":" ","9372":" ","9373":"&","9374":"_","9375":"s","9376":"e","9377":"l","9378":"e","9379":"c","9380":"t","9381":"e","9382":"d","9383":" ","9384":"{","9385":"\\","9386":"n","9387":" ","9388":" ","9389":" ","9390":" ","9391":" ","9392":" ","9393":" ","9394":" ","9395":" ","9396":" ","9397":" ","9398":" ","9399":" ","9400":" ","9401":" ","9402":" ","9403":"b","9404":"a","9405":"c","9406":"k","9407":"g","9408":"r","9409":"o","9410":"u","9411":"n","9412":"d","9413":"-","9414":"c","9415":"o","9416":"l","9417":"o","9418":"r","9419":":","9420":" ","9421":"b","9422":"l","9423":"u","9424":"e","9425":"v","9426":"i","9427":"o","9428":"l","9429":"e","9430":"t","9431":";","9432":"\\","9433":"n","9434":" ","9435":" ","9436":" ","9437":" ","9438":" ","9439":" ","9440":" ","9441":" ","9442":" ","9443":" ","9444":" ","9445":" ","9446":" ","9447":" ","9448":" ","9449":" ","9450":"c","9451":"o","9452":"l","9453":"o","9454":"r","9455":":","9456":" ","9457":"w","9458":"h","9459":"i","9460":"t","9461":"e","9462":";","9463":"\\","9464":"n","9465":" ","9466":" ","9467":" ","9468":" ","9469":" ","9470":" ","9471":" ","9472":" ","9473":" ","9474":" ","9475":" ","9476":" ","9477":"}","9478":"\\","9479":"n","9480":" ","9481":" ","9482":" ","9483":" ","9484":" ","9485":" ","9486":" ","9487":" ","9488":"}","9489":"\\","9490":"n","9491":"\\","9492":"n","9493":" ","9494":" ","9495":" ","9496":" ","9497":" ","9498":" ","9499":" ","9500":" ","9501":"&","9502":"_","9503":"_","9504":"i","9505":"n","9506":"p","9507":"u","9508":"t","9509":" ","9510":"{","9511":"\\","9512":"n","9513":" ","9514":" ","9515":" ","9516":" ","9517":" ","9518":" ","9519":" ","9520":" ","9521":" ","9522":" ","9523":" ","9524":" ","9525":"c","9526":"u","9527":"r","9528":"s","9529":"o","9530":"r","9531":":","9532":" ","9533":"p","9534":"o","9535":"i","9536":"n","9537":"t","9538":"e","9539":"r","9540":";","9541":"\\","9542":"n","9543":" ","9544":" ","9545":" ","9546":" ","9547":" ","9548":" ","9549":" ","9550":" ","9551":" ","9552":" ","9553":" ","9554":" ","9555":"b","9556":"a","9557":"c","9558":"k","9559":"g","9560":"r","9561":"o","9562":"u","9563":"n","9564":"d","9565":":","9566":" ","9567":"n","9568":"o","9569":"n","9570":"e","9571":";","9572":"\\","9573":"n","9574":" ","9575":" ","9576":" ","9577":" ","9578":" ","9579":" ","9580":" ","9581":" ","9582":" ","9583":" ","9584":" ","9585":" ","9586":"b","9587":"o","9588":"r","9589":"d","9590":"e","9591":"r","9592":":","9593":" ","9594":"n","9595":"o","9596":"n","9597":"e","9598":";","9599":"\\","9600":"n","9601":" ","9602":" ","9603":" ","9604":" ","9605":" ","9606":" ","9607":" ","9608":" ","9609":"}","9610":"\\","9611":"n","9612":" ","9613":" ","9614":" ","9615":" ","9616":"}","9617":"\\","9618":"n","9619":"\\","9620":"n","9621":"<","9622":"/","9623":"s","9624":"t","9625":"y","9626":"l","9627":"e","9628":">","9629":"\"","9630":"]","9631":"}"},"_coverageSchema":"1a1c01bbd47fc00a2c39e90264f33305004495a9","hash":"b1712f55ec686a8558895505c354611bbed4f66e"}
,"/home/opentechdev/Work/vite-project/src/components/index.ts": {"path":"/home/opentechdev/Work/vite-project/src/components/index.ts","statementMap":{"0":{"start":{"line":1,"column":0},"end":{"line":1,"column":7}},"1":{"start":{"line":9,"column":4},"end":{"line":1,"column":53}},"2":{"start":{"line":2,"column":0},"end":{"line":2,"column":7}},"3":{"start":{"line":10,"column":4},"end":{"line":2,"column":45}},"4":{"start":{"line":3,"column":0},"end":{"line":3,"column":7}},"5":{"start":{"line":11,"column":4},"end":{"line":3,"column":39}},"6":{"start":{"line":4,"column":0},"end":{"line":4,"column":7}},"7":{"start":{"line":12,"column":4},"end":{"line":4,"column":47}},"8":{"start":{"line":5,"column":0},"end":{"line":5,"column":7}},"9":{"start":{"line":13,"column":4},"end":{"line":5,"column":33}},"10":{"start":{"line":6,"column":0},"end":{"line":6,"column":7}},"11":{"start":{"line":14,"column":4},"end":{"line":6,"column":35}}},"fnMap":{},"branchMap":{},"s":{"0":6,"1":6,"2":6,"3":6,"4":6,"5":6,"6":6,"7":6,"8":6,"9":6,"10":6,"11":6},"f":{},"b":{}}
}
