TN:
SF:src/utils.ts
FN:13,getMonths
FN:23,getAllDaysInMonth
FN:46,formatDateFull
FN:70,formatDateTitle
FN:84,isSameDay
FN:89,getDateFixedToDay
FN:93,isBeforeDay
FN:97,isAfterDay
FN:101,isAfterMonth
FN:105,isSameMonth
FN:110,isBeforeMonth
FN:114,isSameDate
FNF:12
FNH:12
FNDA:1,getMonths
FNDA:2,getAllDaysInMonth
FNDA:1,formatDateFull
FNDA:3,formatDateTitle
FNDA:207,isSameDay
FNDA:190,getDateFixedToDay
FNDA:27,isBeforeDay
FNDA:68,isAfterDay
FNDA:1,isAfterMonth
FNDA:1,isSameMonth
FNDA:1,isBeforeMonth
FNDA:4,isSameDate
DA:1,2
DA:3,2
DA:13,2
DA:14,1
DA:16,1
DA:18,1
DA:23,2
DA:25,2
DA:26,2
DA:28,2
DA:29,2
DA:30,2
DA:34,2
DA:36,2
DA:37,70
DA:38,70
DA:41,2
DA:46,2
DA:47,1
DA:48,1
DA:52,1
DA:53,1
DA:54,1
DA:56,1
DA:58,1
DA:59,0
DA:60,0
DA:62,0
DA:67,1
DA:70,2
DA:71,3
DA:72,3
DA:74,3
DA:76,3
DA:77,3
DA:78,3
DA:80,3
DA:84,2
DA:85,207
DA:90,190
DA:93,2
DA:94,27
DA:97,2
DA:98,68
DA:101,2
DA:102,1
DA:105,2
DA:106,1
DA:110,2
DA:111,1
DA:114,2
DA:115,4
DA:116,4
DA:117,4
DA:118,4
DA:120,4
DA:122,1
DA:124,1
DA:126,1
DA:128,1
LF:60
LH:57
BRDA:46,0,0,0
BRDA:58,1,0,0
BRDA:62,2,0,0
BRDA:62,2,1,0
BRDA:62,3,0,0
BRDA:62,3,1,0
BRDA:70,4,0,3
BRDA:85,5,0,207
BRDA:85,5,1,206
BRDA:85,5,2,176
BRDA:114,6,0,1
BRDA:120,7,0,1
BRDA:120,7,1,1
BRDA:120,7,2,1
BRDA:120,7,3,1
BRDA:122,8,0,1
BRDA:122,8,1,0
BRDA:122,8,2,0
BRDA:124,9,0,1
BRDA:124,9,1,1
BRF:20
BRH:12
end_of_record
TN:
SF:src/components/CalendartsWrapper.vue
FN:3,(anonymous_0)
FN:28,(anonymous_1)
FN:34,updateDate
FN:37,updateInterval
FN:40,handleMouseUp
FN:45,handleMouseDown
FN:53,handleMouseEnterDay
FN:60,(anonymous_7)
FN:69,handleMouseEnterMonth
FN:76,(anonymous_9)
FN:117,render
FN:128,(anonymous_11)
FN:129,(anonymous_12)
FN:140,(anonymous_13)
FN:141,(anonymous_14)
FN:151,(anonymous_15)
FN:152,(anonymous_16)
FN:161,(anonymous_17)
FN:162,(anonymous_18)
FNF:19
FNH:3
FNDA:2,(anonymous_0)
FNDA:1,(anonymous_1)
FNDA:0,updateDate
FNDA:0,updateInterval
FNDA:0,handleMouseUp
FNDA:0,handleMouseDown
FNDA:0,handleMouseEnterDay
FNDA:0,(anonymous_7)
FNDA:0,handleMouseEnterMonth
FNDA:0,(anonymous_9)
FNDA:1,render
FNDA:0,(anonymous_11)
FNDA:0,(anonymous_12)
FNDA:0,(anonymous_13)
FNDA:0,(anonymous_14)
FNDA:0,(anonymous_15)
FNDA:0,(anonymous_16)
FNDA:0,(anonymous_17)
FNDA:0,(anonymous_18)
DA:3,1
DA:4,2
DA:8,1
DA:11,1
DA:12,1
DA:13,1
DA:14,1
DA:15,1
DA:29,1
DA:30,1
DA:31,1
DA:32,1
DA:33,1
DA:35,0
DA:38,0
DA:41,0
DA:42,0
DA:43,0
DA:46,0
DA:50,0
DA:51,0
DA:54,0
DA:55,0
DA:56,0
DA:57,0
DA:58,0
DA:59,0
DA:60,0
DA:61,0
DA:64,0
DA:70,0
DA:71,0
DA:72,0
DA:73,0
DA:74,0
DA:75,0
DA:76,0
DA:77,0
DA:80,0
DA:85,1
DA:98,1
DA:102,1
DA:106,1
DA:107,1
DA:108,1
DA:109,1
DA:113,1
DA:118,1
DA:128,0
DA:129,0
DA:140,0
DA:141,0
DA:151,0
DA:152,0
DA:161,0
DA:162,0
DA:170,1
DA:171,1
LF:58
LH:24
BRDA:3,0,0,1
BRDA:3,0,1,1
BRDA:3,0,2,1
BRDA:4,1,0,2
BRDA:4,1,1,0
BRDA:4,2,0,2
BRDA:4,2,1,2
BRDA:54,3,0,0
BRDA:54,3,1,0
BRDA:55,4,0,0
BRDA:55,4,1,0
BRDA:56,5,0,0
BRDA:56,5,1,0
BRDA:58,6,0,0
BRDA:58,6,1,0
BRDA:70,7,0,0
BRDA:70,7,1,0
BRDA:71,8,0,0
BRDA:71,8,1,0
BRDA:72,9,0,0
BRDA:72,9,1,0
BRDA:75,10,0,0
BRDA:75,10,1,0
BRDA:119,11,0,1
BRDA:119,11,1,0
BRDA:128,12,0,1
BRDA:128,12,1,1
BRDA:129,13,0,1
BRDA:129,13,1,1
BRDA:140,14,0,1
BRDA:140,14,1,1
BRDA:141,15,0,1
BRDA:141,15,1,1
BRDA:151,16,0,0
BRDA:151,16,1,0
BRDA:152,17,0,0
BRDA:152,17,1,0
BRDA:161,18,0,0
BRDA:161,18,1,0
BRDA:162,19,0,0
BRDA:162,19,1,0
BRF:41
BRH:15
end_of_record
TN:
SF:src/components/DateCalendar.vue
FN:25,(anonymous_0)
FN:31,(anonymous_1)
FN:34,(anonymous_2)
FN:37,isRangeBoundary
FN:40,isInRange
FN:43,getDateClasses
FN:55,(anonymous_6)
FN:58,mouseEnter
FN:93,render
FN:101,(anonymous_9)
FN:108,(anonymous_10)
FN:115,(anonymous_11)
FN:120,(anonymous_12)
FN:123,(anonymous_13)
FN:124,(anonymous_14)
FN:125,(anonymous_15)
FNF:16
FNH:9
FNDA:2,(anonymous_0)
FNDA:2,(anonymous_1)
FNDA:2,(anonymous_2)
FNDA:70,isRangeBoundary
FNDA:68,isInRange
FNDA:70,getDateClasses
FNDA:0,(anonymous_6)
FNDA:0,mouseEnter
FNDA:2,render
FNDA:0,(anonymous_9)
FNDA:0,(anonymous_10)
FNDA:14,(anonymous_11)
FNDA:70,(anonymous_12)
FNDA:0,(anonymous_13)
FNDA:0,(anonymous_14)
FNDA:0,(anonymous_15)
DA:3,1
DA:6,1
DA:7,1
DA:8,1
DA:9,1
DA:10,1
DA:26,2
DA:27,2
DA:28,2
DA:29,2
DA:30,2
DA:31,2
DA:32,2
DA:34,2
DA:35,2
DA:38,70
DA:41,68
DA:45,70
DA:46,70
DA:47,2
DA:49,68
DA:55,2
DA:56,0
DA:59,0
DA:61,2
DA:73,2
DA:77,2
DA:81,1
DA:82,1
DA:83,1
DA:84,1
DA:85,1
DA:86,1
DA:87,1
DA:88,1
DA:89,1
DA:90,1
DA:91,1
DA:92,1
DA:94,2
DA:101,0
DA:108,0
DA:116,14
DA:121,70
DA:123,0
DA:124,0
DA:125,0
DA:133,1
DA:134,1
LF:49
LH:42
BRDA:38,0,0,70
BRDA:38,0,1,68
BRDA:41,1,0,68
BRDA:41,1,1,26
BRDA:46,2,0,2
BRDA:46,2,1,68
BRDA:50,3,0,0
BRDA:50,3,1,68
BRDA:50,4,0,68
BRDA:50,4,1,68
BRDA:97,5,0,1
BRDA:97,5,1,1
BRDA:101,6,0,1
BRDA:101,6,1,1
BRDA:104,7,0,1
BRDA:104,7,1,1
BRDA:108,8,0,1
BRDA:108,8,1,1
BRF:18
BRH:17
end_of_record
TN:
SF:src/components/MonthCalendar.vue
FN:20,(anonymous_0)
FN:27,isRangeBoundaryMonth
FN:30,isInRangeMonth
FN:33,getMonthClasses
FN:46,(anonymous_4)
FN:52,mouseDown
FN:58,mouseEnter
FN:94,render
FN:103,(anonymous_8)
FN:110,(anonymous_9)
FN:117,(anonymous_10)
FN:119,(anonymous_11)
FN:120,(anonymous_12)
FN:122,(anonymous_13)
FNF:14
FNH:0
FNDA:0,(anonymous_0)
FNDA:0,isRangeBoundaryMonth
FNDA:0,isInRangeMonth
FNDA:0,getMonthClasses
FNDA:0,(anonymous_4)
FNDA:0,mouseDown
FNDA:0,mouseEnter
FNDA:0,render
FNDA:0,(anonymous_8)
FNDA:0,(anonymous_9)
FNDA:0,(anonymous_10)
FNDA:0,(anonymous_11)
FNDA:0,(anonymous_12)
FNDA:0,(anonymous_13)
DA:3,1
DA:6,1
DA:7,1
DA:8,1
DA:21,0
DA:22,0
DA:23,0
DA:24,0
DA:25,0
DA:26,0
DA:28,0
DA:31,0
DA:34,0
DA:35,0
DA:36,0
DA:37,0
DA:38,0
DA:39,0
DA:41,0
DA:46,0
DA:47,0
DA:48,0
DA:49,0
DA:50,0
DA:53,0
DA:54,0
DA:55,0
DA:56,0
DA:59,0
DA:60,0
DA:61,0
DA:62,0
DA:63,0
DA:66,0
DA:77,0
DA:81,0
DA:85,1
DA:86,1
DA:87,1
DA:88,1
DA:89,1
DA:90,1
DA:91,1
DA:92,1
DA:93,1
DA:96,0
DA:103,0
DA:110,0
DA:118,0
DA:119,0
DA:120,0
DA:122,0
DA:130,1
DA:131,1
LF:54
LH:15
BRDA:28,0,0,0
BRDA:28,0,1,0
BRDA:31,1,0,0
BRDA:31,1,1,0
BRDA:38,2,0,0
BRDA:38,2,1,0
BRDA:62,3,0,0
BRDA:62,3,1,0
BRDA:99,4,0,0
BRDA:99,4,1,0
BRDA:103,5,0,0
BRDA:103,5,1,0
BRDA:106,6,0,0
BRDA:106,6,1,0
BRDA:110,7,0,0
BRDA:110,7,1,0
BRDA:115,8,0,0
BRDA:115,8,1,0
BRDA:115,9,0,0
BRDA:115,9,1,0
BRF:20
BRH:0
end_of_record
TN:
SF:src/components/index.ts
FNF:0
FNH:0
DA:1,1
DA:4,1
LF:2
LH:2
BRF:0
BRH:0
end_of_record
