TN:
SF:src/utils.ts
FN:13,getMonths
FN:23,getAllDaysInMonth
FN:46,formatDateFull
FN:70,formatDateTitle
FN:84,isSameDay
FN:89,getDateFixedToDay
FN:93,isBeforeDay
FN:97,isAfterDay
FN:101,isAfterMonth
FN:105,isSameMonth
FN:110,isBeforeMonth
FN:114,isSameDate
FNF:12
FNH:12
FNDA:2,getMonths
FNDA:3,getAllDaysInMonth
FNDA:3,formatDateFull
FNDA:4,formatDateTitle
FNDA:535,isSameDay
FNDA:460,getDateFixedToDay
FNDA:56,isBeforeDay
FNDA:174,isAfterDay
FNDA:61,isAfterMonth
FNDA:184,isSameMonth
FNDA:12,isBeforeMonth
FNDA:4,isSameDate
DA:1,5
DA:3,5
DA:13,5
DA:14,2
DA:16,2
DA:18,2
DA:23,5
DA:25,3
DA:26,3
DA:28,3
DA:29,3
DA:30,3
DA:34,3
DA:36,3
DA:37,105
DA:38,105
DA:41,3
DA:46,5
DA:47,3
DA:48,3
DA:52,3
DA:53,3
DA:54,3
DA:56,3
DA:58,3
DA:59,2
DA:60,2
DA:62,2
DA:67,1
DA:70,5
DA:71,4
DA:72,4
DA:74,4
DA:76,4
DA:77,4
DA:78,4
DA:80,4
DA:84,5
DA:85,535
DA:90,460
DA:93,5
DA:94,56
DA:97,5
DA:98,174
DA:101,5
DA:102,61
DA:105,5
DA:106,184
DA:110,5
DA:111,12
DA:114,5
DA:115,4
DA:116,4
DA:117,4
DA:118,4
DA:120,4
DA:122,1
DA:124,1
DA:126,1
DA:128,1
LF:60
LH:60
BRDA:46,0,0,0
BRDA:58,1,0,2
BRDA:62,2,0,1
BRDA:62,2,1,1
BRDA:62,3,0,2
BRDA:62,3,1,1
BRDA:70,4,0,4
BRDA:85,5,0,535
BRDA:85,5,1,534
BRDA:85,5,2,456
BRDA:114,6,0,1
BRDA:120,7,0,1
BRDA:120,7,1,1
BRDA:120,7,2,1
BRDA:120,7,3,1
BRDA:122,8,0,1
BRDA:122,8,1,1
BRDA:122,8,2,1
BRDA:124,9,0,1
BRDA:124,9,1,1
BRF:20
BRH:19
end_of_record
TN:
SF:src/components/CalendarsWrapper.vue
FN:3,(anonymous_0)
FN:28,(anonymous_1)
FN:34,updateDate
FN:37,updateInterval
FN:40,handleMouseUp
FN:45,handleMouseDown
FN:53,handleMouseEnterDay
FN:60,(anonymous_7)
FN:69,handleMouseEnterMonth
FN:76,(anonymous_9)
FN:117,render
FN:129,(anonymous_11)
FN:130,(anonymous_12)
FN:141,(anonymous_13)
FN:142,(anonymous_14)
FN:152,(anonymous_15)
FN:153,(anonymous_16)
FN:162,(anonymous_17)
FN:163,(anonymous_18)
FNF:19
FNH:3
FNDA:8,(anonymous_0)
FNDA:1,(anonymous_1)
FNDA:0,updateDate
FNDA:0,updateInterval
FNDA:0,handleMouseUp
FNDA:0,handleMouseDown
FNDA:0,handleMouseEnterDay
FNDA:0,(anonymous_7)
FNDA:0,handleMouseEnterMonth
FNDA:0,(anonymous_9)
FNDA:1,render
FNDA:0,(anonymous_11)
FNDA:0,(anonymous_12)
FNDA:0,(anonymous_13)
FNDA:0,(anonymous_14)
FNDA:0,(anonymous_15)
FNDA:0,(anonymous_16)
FNDA:0,(anonymous_17)
FNDA:0,(anonymous_18)
DA:3,4
DA:4,8
DA:8,4
DA:11,4
DA:12,4
DA:13,4
DA:14,4
DA:15,4
DA:29,1
DA:30,1
DA:31,1
DA:32,1
DA:33,1
DA:35,0
DA:38,0
DA:41,0
DA:42,0
DA:43,0
DA:46,0
DA:50,0
DA:51,0
DA:54,0
DA:55,0
DA:56,0
DA:57,0
DA:58,0
DA:59,0
DA:60,0
DA:61,0
DA:64,0
DA:70,0
DA:71,0
DA:72,0
DA:73,0
DA:74,0
DA:75,0
DA:76,0
DA:77,0
DA:80,0
DA:85,1
DA:98,1
DA:102,1
DA:106,4
DA:107,4
DA:108,4
DA:109,4
DA:113,4
DA:118,1
DA:129,0
DA:130,0
DA:141,0
DA:142,0
DA:152,0
DA:153,0
DA:162,0
DA:163,0
DA:171,4
DA:172,4
LF:58
LH:24
BRDA:3,0,0,4
BRDA:3,0,1,4
BRDA:3,0,2,4
BRDA:4,1,0,8
BRDA:4,1,1,0
BRDA:4,2,0,8
BRDA:4,2,1,8
BRDA:54,3,0,0
BRDA:54,3,1,0
BRDA:55,4,0,0
BRDA:55,4,1,0
BRDA:56,5,0,0
BRDA:56,5,1,0
BRDA:58,6,0,0
BRDA:58,6,1,0
BRDA:70,7,0,0
BRDA:70,7,1,0
BRDA:71,8,0,0
BRDA:71,8,1,0
BRDA:72,9,0,0
BRDA:72,9,1,0
BRDA:75,10,0,0
BRDA:75,10,1,0
BRDA:119,11,0,1
BRDA:119,11,1,0
BRDA:129,12,0,1
BRDA:129,12,1,1
BRDA:130,13,0,1
BRDA:130,13,1,1
BRDA:141,14,0,1
BRDA:141,14,1,1
BRDA:142,15,0,1
BRDA:142,15,1,1
BRDA:152,16,0,0
BRDA:152,16,1,0
BRDA:153,17,0,0
BRDA:153,17,1,0
BRDA:162,18,0,0
BRDA:162,18,1,0
BRDA:163,19,0,0
BRDA:163,19,1,0
BRF:41
BRH:15
end_of_record
TN:
SF:src/components/DateCalendar.vue
FN:28,(anonymous_0)
FN:34,(anonymous_1)
FN:37,(anonymous_2)
FN:40,isRangeBoundary
FN:43,isInRange
FN:46,getDateClasses
FN:60,(anonymous_6)
FN:63,mouseEnter
FN:66,getDate
FN:105,render
FN:114,(anonymous_10)
FN:122,(anonymous_11)
FN:129,(anonymous_12)
FN:134,(anonymous_13)
FN:137,(anonymous_14)
FN:139,(anonymous_15)
FN:140,(anonymous_16)
FNF:17
FNH:17
FNDA:3,(anonymous_0)
FNDA:3,(anonymous_1)
FNDA:3,(anonymous_2)
FNDA:183,isRangeBoundary
FNDA:174,isInRange
FNDA:183,getDateClasses
FNDA:1,(anonymous_6)
FNDA:1,mouseEnter
FNDA:175,getDate
FNDA:5,render
FNDA:1,(anonymous_10)
FNDA:1,(anonymous_11)
FNDA:35,(anonymous_12)
FNDA:175,(anonymous_13)
FNDA:1,(anonymous_14)
FNDA:1,(anonymous_15)
FNDA:1,(anonymous_16)
DA:3,4
DA:6,4
DA:7,4
DA:8,4
DA:9,4
DA:10,4
DA:29,3
DA:30,3
DA:31,3
DA:32,3
DA:33,3
DA:34,3
DA:35,3
DA:37,3
DA:38,3
DA:41,183
DA:44,174
DA:48,183
DA:49,183
DA:50,9
DA:54,174
DA:60,3
DA:61,1
DA:64,1
DA:67,175
DA:69,3
DA:82,3
DA:86,3
DA:90,4
DA:91,4
DA:92,4
DA:93,4
DA:94,4
DA:95,4
DA:96,4
DA:97,4
DA:101,4
DA:102,4
DA:103,4
DA:104,4
DA:106,5
DA:114,1
DA:122,1
DA:130,35
DA:135,175
DA:137,1
DA:139,1
DA:140,1
DA:151,4
DA:152,4
LF:50
LH:50
BRDA:41,0,0,183
BRDA:41,0,1,177
BRDA:44,1,0,174
BRDA:44,1,1,55
BRDA:49,2,0,9
BRDA:49,2,1,174
BRDA:55,3,0,0
BRDA:55,3,1,174
BRDA:55,4,0,174
BRDA:55,4,1,174
BRDA:109,5,0,3
BRDA:109,5,1,2
BRDA:114,6,0,3
BRDA:114,6,1,2
BRDA:117,7,0,2
BRDA:117,7,1,3
BRDA:122,8,0,2
BRDA:122,8,1,2
BRF:18
BRH:17
end_of_record
TN:
SF:src/components/MonthCalendar.vue
FN:23,(anonymous_0)
FN:29,isRangeBoundaryMonth
FN:32,isInRangeMonth
FN:35,getMonthIndex
FN:38,getMonthClasses
FN:53,(anonymous_5)
FN:59,mouseDown
FN:65,mouseEnter
FN:102,render
FN:111,(anonymous_9)
FN:119,(anonymous_10)
FN:126,(anonymous_11)
FN:128,(anonymous_12)
FN:129,(anonymous_13)
FN:130,(anonymous_14)
FNF:15
FNH:15
FNDA:1,(anonymous_0)
FNDA:65,isRangeBoundaryMonth
FNDA:59,isInRangeMonth
FNDA:63,getMonthIndex
FNDA:65,getMonthClasses
FNDA:1,(anonymous_5)
FNDA:1,mouseDown
FNDA:1,mouseEnter
FNDA:5,render
FNDA:1,(anonymous_9)
FNDA:1,(anonymous_10)
FNDA:60,(anonymous_11)
FNDA:1,(anonymous_12)
FNDA:1,(anonymous_13)
FNDA:1,(anonymous_14)
DA:3,4
DA:6,4
DA:7,4
DA:8,4
DA:24,1
DA:25,1
DA:26,1
DA:27,1
DA:28,1
DA:30,65
DA:33,59
DA:36,63
DA:39,65
DA:40,65
DA:41,65
DA:42,65
DA:43,65
DA:44,6
DA:48,59
DA:53,1
DA:54,1
DA:55,1
DA:56,1
DA:57,1
DA:60,1
DA:61,1
DA:62,1
DA:63,1
DA:66,1
DA:67,1
DA:68,1
DA:69,1
DA:70,1
DA:73,1
DA:85,1
DA:89,1
DA:93,4
DA:94,4
DA:95,4
DA:96,4
DA:97,4
DA:98,4
DA:99,4
DA:100,4
DA:101,4
DA:103,5
DA:111,1
DA:119,1
DA:127,60
DA:128,1
DA:129,1
DA:130,1
DA:140,4
DA:141,4
LF:54
LH:54
BRDA:30,0,0,65
BRDA:30,0,1,59
BRDA:33,1,0,59
BRDA:33,1,1,11
BRDA:43,2,0,6
BRDA:43,2,1,59
BRDA:69,3,0,1
BRDA:69,3,1,0
BRDA:106,4,0,2
BRDA:106,4,1,3
BRDA:111,5,0,2
BRDA:111,5,1,1
BRDA:114,6,0,1
BRDA:114,6,1,4
BRDA:119,7,0,1
BRDA:119,7,1,1
BRF:16
BRH:15
end_of_record
TN:
SF:src/components/RadioComp.vue
FN:15,(anonymous_0)
FN:35,render
FN:37,(anonymous_2)
FN:43,(anonymous_3)
FNF:4
FNH:2
FNDA:1,(anonymous_0)
FNDA:1,render
FNDA:0,(anonymous_2)
FNDA:0,(anonymous_3)
DA:3,4
DA:6,4
DA:7,4
DA:16,1
DA:17,1
DA:18,1
DA:19,1
DA:22,1
DA:26,1
DA:30,4
DA:31,4
DA:32,4
DA:33,4
DA:34,4
DA:36,1
DA:38,0
DA:43,0
DA:51,4
DA:52,4
LF:19
LH:17
BRDA:43,0,0,0
BRDA:43,0,1,0
BRF:2
BRH:0
end_of_record
TN:
SF:src/components/index.ts
FNF:0
FNH:0
DA:1,4
DA:2,4
DA:3,4
DA:4,4
DA:7,4
DA:8,4
DA:9,4
DA:10,4
LF:8
LH:8
BRF:0
BRH:0
end_of_record
